#
# A fatal error has been detected by the Java Runtime Environment:
#
#  EXCEPTION_ACCESS_VIOLATION (0xc0000005) at pc=0x00007ff94c751eed, pid=4840, tid=2040
#
# JRE version: OpenJDK Runtime Environment (11.0.12+7) (build 11.0.12+7-b1504.28-7817840)
# Java VM: OpenJDK 64-Bit Server VM (11.0.12+7-b1504.28-7817840, mixed mode, tiered, compressed oops, g1 gc, windows-amd64)
# Problematic frame:
# V  [jvm.dll+0x591eed]
#
# No core dump will be written. Minidumps are not enabled by default on client versions of Windows
#
# If you would like to submit a bug report, please visit:
#   https://bugreport.java.com/bugreport/crash.jsp
#

---------------  S U M M A R Y ------------

Command Line: --add-opens=java.base/java.util=ALL-UNNAMED --add-opens=java.base/java.lang=ALL-UNNAMED --add-opens=java.base/java.lang.invoke=ALL-UNNAMED --add-opens=java.base/java.util=ALL-UNNAMED --add-opens=java.prefs/java.util.prefs=ALL-UNNAMED --add-opens=java.prefs/java.util.prefs=ALL-UNNAMED --add-opens=java.base/java.nio.charset=ALL-UNNAMED --add-opens=java.base/java.net=ALL-UNNAMED --add-opens=java.base/java.util.concurrent.atomic=ALL-UNNAMED -Xmx4g -Dfile.encoding=windows-1251 -Duser.country=RU -Duser.language=ru -Duser.variant org.gradle.launcher.daemon.bootstrap.GradleDaemon 7.0.2

Host: Intel(R) Core(TM) i7-7700HQ CPU @ 2.80GHz, 8 cores, 15G,  Windows 10 , 64 bit Build 19041 (10.0.19041.1706)
Time: Fri May 27 00:17:20 2022 RTZ 2 (зима) elapsed time: 57.520159 seconds (0d 0h 0m 57s)

---------------  T H R E A D  ---------------

Current thread (0x000001f800e3e800):  JavaThread "C2 CompilerThread2" daemon [_thread_in_native, id=2040, stack(0x00000053ace00000,0x00000053acf00000)]


Current CompileTask:
C2:  57520 11029   !   4       java.net.URL::<init> (543 bytes)

Stack: [0x00000053ace00000,0x00000053acf00000],  sp=0x00000053acefc0e0,  free space=1008k
Native frames: (J=compiled Java code, j=interpreted, Vv=VM code, C=native code)
V  [jvm.dll+0x591eed]
V  [jvm.dll+0x58d519]
V  [jvm.dll+0x58d588]
V  [jvm.dll+0x5928ae]
V  [jvm.dll+0x59308f]
V  [jvm.dll+0x591c6e]
V  [jvm.dll+0x2004a2]
V  [jvm.dll+0x1ff794]
V  [jvm.dll+0x18868c]
V  [jvm.dll+0x20e0d7]
V  [jvm.dll+0x20c901]
V  [jvm.dll+0x6f9b7f]
V  [jvm.dll+0x6f26a5]
V  [jvm.dll+0x5fabf6]
C  [ucrtbase.dll+0x21bb2]
C  [KERNEL32.DLL+0x17034]
C  [ntdll.dll+0x52651]


siginfo: EXCEPTION_ACCESS_VIOLATION (0xc0000005), reading address 0x0000000000000000


Register to memory mapping:

RIP=0x00007ff94c751eed jvm.dll
RAX=0x0 is NULL
RBX=0x000001f8006e95e8 points into unknown readable memory: 0x000001f8006e9598 | 98 95 6e 00 f8 01 00 00
RCX=0x000001f800745218 points into unknown readable memory: 0x000001f800744fb8 | b8 4f 74 00 f8 01 00 00
RDX=0x0000000000000004 is an unknown value
RSP=0x00000053acefc0e0 is pointing into the stack for thread: 0x000001f800e3e800
RBP=0x000001f802a693a0 points into unknown readable memory: 0x00007ff94c9b4e90 | 90 4e 9b 4c f9 7f 00 00
RSI=0x000001f8007451d8 points into unknown readable memory: 0x00007ff94c9cafe0 | e0 af 9c 4c f9 7f 00 00
RDI=0x000001f802a690f8 points into unknown readable memory: 0x00007ff94ca2ae50 | 50 ae a2 4c f9 7f 00 00
R8 =0x000001f800744fb8 points into unknown readable memory: 0x00007ff94c9dd718 | 18 d7 9d 4c f9 7f 00 00
R9 =0x000001f8006e8ec8 points into unknown readable memory: 0x00007ff94c9b54c8 | c8 54 9b 4c f9 7f 00 00
R10=0x0000000000000030 is an unknown value
R11=0x00000053acefc140 is pointing into the stack for thread: 0x000001f800e3e800
R12=0x0000000000000001 is an unknown value
R13=0x000001f87cb63a80 points into unknown readable memory: 0x000001f806246d10 | 10 6d 24 06 f8 01 00 00
R14=0x00000053acefd048 is pointing into the stack for thread: 0x000001f800e3e800
R15=0x00000053acefc6c0 is pointing into the stack for thread: 0x000001f800e3e800


Registers:
RAX=0x0000000000000000, RBX=0x000001f8006e95e8, RCX=0x000001f800745218, RDX=0x0000000000000004
RSP=0x00000053acefc0e0, RBP=0x000001f802a693a0, RSI=0x000001f8007451d8, RDI=0x000001f802a690f8
R8 =0x000001f800744fb8, R9 =0x000001f8006e8ec8, R10=0x0000000000000030, R11=0x00000053acefc140
R12=0x0000000000000001, R13=0x000001f87cb63a80, R14=0x00000053acefd048, R15=0x00000053acefc6c0
RIP=0x00007ff94c751eed, EFLAGS=0x0000000000010206

Top of Stack: (sp=0x00000053acefc0e0)
0x00000053acefc0e0:   00000053acefc6c0 000001f806246d20
0x00000053acefc0f0:   000001f87daf2658 00007ff94c799ae3
0x00000053acefc100:   000001f802a690f8 00007ff94c74d519
0x00000053acefc110:   000001f806247780 0000000000000001
0x00000053acefc120:   0000000000000001 00007ff94c74db96
0x00000053acefc130:   000001f806246d01 00007ff983dc25cd
0x00000053acefc140:   0000000300000001 00007ff900000001
0x00000053acefc150:   0000000000000008 00000053acefd048
0x00000053acefc160:   000001f802a693a0 000001f802a693f0
0x00000053acefc170:   00000053acefc6c0 00007ff94c74d588
0x00000053acefc180:   00000053acefc6c0 0000000000000000
0x00000053acefc190:   000001f806246d20 000001f802a697f0
0x00000053acefc1a0:   00000053acefc288 fffffffffffffff8
0x00000053acefc1b0:   0000000300000002 00007ff900000002
0x00000053acefc1c0:   0000000000000010 0000005300000001
0x00000053acefc1d0:   0000000000000000 0000000000000000 

Instructions: (pc=0x00007ff94c751eed)
0x00007ff94c751ded:   94 c0 e8 1c 35 c1 ff 48 8d 15 95 7d 2d 00 48 8b
0x00007ff94c751dfd:   cf e8 0d 70 c7 ff 48 8b 4b 10 48 8b 81 50 01 00
0x00007ff94c751e0d:   00 48 83 78 60 00 75 24 48 83 b9 68 01 00 00 00
0x00007ff94c751e1d:   75 1a 48 8b cb e8 59 0e 00 00 49 8b cc e8 71 e7
0x00007ff94c751e2d:   b2 ff 48 8b cb e8 99 a6 ff ff eb 08 49 8b cc e8
0x00007ff94c751e3d:   5f e7 b2 ff 4c 8d 9c 24 80 00 00 00 49 8b 5b 38
0x00007ff94c751e4d:   49 8b 6b 40 49 8b 73 48 49 8b e3 41 5f 41 5e 41
0x00007ff94c751e5d:   5d 41 5c 5f c3 cc cc cc cc cc cc cc cc cc cc cc
0x00007ff94c751e6d:   cc cc cc 48 89 5c 24 08 57 48 83 ec 20 48 8b 02
0x00007ff94c751e7d:   48 8b ca 49 8b d8 48 8b fa ff 50 28 48 8b c8 4c
0x00007ff94c751e8d:   8b 08 41 ff 51 40 84 c0 74 0d 32 c0 48 8b 5c 24
0x00007ff94c751e9d:   30 48 83 c4 20 5f c3 44 8b 57 2c 33 d2 48 8b 4f
0x00007ff94c751ead:   08 41 8b c2 83 e0 3f 4c 8b 09 3c 30 75 0d 48 8b
0x00007ff94c751ebd:   41 08 48 8b 48 08 4c 8b 01 eb 03 4c 8b c2 48 85
0x00007ff94c751ecd:   db 74 43 4d 85 c9 74 3e 49 3b d9 74 39 49 3b d8
0x00007ff94c751edd:   74 34 90 8b 43 2c 24 3f 3c 20 74 1d 48 8b 43 08
0x00007ff94c751eed:   48 8b 18 49 3b d9 74 0c 49 3b d8 74 07 ff c2 83
0x00007ff94c751efd:   fa 06 72 df 83 fa 06 75 0d b0 01 48 8b 5c 24 30
0x00007ff94c751f0d:   48 83 c4 20 5f c3 41 81 e2 ff 03 00 00 41 81 fa
0x00007ff94c751f1d:   04 03 00 00 75 0d e8 48 f4 ad ff 84 c0 0f 85 67
0x00007ff94c751f2d:   ff ff ff 8b 47 2c 25 ff 07 00 00 3d 04 05 00 00
0x00007ff94c751f3d:   75 0d e8 dc a5 bf ff 84 c0 0f 85 4b ff ff ff 0f
0x00007ff94c751f4d:   b6 44 24 50 48 8b 5c 24 30 48 83 c4 20 5f c3 cc
0x00007ff94c751f5d:   cc cc cc 48 89 5c 24 08 48 89 74 24 10 57 48 83
0x00007ff94c751f6d:   ec 20 48 8b f1 41 8b d8 48 8b 49 08 8b fa 4c 8b
0x00007ff94c751f7d:   41 08 4d 85 c0 74 70 48 83 79 10 00 74 69 83 fb
0x00007ff94c751f8d:   ff 75 45 49 8b 00 49 8b c8 ff 10 3b c7 75 13 8d
0x00007ff94c751f9d:   43 02 48 8b 5c 24 30 48 8b 74 24 38 48 83 c4 20
0x00007ff94c751fad:   5f c3 48 8b 46 08 48 8b 48 10 48 8b 01 ff 10 3b
0x00007ff94c751fbd:   c7 75 34 b8 02 00 00 00 48 8b 5c 24 30 48 8b 74
0x00007ff94c751fcd:   24 38 48 83 c4 20 5f c3 48 8b 0c d9 48 8b 01 ff
0x00007ff94c751fdd:   10 3b c7 75 12 8b c3 48 8b 5c 24 30 48 8b 74 24 


Stack slot to memory mapping:
stack at sp + 0 slots: 0x00000053acefc6c0 is pointing into the stack for thread: 0x000001f800e3e800
stack at sp + 1 slots: 0x000001f806246d20 points into unknown readable memory: 0x000001f87d3423d0 | d0 23 34 7d f8 01 00 00
stack at sp + 2 slots: 0x000001f87daf2658 points into unknown readable memory: 0x00007ff94c971290 | 90 12 97 4c f9 7f 00 00
stack at sp + 3 slots: 0x00007ff94c799ae3 jvm.dll
stack at sp + 4 slots: 0x000001f802a690f8 points into unknown readable memory: 0x00007ff94ca2ae50 | 50 ae a2 4c f9 7f 00 00
stack at sp + 5 slots: 0x00007ff94c74d519 jvm.dll
stack at sp + 6 slots: 0x000001f806247780 points into unknown readable memory: 0x000001f800002609 | 09 26 00 00 f8 01 00 00
stack at sp + 7 slots: 0x0000000000000001 is an unknown value


---------------  P R O C E S S  ---------------

Threads class SMR info:
_java_thread_list=0x000001f800850080, length=53, elements={
0x000001f85a61b000, 0x000001f879f17000, 0x000001f879f19000, 0x000001f87a821800,
0x000001f87a823800, 0x000001f87a825000, 0x000001f87a832000, 0x000001f87a834000,
0x000001f87a846800, 0x000001f87a990800, 0x000001f87cd0e000, 0x000001f87b06c800,
0x000001f87b06c000, 0x000001f87b06a800, 0x000001f87b06b000, 0x000001f87d03c800,
0x000001f87d03a000, 0x000001f87d03b800, 0x000001f87d03d000, 0x000001f87d03e000,
0x000001f87d03e800, 0x000001f87d03f800, 0x000001f87d040800, 0x000001f87d03a800,
0x000001f87d042000, 0x000001f87d045000, 0x000001f87d046000, 0x000001f87d047000,
0x000001f87d041000, 0x000001f87d047800, 0x000001f87d043000, 0x000001f87d044800,
0x000001f87d043800, 0x000001f87cb4e800, 0x000001f87cb51800, 0x000001f87cb4f000,
0x000001f87cb4c000, 0x000001f87cb50000, 0x000001f87cb52800, 0x000001f87cb4c800,
0x000001f87cb56800, 0x000001f87cb57800, 0x000001f87cb59000, 0x000001f87cb53000,
0x000001f87cb59800, 0x000001f87cb54000, 0x000001f87cb58000, 0x000001f87cb5a800,
0x000001f87cb55000, 0x000001f87cb55800, 0x000001f87cb4d800, 0x000001f800a35800,
0x000001f800e3e800
}

Java Threads: ( => current thread )
  0x000001f85a61b000 JavaThread "main" [_thread_blocked, id=9076, stack(0x00000053a8700000,0x00000053a8800000)]
  0x000001f879f17000 JavaThread "Reference Handler" daemon [_thread_blocked, id=2136, stack(0x00000053a8e00000,0x00000053a8f00000)]
  0x000001f879f19000 JavaThread "Finalizer" daemon [_thread_blocked, id=8344, stack(0x00000053a8f00000,0x00000053a9000000)]
  0x000001f87a821800 JavaThread "Signal Dispatcher" daemon [_thread_blocked, id=9936, stack(0x00000053a9000000,0x00000053a9100000)]
  0x000001f87a823800 JavaThread "Attach Listener" daemon [_thread_blocked, id=6056, stack(0x00000053a9100000,0x00000053a9200000)]
  0x000001f87a825000 JavaThread "Service Thread" daemon [_thread_blocked, id=8364, stack(0x00000053a9200000,0x00000053a9300000)]
  0x000001f87a832000 JavaThread "C2 CompilerThread0" daemon [_thread_in_native, id=3884, stack(0x00000053a9300000,0x00000053a9400000)]
  0x000001f87a834000 JavaThread "C1 CompilerThread0" daemon [_thread_blocked, id=1340, stack(0x00000053a9400000,0x00000053a9500000)]
  0x000001f87a846800 JavaThread "Sweeper thread" daemon [_thread_blocked, id=1648, stack(0x00000053a9500000,0x00000053a9600000)]
  0x000001f87a990800 JavaThread "Common-Cleaner" daemon [_thread_blocked, id=3660, stack(0x00000053a9600000,0x00000053a9700000)]
  0x000001f87cd0e000 JavaThread "Daemon health stats" [_thread_blocked, id=7012, stack(0x00000053a9f00000,0x00000053aa000000)]
  0x000001f87b06c800 JavaThread "Incoming local TCP Connector on port 52636" [_thread_in_native, id=976, stack(0x00000053a9800000,0x00000053a9900000)]
  0x000001f87b06c000 JavaThread "Daemon periodic checks" [_thread_blocked, id=3124, stack(0x00000053a9e00000,0x00000053a9f00000)]
  0x000001f87b06a800 JavaThread "Daemon" [_thread_blocked, id=6556, stack(0x00000053aa000000,0x00000053aa100000)]
  0x000001f87b06b000 JavaThread "Handler for socket connection from /127.0.0.1:52636 to /127.0.0.1:52638" [_thread_in_native, id=9440, stack(0x00000053aa100000,0x00000053aa200000)]
  0x000001f87d03c800 JavaThread "Cancel handler" [_thread_blocked, id=2272, stack(0x00000053aa200000,0x00000053aa300000)]
  0x000001f87d03a000 JavaThread "Daemon worker" [_thread_in_Java, id=5256, stack(0x00000053aa300000,0x00000053aa400000)]
  0x000001f87d03b800 JavaThread "Asynchronous log dispatcher for DefaultDaemonConnection: socket connection from /127.0.0.1:52636 to /127.0.0.1:52638" [_thread_blocked, id=7648, stack(0x00000053aa400000,0x00000053aa500000)]
  0x000001f87d03d000 JavaThread "Stdin handler" [_thread_blocked, id=2240, stack(0x00000053aa500000,0x00000053aa600000)]
  0x000001f87d03e000 JavaThread "Daemon client event forwarder" [_thread_blocked, id=7180, stack(0x00000053aa600000,0x00000053aa700000)]
  0x000001f87d03e800 JavaThread "Cache worker for file hash cache (C:\Users\milen\.gradle\caches\7.0.2\fileHashes)" [_thread_blocked, id=2460, stack(0x00000053aa700000,0x00000053aa800000)]
  0x000001f87d03f800 JavaThread "File lock request listener" [_thread_in_native, id=6504, stack(0x00000053aa800000,0x00000053aa900000)]
  0x000001f87d040800 JavaThread "Cache worker for journal cache (C:\Users\milen\.gradle\caches\journal-1)" [_thread_blocked, id=10656, stack(0x00000053aac00000,0x00000053aad00000)]
  0x000001f87d03a800 JavaThread "Cache worker for file hash cache (C:\Users\milen\Desktop\CorporateApp\.gradle\7.0.2\fileHashes)" [_thread_blocked, id=10680, stack(0x00000053aae00000,0x00000053aaf00000)]
  0x000001f87d042000 JavaThread "File watcher server" daemon [_thread_in_native, id=4748, stack(0x00000053aad00000,0x00000053aae00000)]
  0x000001f87d045000 JavaThread "File watcher consumer" daemon [_thread_blocked, id=2120, stack(0x00000053aaf00000,0x00000053ab000000)]
  0x000001f87d046000 JavaThread "Cache worker for checksums cache (C:\Users\milen\Desktop\CorporateApp\.gradle\checksums)" [_thread_blocked, id=1912, stack(0x00000053ab000000,0x00000053ab100000)]
  0x000001f87d047000 JavaThread "Cache worker for cache directory md-supplier (C:\Users\milen\.gradle\caches\7.0.2\md-supplier)" [_thread_blocked, id=9264, stack(0x00000053ab100000,0x00000053ab200000)]
  0x000001f87d041000 JavaThread "Cache worker for cache directory md-rule (C:\Users\milen\.gradle\caches\7.0.2\md-rule)" [_thread_blocked, id=9448, stack(0x00000053ab300000,0x00000053ab400000)]
  0x000001f87d047800 JavaThread "Cache worker for execution history cache (C:\Users\milen\.gradle\caches\7.0.2\executionHistory)" [_thread_blocked, id=8312, stack(0x00000053ab200000,0x00000053ab300000)]
  0x000001f87d043000 JavaThread "jar transforms" [_thread_blocked, id=8932, stack(0x00000053ab400000,0x00000053ab500000)]
  0x000001f87d044800 JavaThread "jar transforms Thread 2" [_thread_blocked, id=10840, stack(0x00000053ab500000,0x00000053ab600000)]
  0x000001f87d043800 JavaThread "Cache worker for file content cache (C:\Users\milen\.gradle\caches\7.0.2\fileContent)" [_thread_blocked, id=9988, stack(0x00000053ab700000,0x00000053ab800000)]
  0x000001f87cb4e800 JavaThread "Cache worker for dependencies-accessors (C:\Users\milen\Desktop\CorporateApp\.gradle\7.0.2\dependencies-accessors)" [_thread_blocked, id=9924, stack(0x00000053ab800000,0x00000053ab900000)]
  0x000001f87cb51800 JavaThread "Memory manager" [_thread_blocked, id=7572, stack(0x00000053aba00000,0x00000053abb00000)]
  0x000001f87cb4f000 JavaThread "Cache worker for kotlin-dsl (C:\Users\milen\.gradle\caches\7.0.2\kotlin-dsl)" [_thread_blocked, id=10592, stack(0x00000053ab600000,0x00000053ab700000)]
  0x000001f87cb4c000 JavaThread "jar transforms Thread 3" [_thread_blocked, id=428, stack(0x00000053abd00000,0x00000053abe00000)]
  0x000001f87cb50000 JavaThread "Build operations" [_thread_blocked, id=1704, stack(0x00000053abf00000,0x00000053ac000000)]
  0x000001f87cb52800 JavaThread "Build operations Thread 2" [_thread_blocked, id=1668, stack(0x00000053ac000000,0x00000053ac100000)]
  0x000001f87cb4c800 JavaThread "Build operations Thread 3" [_thread_blocked, id=496, stack(0x00000053ac100000,0x00000053ac200000)]
  0x000001f87cb56800 JavaThread "Build operations Thread 4" [_thread_blocked, id=4836, stack(0x00000053ac200000,0x00000053ac300000)]
  0x000001f87cb57800 JavaThread "Build operations Thread 5" [_thread_blocked, id=1040, stack(0x00000053ac300000,0x00000053ac400000)]
  0x000001f87cb59000 JavaThread "Build operations Thread 6" [_thread_blocked, id=5664, stack(0x00000053ac400000,0x00000053ac500000)]
  0x000001f87cb53000 JavaThread "Build operations Thread 7" [_thread_blocked, id=440, stack(0x00000053ac500000,0x00000053ac600000)]
  0x000001f87cb59800 JavaThread "Build operations Thread 8" [_thread_blocked, id=216, stack(0x00000053ac600000,0x00000053ac700000)]
  0x000001f87cb54000 JavaThread "jar transforms Thread 4" [_thread_blocked, id=8372, stack(0x00000053ac700000,0x00000053ac800000)]
  0x000001f87cb58000 JavaThread "jar transforms Thread 5" [_thread_blocked, id=10720, stack(0x00000053ac800000,0x00000053ac900000)]
  0x000001f87cb5a800 JavaThread "jar transforms Thread 6" [_thread_blocked, id=8908, stack(0x00000053abe00000,0x00000053abf00000)]
  0x000001f87cb55000 JavaThread "jar transforms Thread 7" [_thread_blocked, id=5704, stack(0x00000053ac900000,0x00000053aca00000)]
  0x000001f87cb55800 JavaThread "jar transforms Thread 8" [_thread_blocked, id=4264, stack(0x00000053aca00000,0x00000053acb00000)]
  0x000001f87cb4d800 JavaThread "Cache worker for Build Output Cleanup Cache (C:\Users\milen\Desktop\CorporateApp\.gradle\buildOutputCleanup)" [_thread_blocked, id=6516, stack(0x00000053ab900000,0x00000053aba00000)]
  0x000001f800a35800 JavaThread "C2 CompilerThread1" daemon [_thread_in_vm, id=7036, stack(0x00000053acd00000,0x00000053ace00000)]
=>0x000001f800e3e800 JavaThread "C2 CompilerThread2" daemon [_thread_in_native, id=2040, stack(0x00000053ace00000,0x00000053acf00000)]

Other Threads:
  0x000001f879f04800 VMThread "VM Thread" [stack: 0x00000053a8d00000,0x00000053a8e00000] [id=3972]
  0x000001f87a9e6800 WatcherThread [stack: 0x00000053a9700000,0x00000053a9800000] [id=7660]
  0x000001f85a635000 GCTaskThread "GC Thread#0" [stack: 0x00000053a8800000,0x00000053a8900000] [id=1072]
  0x000001f87b070000 GCTaskThread "GC Thread#1" [stack: 0x00000053a9900000,0x00000053a9a00000] [id=8628]
  0x000001f87ae10000 GCTaskThread "GC Thread#2" [stack: 0x00000053a9a00000,0x00000053a9b00000] [id=10108]
  0x000001f87b35d800 GCTaskThread "GC Thread#3" [stack: 0x00000053a9b00000,0x00000053a9c00000] [id=3844]
  0x000001f87b35e000 GCTaskThread "GC Thread#4" [stack: 0x00000053a9c00000,0x00000053a9d00000] [id=9236]
  0x000001f87b5e2800 GCTaskThread "GC Thread#5" [stack: 0x00000053a9d00000,0x00000053a9e00000] [id=1236]
  0x000001f87beac000 GCTaskThread "GC Thread#6" [stack: 0x00000053aa900000,0x00000053aaa00000] [id=2012]
  0x000001f87c860800 GCTaskThread "GC Thread#7" [stack: 0x00000053aaa00000,0x00000053aab00000] [id=7304]
  0x000001f85a692000 ConcurrentGCThread "G1 Main Marker" [stack: 0x00000053a8900000,0x00000053a8a00000] [id=10260]
  0x000001f85a694800 ConcurrentGCThread "G1 Conc#0" [stack: 0x00000053a8a00000,0x00000053a8b00000] [id=11240]
  0x000001f87b781000 ConcurrentGCThread "G1 Conc#1" [stack: 0x00000053aab00000,0x00000053aac00000] [id=4364]
  0x000001f85a6fe000 ConcurrentGCThread "G1 Refine#0" [stack: 0x00000053a8b00000,0x00000053a8c00000] [id=9860]
  0x000001f802347800 ConcurrentGCThread "G1 Refine#1" [stack: 0x00000053acb00000,0x00000053acc00000] [id=6096]
  0x000001f87baf9800 ConcurrentGCThread "G1 Refine#2" [stack: 0x00000053acc00000,0x00000053acd00000] [id=3288]
  0x000001f804e32000 ConcurrentGCThread "G1 Refine#3" [stack: 0x00000053acf00000,0x00000053ad000000] [id=10416]
  0x000001f804e30000 ConcurrentGCThread "G1 Refine#4" [stack: 0x00000053ad000000,0x00000053ad100000] [id=6232]
  0x000001f804e30800 ConcurrentGCThread "G1 Refine#5" [stack: 0x00000053ad100000,0x00000053ad200000] [id=6500]
  0x000001f879dee800 ConcurrentGCThread "G1 Young RemSet Sampling" [stack: 0x00000053a8c00000,0x00000053a8d00000] [id=7000]

Threads with active compile tasks:
C2 CompilerThread0  57710 11181       4       java.net.URLClassLoader$1::run (5 bytes)
C2 CompilerThread1  57710 11182   !   4       java.net.URLClassLoader$1::run (63 bytes)
C2 CompilerThread2  57710 11029   !   4       java.net.URL::<init> (543 bytes)

VM state:not at safepoint (normal execution)

VM Mutex/Monitor currently owned by a thread: None

Heap address: 0x0000000700000000, size: 4096 MB, Compressed Oops mode: Zero based, Oop shift amount: 3
Narrow klass base: 0x0000000800000000, Narrow klass shift: 0
Compressed class space size: 1073741824 Address: 0x0000000800000000

Heap:
 garbage-first heap   total 262144K, used 114202K [0x0000000700000000, 0x0000000800000000)
  region size 1024K, 18 young (18432K), 16 survivors (16384K)
 Metaspace       used 92400K, capacity 96073K, committed 96256K, reserved 1132544K
  class space    used 12058K, capacity 13460K, committed 13568K, reserved 1048576K
Heap Regions: E=young(eden), S=young(survivor), O=old, HS=humongous(starts), HC=humongous(continues), CS=collection set, F=free, A=archive, TAMS=top-at-mark-start (previous, next)
|   0|0x0000000700000000, 0x0000000700100000, 0x0000000700100000|100%| O|  |TAMS 0x0000000700100000, 0x0000000700000000| Untracked 
|   1|0x0000000700100000, 0x0000000700200000, 0x0000000700200000|100%| O|  |TAMS 0x0000000700200000, 0x0000000700100000| Untracked 
|   2|0x0000000700200000, 0x0000000700300000, 0x0000000700300000|100%| O|  |TAMS 0x0000000700300000, 0x0000000700200000| Untracked 
|   3|0x0000000700300000, 0x0000000700400000, 0x0000000700400000|100%|HS|  |TAMS 0x0000000700400000, 0x0000000700300000| Complete 
|   4|0x0000000700400000, 0x0000000700500000, 0x0000000700500000|100%|HC|  |TAMS 0x0000000700500000, 0x0000000700400000| Complete 
|   5|0x0000000700500000, 0x0000000700600000, 0x0000000700600000|100%|HC|  |TAMS 0x0000000700600000, 0x0000000700500000| Complete 
|   6|0x0000000700600000, 0x0000000700700000, 0x0000000700700000|100%| O|  |TAMS 0x0000000700700000, 0x0000000700600000| Untracked 
|   7|0x0000000700700000, 0x0000000700800000, 0x0000000700800000|100%| O|  |TAMS 0x0000000700800000, 0x0000000700700000| Untracked 
|   8|0x0000000700800000, 0x0000000700900000, 0x0000000700900000|100%| O|  |TAMS 0x0000000700900000, 0x0000000700800000| Untracked 
|   9|0x0000000700900000, 0x0000000700a00000, 0x0000000700a00000|100%| O|  |TAMS 0x0000000700a00000, 0x0000000700900000| Untracked 
|  10|0x0000000700a00000, 0x0000000700b00000, 0x0000000700b00000|100%| O|  |TAMS 0x0000000700b00000, 0x0000000700a00000| Untracked 
|  11|0x0000000700b00000, 0x0000000700c00000, 0x0000000700c00000|100%| O|  |TAMS 0x0000000700c00000, 0x0000000700b00000| Untracked 
|  12|0x0000000700c00000, 0x0000000700d00000, 0x0000000700d00000|100%| O|  |TAMS 0x0000000700d00000, 0x0000000700c00000| Untracked 
|  13|0x0000000700d00000, 0x0000000700e00000, 0x0000000700e00000|100%| O|  |TAMS 0x0000000700e00000, 0x0000000700d00000| Untracked 
|  14|0x0000000700e00000, 0x0000000700f00000, 0x0000000700f00000|100%| O|  |TAMS 0x0000000700f00000, 0x0000000700e00000| Untracked 
|  15|0x0000000700f00000, 0x0000000701000000, 0x0000000701000000|100%| O|  |TAMS 0x0000000701000000, 0x0000000700f00000| Untracked 
|  16|0x0000000701000000, 0x0000000701100000, 0x0000000701100000|100%| O|  |TAMS 0x0000000701100000, 0x0000000701000000| Untracked 
|  17|0x0000000701100000, 0x0000000701200000, 0x0000000701200000|100%|HS|  |TAMS 0x0000000701200000, 0x0000000701100000| Complete 
|  18|0x0000000701200000, 0x0000000701300000, 0x0000000701300000|100%|HC|  |TAMS 0x0000000701300000, 0x0000000701200000| Complete 
|  19|0x0000000701300000, 0x0000000701400000, 0x0000000701400000|100%|HC|  |TAMS 0x0000000701400000, 0x0000000701300000| Complete 
|  20|0x0000000701400000, 0x0000000701500000, 0x0000000701500000|100%| O|  |TAMS 0x0000000701500000, 0x0000000701400000| Untracked 
|  21|0x0000000701500000, 0x0000000701600000, 0x0000000701600000|100%| O|  |TAMS 0x0000000701600000, 0x0000000701500000| Untracked 
|  22|0x0000000701600000, 0x0000000701700000, 0x0000000701700000|100%| O|  |TAMS 0x0000000701700000, 0x0000000701600000| Untracked 
|  23|0x0000000701700000, 0x0000000701800000, 0x0000000701800000|100%| O|  |TAMS 0x0000000701800000, 0x0000000701700000| Untracked 
|  24|0x0000000701800000, 0x0000000701900000, 0x0000000701900000|100%| O|  |TAMS 0x0000000701900000, 0x0000000701800000| Untracked 
|  25|0x0000000701900000, 0x0000000701a00000, 0x0000000701a00000|100%| O|  |TAMS 0x0000000701a00000, 0x0000000701900000| Untracked 
|  26|0x0000000701a00000, 0x0000000701b00000, 0x0000000701b00000|100%| O|  |TAMS 0x0000000701b00000, 0x0000000701a00000| Untracked 
|  27|0x0000000701b00000, 0x0000000701c00000, 0x0000000701c00000|100%| O|  |TAMS 0x0000000701c00000, 0x0000000701b00000| Untracked 
|  28|0x0000000701c00000, 0x0000000701d00000, 0x0000000701d00000|100%| O|  |TAMS 0x0000000701d00000, 0x0000000701c00000| Untracked 
|  29|0x0000000701d00000, 0x0000000701e00000, 0x0000000701e00000|100%| O|  |TAMS 0x0000000701e00000, 0x0000000701d00000| Untracked 
|  30|0x0000000701e00000, 0x0000000701f00000, 0x0000000701f00000|100%| O|  |TAMS 0x0000000701eb2800, 0x0000000701e00000| Untracked 
|  31|0x0000000701f00000, 0x0000000702000000, 0x0000000702000000|100%|HS|  |TAMS 0x0000000701f00000, 0x0000000701f00000| Complete 
|  32|0x0000000702000000, 0x0000000702100000, 0x0000000702100000|100%|HS|  |TAMS 0x0000000702000000, 0x0000000702000000| Complete 
|  33|0x0000000702100000, 0x0000000702200000, 0x0000000702200000|100%|HC|  |TAMS 0x0000000702100000, 0x0000000702100000| Complete 
|  34|0x0000000702200000, 0x0000000702300000, 0x0000000702300000|100%|HS|  |TAMS 0x0000000702200000, 0x0000000702200000| Complete 
|  35|0x0000000702300000, 0x0000000702400000, 0x0000000702400000|100%|HS|  |TAMS 0x0000000702300000, 0x0000000702300000| Complete 
|  36|0x0000000702400000, 0x0000000702500000, 0x0000000702500000|100%|HS|  |TAMS 0x0000000702400000, 0x0000000702400000| Complete 
|  37|0x0000000702500000, 0x0000000702600000, 0x0000000702600000|100%|HC|  |TAMS 0x0000000702500000, 0x0000000702500000| Complete 
|  38|0x0000000702600000, 0x0000000702700000, 0x0000000702700000|100%|HC|  |TAMS 0x0000000702600000, 0x0000000702600000| Complete 
|  39|0x0000000702700000, 0x0000000702800000, 0x0000000702800000|100%|HS|  |TAMS 0x0000000702700000, 0x0000000702700000| Complete 
|  40|0x0000000702800000, 0x0000000702900000, 0x0000000702900000|100%|HC|  |TAMS 0x0000000702800000, 0x0000000702800000| Complete 
|  41|0x0000000702900000, 0x0000000702a00000, 0x0000000702a00000|100%| O|  |TAMS 0x0000000702900000, 0x0000000702900000| Untracked 
|  42|0x0000000702a00000, 0x0000000702b00000, 0x0000000702b00000|100%| O|  |TAMS 0x0000000702a00000, 0x0000000702a00000| Untracked 
|  43|0x0000000702b00000, 0x0000000702c00000, 0x0000000702c00000|100%| O|  |TAMS 0x0000000702b00000, 0x0000000702b00000| Untracked 
|  44|0x0000000702c00000, 0x0000000702d00000, 0x0000000702d00000|100%| O|  |TAMS 0x0000000702c00000, 0x0000000702c00000| Untracked 
|  45|0x0000000702d00000, 0x0000000702e00000, 0x0000000702e00000|100%| O|  |TAMS 0x0000000702d00000, 0x0000000702d00000| Untracked 
|  46|0x0000000702e00000, 0x0000000702f00000, 0x0000000702f00000|100%| O|  |TAMS 0x0000000702e00000, 0x0000000702e00000| Untracked 
|  47|0x0000000702f00000, 0x0000000703000000, 0x0000000703000000|100%| O|  |TAMS 0x0000000702f00000, 0x0000000702f00000| Untracked 
|  48|0x0000000703000000, 0x0000000703100000, 0x0000000703100000|100%| O|  |TAMS 0x0000000703000000, 0x0000000703000000| Untracked 
|  49|0x0000000703100000, 0x0000000703200000, 0x0000000703200000|100%| O|  |TAMS 0x0000000703100000, 0x0000000703100000| Untracked 
|  50|0x0000000703200000, 0x0000000703300000, 0x0000000703300000|100%| O|  |TAMS 0x0000000703200000, 0x0000000703200000| Untracked 
|  51|0x0000000703300000, 0x0000000703400000, 0x0000000703400000|100%| O|  |TAMS 0x0000000703300000, 0x0000000703300000| Untracked 
|  52|0x0000000703400000, 0x0000000703500000, 0x0000000703500000|100%| O|  |TAMS 0x0000000703400000, 0x0000000703400000| Untracked 
|  53|0x0000000703500000, 0x0000000703600000, 0x0000000703600000|100%| O|  |TAMS 0x0000000703500000, 0x0000000703500000| Untracked 
|  54|0x0000000703600000, 0x0000000703700000, 0x0000000703700000|100%| O|  |TAMS 0x0000000703600000, 0x0000000703600000| Untracked 
|  55|0x0000000703700000, 0x0000000703800000, 0x0000000703800000|100%| O|  |TAMS 0x0000000703700000, 0x0000000703700000| Untracked 
|  56|0x0000000703800000, 0x0000000703900000, 0x0000000703900000|100%| O|  |TAMS 0x0000000703800000, 0x0000000703800000| Untracked 
|  57|0x0000000703900000, 0x0000000703a00000, 0x0000000703a00000|100%| O|  |TAMS 0x0000000703900000, 0x0000000703900000| Untracked 
|  58|0x0000000703a00000, 0x0000000703b00000, 0x0000000703b00000|100%| O|  |TAMS 0x0000000703a00000, 0x0000000703a00000| Untracked 
|  59|0x0000000703b00000, 0x0000000703c00000, 0x0000000703c00000|100%| O|  |TAMS 0x0000000703b00000, 0x0000000703b00000| Untracked 
|  60|0x0000000703c00000, 0x0000000703d00000, 0x0000000703d00000|100%| O|  |TAMS 0x0000000703c00000, 0x0000000703c00000| Untracked 
|  61|0x0000000703d00000, 0x0000000703e00000, 0x0000000703e00000|100%| O|  |TAMS 0x0000000703d00000, 0x0000000703d00000| Untracked 
|  62|0x0000000703e00000, 0x0000000703f00000, 0x0000000703f00000|100%| O|  |TAMS 0x0000000703e00000, 0x0000000703e00000| Untracked 
|  63|0x0000000703f00000, 0x0000000704000000, 0x0000000704000000|100%| O|  |TAMS 0x0000000703f00000, 0x0000000703f00000| Untracked 
|  64|0x0000000704000000, 0x0000000704100000, 0x0000000704100000|100%| O|  |TAMS 0x0000000704000000, 0x0000000704000000| Untracked 
|  65|0x0000000704100000, 0x0000000704200000, 0x0000000704200000|100%| O|  |TAMS 0x0000000704100000, 0x0000000704100000| Untracked 
|  66|0x0000000704200000, 0x0000000704300000, 0x0000000704300000|100%| O|  |TAMS 0x0000000704200000, 0x0000000704200000| Untracked 
|  67|0x0000000704300000, 0x0000000704400000, 0x0000000704400000|100%| O|  |TAMS 0x0000000704300000, 0x0000000704300000| Untracked 
|  68|0x0000000704400000, 0x0000000704500000, 0x0000000704500000|100%| O|  |TAMS 0x0000000704400000, 0x0000000704400000| Untracked 
|  69|0x0000000704500000, 0x0000000704600000, 0x0000000704600000|100%| O|  |TAMS 0x0000000704500000, 0x0000000704500000| Untracked 
|  70|0x0000000704600000, 0x0000000704700000, 0x0000000704700000|100%| O|  |TAMS 0x0000000704600000, 0x0000000704600000| Untracked 
|  71|0x0000000704700000, 0x0000000704800000, 0x0000000704800000|100%| O|  |TAMS 0x0000000704700000, 0x0000000704700000| Untracked 
|  72|0x0000000704800000, 0x0000000704900000, 0x0000000704900000|100%| O|  |TAMS 0x0000000704800000, 0x0000000704800000| Untracked 
|  73|0x0000000704900000, 0x0000000704a00000, 0x0000000704a00000|100%| O|  |TAMS 0x0000000704900000, 0x0000000704900000| Untracked 
|  74|0x0000000704a00000, 0x0000000704b00000, 0x0000000704b00000|100%| O|  |TAMS 0x0000000704a00000, 0x0000000704a00000| Untracked 
|  75|0x0000000704b00000, 0x0000000704c00000, 0x0000000704c00000|100%| O|  |TAMS 0x0000000704b00000, 0x0000000704b00000| Untracked 
|  76|0x0000000704c00000, 0x0000000704d00000, 0x0000000704d00000|100%| O|  |TAMS 0x0000000704c00000, 0x0000000704c00000| Untracked 
|  77|0x0000000704d00000, 0x0000000704e00000, 0x0000000704e00000|100%| O|  |TAMS 0x0000000704d00000, 0x0000000704d00000| Untracked 
|  78|0x0000000704e00000, 0x0000000704f00000, 0x0000000704f00000|100%| O|  |TAMS 0x0000000704e00000, 0x0000000704e00000| Untracked 
|  79|0x0000000704f00000, 0x0000000705000000, 0x0000000705000000|100%| O|  |TAMS 0x0000000704f00000, 0x0000000704f00000| Untracked 
|  80|0x0000000705000000, 0x0000000705100000, 0x0000000705100000|100%| O|  |TAMS 0x0000000705000000, 0x0000000705000000| Untracked 
|  81|0x0000000705100000, 0x0000000705200000, 0x0000000705200000|100%| O|  |TAMS 0x0000000705100000, 0x0000000705100000| Untracked 
|  82|0x0000000705200000, 0x0000000705300000, 0x0000000705300000|100%| O|  |TAMS 0x0000000705200000, 0x0000000705200000| Untracked 
|  83|0x0000000705300000, 0x0000000705400000, 0x0000000705400000|100%| O|  |TAMS 0x0000000705300000, 0x0000000705300000| Untracked 
|  84|0x0000000705400000, 0x0000000705500000, 0x0000000705500000|100%| O|  |TAMS 0x0000000705400000, 0x0000000705400000| Untracked 
|  85|0x0000000705500000, 0x0000000705600000, 0x0000000705600000|100%| O|  |TAMS 0x0000000705500000, 0x0000000705500000| Untracked 
|  86|0x0000000705600000, 0x0000000705700000, 0x0000000705700000|100%| O|  |TAMS 0x0000000705600000, 0x0000000705600000| Untracked 
|  87|0x0000000705700000, 0x0000000705800000, 0x0000000705800000|100%| O|  |TAMS 0x0000000705700000, 0x0000000705700000| Untracked 
|  88|0x0000000705800000, 0x0000000705900000, 0x0000000705900000|100%| O|  |TAMS 0x0000000705800000, 0x0000000705800000| Untracked 
|  89|0x0000000705900000, 0x0000000705a00000, 0x0000000705a00000|100%| O|  |TAMS 0x0000000705900000, 0x0000000705900000| Untracked 
|  90|0x0000000705a00000, 0x0000000705b00000, 0x0000000705b00000|100%| O|  |TAMS 0x0000000705a00000, 0x0000000705a00000| Untracked 
|  91|0x0000000705b00000, 0x0000000705c00000, 0x0000000705c00000|100%| O|  |TAMS 0x0000000705b00000, 0x0000000705b00000| Untracked 
|  92|0x0000000705c00000, 0x0000000705d00000, 0x0000000705d00000|100%| O|  |TAMS 0x0000000705c00000, 0x0000000705c00000| Untracked 
|  93|0x0000000705d00000, 0x0000000705e00000, 0x0000000705e00000|100%| O|  |TAMS 0x0000000705d00000, 0x0000000705d00000| Untracked 
|  94|0x0000000705e00000, 0x0000000705e86800, 0x0000000705f00000| 52%| O|  |TAMS 0x0000000705e00000, 0x0000000705e00000| Untracked 
|  95|0x0000000705f00000, 0x0000000705f00000, 0x0000000706000000|  0%| F|  |TAMS 0x0000000705f00000, 0x0000000705f00000| Untracked 
|  96|0x0000000706000000, 0x0000000706000000, 0x0000000706100000|  0%| F|  |TAMS 0x0000000706000000, 0x0000000706000000| Untracked 
|  97|0x0000000706100000, 0x0000000706100000, 0x0000000706200000|  0%| F|  |TAMS 0x0000000706100000, 0x0000000706100000| Untracked 
|  98|0x0000000706200000, 0x0000000706200000, 0x0000000706300000|  0%| F|  |TAMS 0x0000000706200000, 0x0000000706200000| Untracked 
|  99|0x0000000706300000, 0x0000000706300000, 0x0000000706400000|  0%| F|  |TAMS 0x0000000706300000, 0x0000000706300000| Untracked 
| 100|0x0000000706400000, 0x0000000706400000, 0x0000000706500000|  0%| F|  |TAMS 0x0000000706400000, 0x0000000706400000| Untracked 
| 101|0x0000000706500000, 0x0000000706500000, 0x0000000706600000|  0%| F|  |TAMS 0x0000000706500000, 0x0000000706500000| Untracked 
| 102|0x0000000706600000, 0x0000000706600000, 0x0000000706700000|  0%| F|  |TAMS 0x0000000706600000, 0x0000000706600000| Untracked 
| 103|0x0000000706700000, 0x0000000706700000, 0x0000000706800000|  0%| F|  |TAMS 0x0000000706700000, 0x0000000706700000| Untracked 
| 104|0x0000000706800000, 0x0000000706800000, 0x0000000706900000|  0%| F|  |TAMS 0x0000000706800000, 0x0000000706800000| Untracked 
| 105|0x0000000706900000, 0x0000000706900000, 0x0000000706a00000|  0%| F|  |TAMS 0x0000000706900000, 0x0000000706900000| Untracked 
| 106|0x0000000706a00000, 0x0000000706a00000, 0x0000000706b00000|  0%| F|  |TAMS 0x0000000706a00000, 0x0000000706a00000| Untracked 
| 107|0x0000000706b00000, 0x0000000706b00000, 0x0000000706c00000|  0%| F|  |TAMS 0x0000000706b00000, 0x0000000706b00000| Untracked 
| 108|0x0000000706c00000, 0x0000000706c00000, 0x0000000706d00000|  0%| F|  |TAMS 0x0000000706c00000, 0x0000000706c00000| Untracked 
| 109|0x0000000706d00000, 0x0000000706d00000, 0x0000000706e00000|  0%| F|  |TAMS 0x0000000706d00000, 0x0000000706d00000| Untracked 
| 110|0x0000000706e00000, 0x0000000706e00000, 0x0000000706f00000|  0%| F|  |TAMS 0x0000000706e00000, 0x0000000706e00000| Untracked 
| 111|0x0000000706f00000, 0x0000000706f00000, 0x0000000707000000|  0%| F|  |TAMS 0x0000000706f00000, 0x0000000706f00000| Untracked 
| 112|0x0000000707000000, 0x0000000707000000, 0x0000000707100000|  0%| F|  |TAMS 0x0000000707000000, 0x0000000707000000| Untracked 
| 113|0x0000000707100000, 0x0000000707100000, 0x0000000707200000|  0%| F|  |TAMS 0x0000000707100000, 0x0000000707100000| Untracked 
| 114|0x0000000707200000, 0x0000000707200000, 0x0000000707300000|  0%| F|  |TAMS 0x0000000707200000, 0x0000000707200000| Untracked 
| 115|0x0000000707300000, 0x0000000707300000, 0x0000000707400000|  0%| F|  |TAMS 0x0000000707300000, 0x0000000707300000| Untracked 
| 116|0x0000000707400000, 0x0000000707400000, 0x0000000707500000|  0%| F|  |TAMS 0x0000000707400000, 0x0000000707400000| Untracked 
| 117|0x0000000707500000, 0x0000000707500000, 0x0000000707600000|  0%| F|  |TAMS 0x0000000707500000, 0x0000000707500000| Untracked 
| 118|0x0000000707600000, 0x0000000707600000, 0x0000000707700000|  0%| F|  |TAMS 0x0000000707600000, 0x0000000707600000| Untracked 
| 119|0x0000000707700000, 0x0000000707700000, 0x0000000707800000|  0%| F|  |TAMS 0x0000000707700000, 0x0000000707700000| Untracked 
| 120|0x0000000707800000, 0x0000000707800000, 0x0000000707900000|  0%| F|  |TAMS 0x0000000707800000, 0x0000000707800000| Untracked 
| 121|0x0000000707900000, 0x0000000707900000, 0x0000000707a00000|  0%| F|  |TAMS 0x0000000707900000, 0x0000000707900000| Untracked 
| 122|0x0000000707a00000, 0x0000000707a00000, 0x0000000707b00000|  0%| F|  |TAMS 0x0000000707a00000, 0x0000000707a00000| Untracked 
| 123|0x0000000707b00000, 0x0000000707c00000, 0x0000000707c00000|100%| S|CS|TAMS 0x0000000707b00000, 0x0000000707b00000| Complete 
| 124|0x0000000707c00000, 0x0000000707d00000, 0x0000000707d00000|100%| S|CS|TAMS 0x0000000707c00000, 0x0000000707c00000| Complete 
| 125|0x0000000707d00000, 0x0000000707d00000, 0x0000000707e00000|  0%| F|  |TAMS 0x0000000707d00000, 0x0000000707d00000| Untracked 
| 126|0x0000000707e00000, 0x0000000707e00000, 0x0000000707f00000|  0%| F|  |TAMS 0x0000000707e00000, 0x0000000707e00000| Untracked 
| 127|0x0000000707f00000, 0x0000000707f00000, 0x0000000708000000|  0%| F|  |TAMS 0x0000000707f00000, 0x0000000707f00000| Untracked 
| 128|0x0000000708000000, 0x0000000708000000, 0x0000000708100000|  0%| F|  |TAMS 0x0000000708000000, 0x0000000708000000| Untracked 
| 129|0x0000000708100000, 0x0000000708100000, 0x0000000708200000|  0%| F|  |TAMS 0x0000000708100000, 0x0000000708100000| Untracked 
| 130|0x0000000708200000, 0x0000000708200000, 0x0000000708300000|  0%| F|  |TAMS 0x0000000708200000, 0x0000000708200000| Untracked 
| 131|0x0000000708300000, 0x0000000708400000, 0x0000000708400000|100%| S|CS|TAMS 0x0000000708300000, 0x0000000708300000| Complete 
| 132|0x0000000708400000, 0x0000000708500000, 0x0000000708500000|100%| S|CS|TAMS 0x0000000708400000, 0x0000000708400000| Complete 
| 133|0x0000000708500000, 0x0000000708600000, 0x0000000708600000|100%| S|CS|TAMS 0x0000000708500000, 0x0000000708500000| Complete 
| 134|0x0000000708600000, 0x0000000708700000, 0x0000000708700000|100%| S|CS|TAMS 0x0000000708600000, 0x0000000708600000| Complete 
| 135|0x0000000708700000, 0x0000000708800000, 0x0000000708800000|100%| S|CS|TAMS 0x0000000708700000, 0x0000000708700000| Complete 
| 136|0x0000000708800000, 0x0000000708900000, 0x0000000708900000|100%| S|CS|TAMS 0x0000000708800000, 0x0000000708800000| Complete 
| 137|0x0000000708900000, 0x0000000708a00000, 0x0000000708a00000|100%| S|CS|TAMS 0x0000000708900000, 0x0000000708900000| Complete 
| 138|0x0000000708a00000, 0x0000000708b00000, 0x0000000708b00000|100%| S|CS|TAMS 0x0000000708a00000, 0x0000000708a00000| Complete 
| 139|0x0000000708b00000, 0x0000000708c00000, 0x0000000708c00000|100%| S|CS|TAMS 0x0000000708b00000, 0x0000000708b00000| Complete 
| 140|0x0000000708c00000, 0x0000000708d00000, 0x0000000708d00000|100%| S|CS|TAMS 0x0000000708c00000, 0x0000000708c00000| Complete 
| 141|0x0000000708d00000, 0x0000000708e00000, 0x0000000708e00000|100%| S|CS|TAMS 0x0000000708d00000, 0x0000000708d00000| Complete 
| 142|0x0000000708e00000, 0x0000000708f00000, 0x0000000708f00000|100%| S|CS|TAMS 0x0000000708e00000, 0x0000000708e00000| Complete 
| 143|0x0000000708f00000, 0x0000000709000000, 0x0000000709000000|100%| S|CS|TAMS 0x0000000708f00000, 0x0000000708f00000| Complete 
| 144|0x0000000709000000, 0x0000000709100000, 0x0000000709100000|100%| S|CS|TAMS 0x0000000709000000, 0x0000000709000000| Complete 
| 145|0x0000000709100000, 0x0000000709100000, 0x0000000709200000|  0%| F|  |TAMS 0x0000000709100000, 0x0000000709100000| Untracked 
| 146|0x0000000709200000, 0x0000000709200000, 0x0000000709300000|  0%| F|  |TAMS 0x0000000709200000, 0x0000000709200000| Untracked 
| 147|0x0000000709300000, 0x0000000709300000, 0x0000000709400000|  0%| F|  |TAMS 0x0000000709300000, 0x0000000709300000| Untracked 
| 148|0x0000000709400000, 0x0000000709400000, 0x0000000709500000|  0%| F|  |TAMS 0x0000000709400000, 0x0000000709400000| Untracked 
| 149|0x0000000709500000, 0x0000000709500000, 0x0000000709600000|  0%| F|  |TAMS 0x0000000709500000, 0x0000000709500000| Untracked 
| 150|0x0000000709600000, 0x0000000709600000, 0x0000000709700000|  0%| F|  |TAMS 0x0000000709600000, 0x0000000709600000| Untracked 
| 151|0x0000000709700000, 0x0000000709700000, 0x0000000709800000|  0%| F|  |TAMS 0x0000000709700000, 0x0000000709700000| Untracked 
| 152|0x0000000709800000, 0x0000000709800000, 0x0000000709900000|  0%| F|  |TAMS 0x0000000709800000, 0x0000000709800000| Untracked 
| 153|0x0000000709900000, 0x0000000709900000, 0x0000000709a00000|  0%| F|  |TAMS 0x0000000709900000, 0x0000000709900000| Untracked 
| 154|0x0000000709a00000, 0x0000000709a00000, 0x0000000709b00000|  0%| F|  |TAMS 0x0000000709a00000, 0x0000000709a00000| Untracked 
| 155|0x0000000709b00000, 0x0000000709b00000, 0x0000000709c00000|  0%| F|  |TAMS 0x0000000709b00000, 0x0000000709b00000| Untracked 
| 156|0x0000000709c00000, 0x0000000709c00000, 0x0000000709d00000|  0%| F|  |TAMS 0x0000000709c00000, 0x0000000709c00000| Untracked 
| 157|0x0000000709d00000, 0x0000000709d00000, 0x0000000709e00000|  0%| F|  |TAMS 0x0000000709d00000, 0x0000000709d00000| Untracked 
| 158|0x0000000709e00000, 0x0000000709e00000, 0x0000000709f00000|  0%| F|  |TAMS 0x0000000709e00000, 0x0000000709e00000| Untracked 
| 159|0x0000000709f00000, 0x0000000709f00000, 0x000000070a000000|  0%| F|  |TAMS 0x0000000709f00000, 0x0000000709f00000| Untracked 
| 160|0x000000070a000000, 0x000000070a000000, 0x000000070a100000|  0%| F|  |TAMS 0x000000070a000000, 0x000000070a000000| Untracked 
| 161|0x000000070a100000, 0x000000070a100000, 0x000000070a200000|  0%| F|  |TAMS 0x000000070a100000, 0x000000070a100000| Untracked 
| 162|0x000000070a200000, 0x000000070a200000, 0x000000070a300000|  0%| F|  |TAMS 0x000000070a200000, 0x000000070a200000| Untracked 
| 163|0x000000070a300000, 0x000000070a300000, 0x000000070a400000|  0%| F|  |TAMS 0x000000070a300000, 0x000000070a300000| Untracked 
| 164|0x000000070a400000, 0x000000070a400000, 0x000000070a500000|  0%| F|  |TAMS 0x000000070a400000, 0x000000070a400000| Untracked 
| 165|0x000000070a500000, 0x000000070a500000, 0x000000070a600000|  0%| F|  |TAMS 0x000000070a500000, 0x000000070a500000| Untracked 
| 166|0x000000070a600000, 0x000000070a600000, 0x000000070a700000|  0%| F|  |TAMS 0x000000070a600000, 0x000000070a600000| Untracked 
| 167|0x000000070a700000, 0x000000070a700000, 0x000000070a800000|  0%| F|  |TAMS 0x000000070a700000, 0x000000070a700000| Untracked 
| 168|0x000000070a800000, 0x000000070a800000, 0x000000070a900000|  0%| F|  |TAMS 0x000000070a800000, 0x000000070a800000| Untracked 
| 169|0x000000070a900000, 0x000000070a900000, 0x000000070aa00000|  0%| F|  |TAMS 0x000000070a900000, 0x000000070a900000| Untracked 
| 170|0x000000070aa00000, 0x000000070aa00000, 0x000000070ab00000|  0%| F|  |TAMS 0x000000070aa00000, 0x000000070aa00000| Untracked 
| 171|0x000000070ab00000, 0x000000070ab00000, 0x000000070ac00000|  0%| F|  |TAMS 0x000000070ab00000, 0x000000070ab00000| Untracked 
| 172|0x000000070ac00000, 0x000000070ac00000, 0x000000070ad00000|  0%| F|  |TAMS 0x000000070ac00000, 0x000000070ac00000| Untracked 
| 173|0x000000070ad00000, 0x000000070ad00000, 0x000000070ae00000|  0%| F|  |TAMS 0x000000070ad00000, 0x000000070ad00000| Untracked 
| 174|0x000000070ae00000, 0x000000070ae00000, 0x000000070af00000|  0%| F|  |TAMS 0x000000070ae00000, 0x000000070ae00000| Untracked 
| 175|0x000000070af00000, 0x000000070af00000, 0x000000070b000000|  0%| F|  |TAMS 0x000000070af00000, 0x000000070af00000| Untracked 
| 176|0x000000070b000000, 0x000000070b000000, 0x000000070b100000|  0%| F|  |TAMS 0x000000070b000000, 0x000000070b000000| Untracked 
| 177|0x000000070b100000, 0x000000070b100000, 0x000000070b200000|  0%| F|  |TAMS 0x000000070b100000, 0x000000070b100000| Untracked 
| 178|0x000000070b200000, 0x000000070b200000, 0x000000070b300000|  0%| F|  |TAMS 0x000000070b200000, 0x000000070b200000| Untracked 
| 179|0x000000070b300000, 0x000000070b300000, 0x000000070b400000|  0%| F|  |TAMS 0x000000070b300000, 0x000000070b300000| Untracked 
| 180|0x000000070b400000, 0x000000070b400000, 0x000000070b500000|  0%| F|  |TAMS 0x000000070b400000, 0x000000070b400000| Untracked 
| 181|0x000000070b500000, 0x000000070b500000, 0x000000070b600000|  0%| F|  |TAMS 0x000000070b500000, 0x000000070b500000| Untracked 
| 182|0x000000070b600000, 0x000000070b600000, 0x000000070b700000|  0%| F|  |TAMS 0x000000070b600000, 0x000000070b600000| Untracked 
| 183|0x000000070b700000, 0x000000070b700000, 0x000000070b800000|  0%| F|  |TAMS 0x000000070b700000, 0x000000070b700000| Untracked 
| 184|0x000000070b800000, 0x000000070b800000, 0x000000070b900000|  0%| F|  |TAMS 0x000000070b800000, 0x000000070b800000| Untracked 
| 185|0x000000070b900000, 0x000000070b900000, 0x000000070ba00000|  0%| F|  |TAMS 0x000000070b900000, 0x000000070b900000| Untracked 
| 186|0x000000070ba00000, 0x000000070ba00000, 0x000000070bb00000|  0%| F|  |TAMS 0x000000070ba00000, 0x000000070ba00000| Untracked 
| 187|0x000000070bb00000, 0x000000070bb00000, 0x000000070bc00000|  0%| F|  |TAMS 0x000000070bb00000, 0x000000070bb00000| Untracked 
| 188|0x000000070bc00000, 0x000000070bc00000, 0x000000070bd00000|  0%| F|  |TAMS 0x000000070bc00000, 0x000000070bc00000| Untracked 
| 189|0x000000070bd00000, 0x000000070bd00000, 0x000000070be00000|  0%| F|  |TAMS 0x000000070bd00000, 0x000000070bd00000| Untracked 
| 190|0x000000070be00000, 0x000000070be00000, 0x000000070bf00000|  0%| F|  |TAMS 0x000000070be00000, 0x000000070be00000| Untracked 
| 191|0x000000070bf00000, 0x000000070bf00000, 0x000000070c000000|  0%| F|  |TAMS 0x000000070bf00000, 0x000000070bf00000| Untracked 
| 192|0x000000070c000000, 0x000000070c000000, 0x000000070c100000|  0%| F|  |TAMS 0x000000070c000000, 0x000000070c000000| Untracked 
| 193|0x000000070c100000, 0x000000070c100000, 0x000000070c200000|  0%| F|  |TAMS 0x000000070c100000, 0x000000070c100000| Untracked 
| 194|0x000000070c200000, 0x000000070c200000, 0x000000070c300000|  0%| F|  |TAMS 0x000000070c200000, 0x000000070c200000| Untracked 
| 195|0x000000070c300000, 0x000000070c300000, 0x000000070c400000|  0%| F|  |TAMS 0x000000070c300000, 0x000000070c300000| Untracked 
| 196|0x000000070c400000, 0x000000070c400000, 0x000000070c500000|  0%| F|  |TAMS 0x000000070c400000, 0x000000070c400000| Untracked 
| 197|0x000000070c500000, 0x000000070c500000, 0x000000070c600000|  0%| F|  |TAMS 0x000000070c500000, 0x000000070c500000| Untracked 
| 198|0x000000070c600000, 0x000000070c600000, 0x000000070c700000|  0%| F|  |TAMS 0x000000070c600000, 0x000000070c600000| Untracked 
| 199|0x000000070c700000, 0x000000070c700000, 0x000000070c800000|  0%| F|  |TAMS 0x000000070c700000, 0x000000070c700000| Untracked 
| 200|0x000000070c800000, 0x000000070c800000, 0x000000070c900000|  0%| F|  |TAMS 0x000000070c800000, 0x000000070c800000| Untracked 
| 201|0x000000070c900000, 0x000000070c900000, 0x000000070ca00000|  0%| F|  |TAMS 0x000000070c900000, 0x000000070c900000| Untracked 
| 202|0x000000070ca00000, 0x000000070ca00000, 0x000000070cb00000|  0%| F|  |TAMS 0x000000070ca00000, 0x000000070ca00000| Untracked 
| 203|0x000000070cb00000, 0x000000070cb00000, 0x000000070cc00000|  0%| F|  |TAMS 0x000000070cb00000, 0x000000070cb00000| Untracked 
| 204|0x000000070cc00000, 0x000000070cc00000, 0x000000070cd00000|  0%| F|  |TAMS 0x000000070cc00000, 0x000000070cc00000| Untracked 
| 205|0x000000070cd00000, 0x000000070cd00000, 0x000000070ce00000|  0%| F|  |TAMS 0x000000070cd00000, 0x000000070cd00000| Untracked 
| 206|0x000000070ce00000, 0x000000070ce00000, 0x000000070cf00000|  0%| F|  |TAMS 0x000000070ce00000, 0x000000070ce00000| Untracked 
| 207|0x000000070cf00000, 0x000000070cf00000, 0x000000070d000000|  0%| F|  |TAMS 0x000000070cf00000, 0x000000070cf00000| Untracked 
| 208|0x000000070d000000, 0x000000070d000000, 0x000000070d100000|  0%| F|  |TAMS 0x000000070d000000, 0x000000070d000000| Untracked 
| 209|0x000000070d100000, 0x000000070d100000, 0x000000070d200000|  0%| F|  |TAMS 0x000000070d100000, 0x000000070d100000| Untracked 
| 210|0x000000070d200000, 0x000000070d200000, 0x000000070d300000|  0%| F|  |TAMS 0x000000070d200000, 0x000000070d200000| Untracked 
| 211|0x000000070d300000, 0x000000070d300000, 0x000000070d400000|  0%| F|  |TAMS 0x000000070d300000, 0x000000070d300000| Untracked 
| 212|0x000000070d400000, 0x000000070d400000, 0x000000070d500000|  0%| F|  |TAMS 0x000000070d400000, 0x000000070d400000| Untracked 
| 213|0x000000070d500000, 0x000000070d500000, 0x000000070d600000|  0%| F|  |TAMS 0x000000070d500000, 0x000000070d500000| Untracked 
| 214|0x000000070d600000, 0x000000070d600000, 0x000000070d700000|  0%| F|  |TAMS 0x000000070d600000, 0x000000070d600000| Untracked 
| 215|0x000000070d700000, 0x000000070d700000, 0x000000070d800000|  0%| F|  |TAMS 0x000000070d700000, 0x000000070d700000| Untracked 
| 216|0x000000070d800000, 0x000000070d800000, 0x000000070d900000|  0%| F|  |TAMS 0x000000070d800000, 0x000000070d800000| Untracked 
| 217|0x000000070d900000, 0x000000070d900000, 0x000000070da00000|  0%| F|  |TAMS 0x000000070d900000, 0x000000070d900000| Untracked 
| 218|0x000000070da00000, 0x000000070da00000, 0x000000070db00000|  0%| F|  |TAMS 0x000000070da00000, 0x000000070da00000| Untracked 
| 219|0x000000070db00000, 0x000000070db00000, 0x000000070dc00000|  0%| F|  |TAMS 0x000000070db00000, 0x000000070db00000| Untracked 
| 220|0x000000070dc00000, 0x000000070dc00000, 0x000000070dd00000|  0%| F|  |TAMS 0x000000070dc00000, 0x000000070dc00000| Untracked 
| 221|0x000000070dd00000, 0x000000070dd00000, 0x000000070de00000|  0%| F|  |TAMS 0x000000070dd00000, 0x000000070dd00000| Untracked 
| 222|0x000000070de00000, 0x000000070de00000, 0x000000070df00000|  0%| F|  |TAMS 0x000000070de00000, 0x000000070de00000| Untracked 
| 223|0x000000070df00000, 0x000000070df00000, 0x000000070e000000|  0%| F|  |TAMS 0x000000070df00000, 0x000000070df00000| Untracked 
| 224|0x000000070e000000, 0x000000070e000000, 0x000000070e100000|  0%| F|  |TAMS 0x000000070e000000, 0x000000070e000000| Untracked 
| 225|0x000000070e100000, 0x000000070e100000, 0x000000070e200000|  0%| F|  |TAMS 0x000000070e100000, 0x000000070e100000| Untracked 
| 226|0x000000070e200000, 0x000000070e200000, 0x000000070e300000|  0%| F|  |TAMS 0x000000070e200000, 0x000000070e200000| Untracked 
| 227|0x000000070e300000, 0x000000070e300000, 0x000000070e400000|  0%| F|  |TAMS 0x000000070e300000, 0x000000070e300000| Untracked 
| 228|0x000000070e400000, 0x000000070e400000, 0x000000070e500000|  0%| F|  |TAMS 0x000000070e400000, 0x000000070e400000| Untracked 
| 229|0x000000070e500000, 0x000000070e500000, 0x000000070e600000|  0%| F|  |TAMS 0x000000070e500000, 0x000000070e500000| Untracked 
| 230|0x000000070e600000, 0x000000070e600000, 0x000000070e700000|  0%| F|  |TAMS 0x000000070e600000, 0x000000070e600000| Untracked 
| 231|0x000000070e700000, 0x000000070e700000, 0x000000070e800000|  0%| F|  |TAMS 0x000000070e700000, 0x000000070e700000| Untracked 
| 232|0x000000070e800000, 0x000000070e800000, 0x000000070e900000|  0%| F|  |TAMS 0x000000070e800000, 0x000000070e800000| Untracked 
| 233|0x000000070e900000, 0x000000070e900000, 0x000000070ea00000|  0%| F|  |TAMS 0x000000070e900000, 0x000000070e900000| Untracked 
| 234|0x000000070ea00000, 0x000000070ea00000, 0x000000070eb00000|  0%| F|  |TAMS 0x000000070ea00000, 0x000000070ea00000| Untracked 
| 235|0x000000070eb00000, 0x000000070eb00000, 0x000000070ec00000|  0%| F|  |TAMS 0x000000070eb00000, 0x000000070eb00000| Untracked 
| 236|0x000000070ec00000, 0x000000070ec00000, 0x000000070ed00000|  0%| F|  |TAMS 0x000000070ec00000, 0x000000070ec00000| Untracked 
| 237|0x000000070ed00000, 0x000000070ed00000, 0x000000070ee00000|  0%| F|  |TAMS 0x000000070ed00000, 0x000000070ed00000| Untracked 
| 238|0x000000070ee00000, 0x000000070ee00000, 0x000000070ef00000|  0%| F|  |TAMS 0x000000070ee00000, 0x000000070ee00000| Untracked 
| 239|0x000000070ef00000, 0x000000070ef00000, 0x000000070f000000|  0%| F|  |TAMS 0x000000070ef00000, 0x000000070ef00000| Untracked 
| 240|0x000000070f000000, 0x000000070f000000, 0x000000070f100000|  0%| F|  |TAMS 0x000000070f000000, 0x000000070f000000| Untracked 
| 241|0x000000070f100000, 0x000000070f100000, 0x000000070f200000|  0%| F|  |TAMS 0x000000070f100000, 0x000000070f100000| Untracked 
| 242|0x000000070f200000, 0x000000070f200000, 0x000000070f300000|  0%| F|  |TAMS 0x000000070f200000, 0x000000070f200000| Untracked 
| 243|0x000000070f300000, 0x000000070f300000, 0x000000070f400000|  0%| F|  |TAMS 0x000000070f300000, 0x000000070f300000| Untracked 
| 244|0x000000070f400000, 0x000000070f400000, 0x000000070f500000|  0%| F|  |TAMS 0x000000070f400000, 0x000000070f400000| Untracked 
| 245|0x000000070f500000, 0x000000070f500000, 0x000000070f600000|  0%| F|  |TAMS 0x000000070f500000, 0x000000070f500000| Untracked 
| 246|0x000000070f600000, 0x000000070f600000, 0x000000070f700000|  0%| F|  |TAMS 0x000000070f600000, 0x000000070f600000| Untracked 
| 247|0x000000070f700000, 0x000000070f700000, 0x000000070f800000|  0%| F|  |TAMS 0x000000070f700000, 0x000000070f700000| Untracked 
| 248|0x000000070f800000, 0x000000070f800000, 0x000000070f900000|  0%| F|  |TAMS 0x000000070f800000, 0x000000070f800000| Untracked 
| 249|0x000000070f900000, 0x000000070f900000, 0x000000070fa00000|  0%| F|  |TAMS 0x000000070f900000, 0x000000070f900000| Untracked 
| 250|0x000000070fa00000, 0x000000070fa00000, 0x000000070fb00000|  0%| F|  |TAMS 0x000000070fa00000, 0x000000070fa00000| Untracked 
| 251|0x000000070fb00000, 0x000000070fb00000, 0x000000070fc00000|  0%| F|  |TAMS 0x000000070fb00000, 0x000000070fb00000| Untracked 
| 252|0x000000070fc00000, 0x000000070fc00000, 0x000000070fd00000|  0%| F|  |TAMS 0x000000070fc00000, 0x000000070fc00000| Untracked 
| 253|0x000000070fd00000, 0x000000070fd80800, 0x000000070fe00000| 50%| E|  |TAMS 0x000000070fd00000, 0x000000070fd00000| Complete 
| 254|0x000000070fe00000, 0x000000070ff00000, 0x000000070ff00000|100%| E|CS|TAMS 0x000000070fe00000, 0x000000070fe00000| Complete 
| 255|0x000000070ff00000, 0x0000000710000000, 0x0000000710000000|100%| E|CS|TAMS 0x000000070ff00000, 0x000000070ff00000| Complete 

Card table byte_map: [0x000001f86e3a0000,0x000001f86eba0000] _byte_map_base: 0x000001f86aba0000

Marking Bits (Prev, Next): (CMBitMap*) 0x000001f85a681340, (CMBitMap*) 0x000001f85a681308
 Prev Bits: [0x000001f8733a0000, 0x000001f8773a0000)
 Next Bits: [0x000001f86f3a0000, 0x000001f8733a0000)

Polling page: 0x000001f858e00000

Metaspace:

Usage:
  Non-class:     80.68 MB capacity,    78.49 MB ( 97%) used,     1.91 MB (  2%) free+waste,   281.94 KB ( <1%) overhead. 
      Class:     13.14 MB capacity,    11.78 MB ( 90%) used,     1.23 MB (  9%) free+waste,   133.63 KB ( <1%) overhead. 
       Both:     93.82 MB capacity,    90.27 MB ( 96%) used,     3.14 MB (  3%) free+waste,   415.56 KB ( <1%) overhead. 

Virtual space:
  Non-class space:       82.00 MB reserved,      80.75 MB ( 98%) committed 
      Class space:        1.00 GB reserved,      13.25 MB (  1%) committed 
             Both:        1.08 GB reserved,      94.00 MB (  8%) committed 

Chunk freelists:
   Non-Class:  11.00 KB
       Class:  12.00 KB
        Both:  23.00 KB

MaxMetaspaceSize: 17179869184.00 GB
CompressedClassSpaceSize: 1.00 GB
Initial GC threshold: 20.80 MB
Current GC threshold: 98.13 MB
CDS: off

CodeHeap 'non-profiled nmethods': size=120000Kb used=7676Kb max_used=7676Kb free=112323Kb
 bounds [0x000001f865c00000, 0x000001f866380000, 0x000001f86d130000]
CodeHeap 'profiled nmethods': size=120000Kb used=24785Kb max_used=24785Kb free=95214Kb
 bounds [0x000001f85e6d0000, 0x000001f85ff10000, 0x000001f865c00000]
CodeHeap 'non-nmethods': size=5760Kb used=2384Kb max_used=2446Kb free=3376Kb
 bounds [0x000001f85e130000, 0x000001f85e3b0000, 0x000001f85e6d0000]
 total_blobs=12046 nmethods=11147 adapters=811
 compilation: enabled
              stopped_count=0, restarted_count=0
 full_count=0

Compilation events (20 events):
Event: 57.504 Thread 0x000001f87a834000 nmethod 11123 0x000001f86636d710 code [0x000001f86636d8c0, 0x000001f86636d978]
Event: 57.504 Thread 0x000001f87a834000 11124       3       org.gradle.api.internal.artifacts.ivyservice.resolutionstrategy.DefaultComponentSelectionRules::<init> (9 bytes)
Event: 57.504 Thread 0x000001f87a834000 nmethod 11124 0x000001f85fee4610 code [0x000001f85fee4820, 0x000001f85fee4da8]
Event: 57.504 Thread 0x000001f800a35800 nmethod 11062 0x000001f86636da10 code [0x000001f86636dc00, 0x000001f86636e968]
Event: 57.504 Thread 0x000001f800a35800 11121       4       org.gradle.tooling.internal.provider.runner.SubtreeFilteringBuildOperationListener::finished (72 bytes)
Event: 57.505 Thread 0x000001f87a834000 11125       3       org.gradle.api.DefaultTask::getName (5 bytes)
Event: 57.505 Thread 0x000001f87a834000 nmethod 11125 0x000001f85fee4f90 code [0x000001f85fee5140, 0x000001f85fee52b8]
Event: 57.505 Thread 0x000001f87a834000 11126       3       org.gradle.api.internal.AbstractTask::getName (8 bytes)
Event: 57.505 Thread 0x000001f87a834000 nmethod 11126 0x000001f85fee5390 code [0x000001f85fee5540, 0x000001f85fee5658]
Event: 57.507 Thread 0x000001f87a834000 11127       3       java.nio.channels.spi.AbstractSelectableChannel::isBlocking (13 bytes)
Event: 57.507 Thread 0x000001f87a834000 nmethod 11127 0x000001f85fee5710 code [0x000001f85fee58c0, 0x000001f85fee5a18]
Event: 57.507 Thread 0x000001f87a834000 11128       3       org.gradle.internal.io.BufferCaster::cast (2 bytes)
Event: 57.507 Thread 0x000001f87a834000 nmethod 11128 0x000001f85fee5a90 code [0x000001f85fee5c40, 0x000001f85fee5d18]
Event: 57.507 Thread 0x000001f87a834000 11129       3       sun.nio.ch.SocketChannelImpl::ensureOpenAndConnected (32 bytes)
Event: 57.507 Thread 0x000001f87a834000 nmethod 11129 0x000001f85fee5d90 code [0x000001f85fee5f60, 0x000001f85fee6238]
Event: 57.507 Thread 0x000001f87a834000 11130       3       org.gradle.launcher.daemon.protocol.Message::<init> (5 bytes)
Event: 57.507 Thread 0x000001f87a834000 nmethod 11130 0x000001f85fee6390 code [0x000001f85fee6540, 0x000001f85fee6698]
Event: 57.507 Thread 0x000001f87a834000 11131   !   3       java.nio.DirectByteBuffer::compact (99 bytes)
Event: 57.508 Thread 0x000001f87a834000 nmethod 11131 0x000001f85fee6790 code [0x000001f85fee69c0, 0x000001f85fee7068]
Event: 57.511 Thread 0x000001f800a35800 nmethod 11121 0x000001f86636f090 code [0x000001f86636f2c0, 0x000001f86636f950]

GC Heap History (20 events):
Event: 0.716 GC heap before
{Heap before GC invocations=0 (full 0):
 garbage-first heap   total 262144K, used 29696K [0x0000000700000000, 0x0000000800000000)
  region size 1024K, 24 young (24576K), 0 survivors (0K)
 Metaspace       used 10214K, capacity 10429K, committed 10624K, reserved 1058816K
  class space    used 1064K, capacity 1139K, committed 1152K, reserved 1048576K
}
Event: 0.720 GC heap after
{Heap after GC invocations=1 (full 0):
 garbage-first heap   total 262144K, used 9348K [0x0000000700000000, 0x0000000800000000)
  region size 1024K, 3 young (3072K), 3 survivors (3072K)
 Metaspace       used 10214K, capacity 10429K, committed 10624K, reserved 1058816K
  class space    used 1064K, capacity 1139K, committed 1152K, reserved 1048576K
}
Event: 2.922 GC heap before
{Heap before GC invocations=1 (full 0):
 garbage-first heap   total 262144K, used 104580K [0x0000000700000000, 0x0000000800000000)
  region size 1024K, 97 young (99328K), 3 survivors (3072K)
 Metaspace       used 20563K, capacity 21096K, committed 21248K, reserved 1067008K
  class space    used 2509K, capacity 2690K, committed 2816K, reserved 1048576K
}
Event: 2.931 GC heap after
{Heap after GC invocations=2 (full 0):
 garbage-first heap   total 262144K, used 16758K [0x0000000700000000, 0x0000000800000000)
  region size 1024K, 11 young (11264K), 11 survivors (11264K)
 Metaspace       used 20563K, capacity 21096K, committed 21248K, reserved 1067008K
  class space    used 2509K, capacity 2690K, committed 2816K, reserved 1048576K
}
Event: 3.431 GC heap before
{Heap before GC invocations=3 (full 0):
 garbage-first heap   total 262144K, used 43382K [0x0000000700000000, 0x0000000800000000)
  region size 1024K, 37 young (37888K), 11 survivors (11264K)
 Metaspace       used 23066K, capacity 23625K, committed 23936K, reserved 1071104K
  class space    used 2931K, capacity 3110K, committed 3200K, reserved 1048576K
}
Event: 3.437 GC heap after
{Heap after GC invocations=4 (full 0):
 garbage-first heap   total 262144K, used 17756K [0x0000000700000000, 0x0000000800000000)
  region size 1024K, 2 young (2048K), 2 survivors (2048K)
 Metaspace       used 23066K, capacity 23625K, committed 23936K, reserved 1071104K
  class space    used 2931K, capacity 3110K, committed 3200K, reserved 1048576K
}
Event: 25.077 GC heap before
{Heap before GC invocations=4 (full 0):
 garbage-first heap   total 262144K, used 102748K [0x0000000700000000, 0x0000000800000000)
  region size 1024K, 87 young (89088K), 2 survivors (2048K)
 Metaspace       used 35070K, capacity 35831K, committed 35840K, reserved 1081344K
  class space    used 4543K, capacity 4864K, committed 4864K, reserved 1048576K
}
Event: 25.084 GC heap after
{Heap after GC invocations=5 (full 0):
 garbage-first heap   total 262144K, used 22385K [0x0000000700000000, 0x0000000800000000)
  region size 1024K, 6 young (6144K), 6 survivors (6144K)
 Metaspace       used 35070K, capacity 35831K, committed 35840K, reserved 1081344K
  class space    used 4543K, capacity 4864K, committed 4864K, reserved 1048576K
}
Event: 31.928 GC heap before
{Heap before GC invocations=6 (full 0):
 garbage-first heap   total 262144K, used 150385K [0x0000000700000000, 0x0000000800000000)
  region size 1024K, 128 young (131072K), 6 survivors (6144K)
 Metaspace       used 46810K, capacity 48020K, committed 48128K, reserved 1091584K
  class space    used 6103K, capacity 6566K, committed 6656K, reserved 1048576K
}
Event: 31.940 GC heap after
{Heap after GC invocations=7 (full 0):
 garbage-first heap   total 262144K, used 29160K [0x0000000700000000, 0x0000000800000000)
  region size 1024K, 13 young (13312K), 13 survivors (13312K)
 Metaspace       used 46810K, capacity 48020K, committed 48128K, reserved 1091584K
  class space    used 6103K, capacity 6566K, committed 6656K, reserved 1048576K
}
Event: 37.457 GC heap before
{Heap before GC invocations=7 (full 0):
 garbage-first heap   total 262144K, used 169448K [0x0000000700000000, 0x0000000800000000)
  region size 1024K, 147 young (150528K), 13 survivors (13312K)
 Metaspace       used 56488K, capacity 58031K, committed 58240K, reserved 1099776K
  class space    used 7367K, capacity 7983K, committed 8064K, reserved 1048576K
}
Event: 37.470 GC heap after
{Heap after GC invocations=8 (full 0):
 garbage-first heap   total 262144K, used 39399K [0x0000000700000000, 0x0000000800000000)
  region size 1024K, 15 young (15360K), 15 survivors (15360K)
 Metaspace       used 56488K, capacity 58031K, committed 58240K, reserved 1099776K
  class space    used 7367K, capacity 7983K, committed 8064K, reserved 1048576K
}
Event: 37.986 GC heap before
{Heap before GC invocations=8 (full 0):
 garbage-first heap   total 262144K, used 72167K [0x0000000700000000, 0x0000000800000000)
  region size 1024K, 48 young (49152K), 15 survivors (15360K)
 Metaspace       used 58557K, capacity 60018K, committed 60160K, reserved 1101824K
  class space    used 7607K, capacity 8190K, committed 8192K, reserved 1048576K
}
Event: 38.002 GC heap after
{Heap after GC invocations=9 (full 0):
 garbage-first heap   total 262144K, used 40948K [0x0000000700000000, 0x0000000800000000)
  region size 1024K, 10 young (10240K), 10 survivors (10240K)
 Metaspace       used 58557K, capacity 60018K, committed 60160K, reserved 1101824K
  class space    used 7607K, capacity 8190K, committed 8192K, reserved 1048576K
}
Event: 52.011 GC heap before
{Heap before GC invocations=10 (full 0):
 garbage-first heap   total 262144K, used 197620K [0x0000000700000000, 0x0000000800000000)
  region size 1024K, 153 young (156672K), 10 survivors (10240K)
 Metaspace       used 66979K, capacity 69009K, committed 69120K, reserved 1110016K
  class space    used 8713K, capacity 9454K, committed 9472K, reserved 1048576K
}
Event: 52.025 GC heap after
{Heap after GC invocations=11 (full 0):
 garbage-first heap   total 262144K, used 66400K [0x0000000700000000, 0x0000000800000000)
  region size 1024K, 20 young (20480K), 20 survivors (20480K)
 Metaspace       used 66979K, capacity 69009K, committed 69120K, reserved 1110016K
  class space    used 8713K, capacity 9454K, committed 9472K, reserved 1048576K
}
Event: 53.374 GC heap before
{Heap before GC invocations=11 (full 0):
 garbage-first heap   total 262144K, used 200544K [0x0000000700000000, 0x0000000800000000)
  region size 1024K, 151 young (154624K), 20 survivors (20480K)
 Metaspace       used 79959K, capacity 82201K, committed 82304K, reserved 1120256K
  class space    used 10319K, capacity 11111K, committed 11136K, reserved 1048576K
}
Event: 53.393 GC heap after
{Heap after GC invocations=12 (full 0):
 garbage-first heap   total 262144K, used 75832K [0x0000000700000000, 0x0000000800000000)
  region size 1024K, 10 young (10240K), 10 survivors (10240K)
 Metaspace       used 79959K, capacity 82201K, committed 82304K, reserved 1120256K
  class space    used 10319K, capacity 11111K, committed 11136K, reserved 1048576K
}
Event: 55.293 GC heap before
{Heap before GC invocations=12 (full 0):
 garbage-first heap   total 262144K, used 203832K [0x0000000700000000, 0x0000000800000000)
  region size 1024K, 135 young (138240K), 10 survivors (10240K)
 Metaspace       used 87947K, capacity 90515K, committed 90624K, reserved 1128448K
  class space    used 11498K, capacity 12501K, committed 12544K, reserved 1048576K
}
Event: 55.312 GC heap after
{Heap after GC invocations=13 (full 0):
 garbage-first heap   total 262144K, used 89974K [0x0000000700000000, 0x0000000800000000)
  region size 1024K, 17 young (17408K), 17 survivors (17408K)
 Metaspace       used 87947K, capacity 90515K, committed 90624K, reserved 1128448K
  class space    used 11498K, capacity 12501K, committed 12544K, reserved 1048576K
}

Deoptimization events (20 events):
Event: 57.497 Thread 0x000001f87d03a000 Uncommon trap: trap_request=0xffffff4d fr.pc=0x000001f866027e8c relative=0x000000000000006c
Event: 57.497 Thread 0x000001f87d03a000 Uncommon trap: reason=unstable_if action=reinterpret pc=0x000001f866027e8c method=com.google.common.cache.LocalCache.isExpired(Lcom/google/common/cache/ReferenceEntry;J)Z @ 9 c2
Event: 57.497 Thread 0x000001f87d03a000 DEOPT PACKING pc=0x000001f866027e8c sp=0x00000053aa3f9a80
Event: 57.497 Thread 0x000001f87d03a000 DEOPT UNPACKING pc=0x000001f85e17a1af sp=0x00000053aa3f9a10 mode 2
Event: 57.498 Thread 0x000001f87d03a000 Uncommon trap: trap_request=0xffffffde fr.pc=0x000001f8662cd6ac relative=0x000000000000184c
Event: 57.498 Thread 0x000001f87d03a000 Uncommon trap: reason=class_check action=maybe_recompile pc=0x000001f8662cd6ac method=jdk.internal.reflect.GeneratedConstructorAccessor14.newInstance([Ljava/lang/Object;)Ljava/lang/Object; @ 33 c2
Event: 57.498 Thread 0x000001f87d03a000 DEOPT PACKING pc=0x000001f8662cd6ac sp=0x00000053aa3f9740
Event: 57.498 Thread 0x000001f87d03a000 DEOPT UNPACKING pc=0x000001f85e17a1af sp=0x00000053aa3f9728 mode 2
Event: 57.498 Thread 0x000001f87d03a000 Uncommon trap: trap_request=0xffffffde fr.pc=0x000001f8662cd6ac relative=0x000000000000184c
Event: 57.498 Thread 0x000001f87d03a000 Uncommon trap: reason=class_check action=maybe_recompile pc=0x000001f8662cd6ac method=jdk.internal.reflect.GeneratedConstructorAccessor14.newInstance([Ljava/lang/Object;)Ljava/lang/Object; @ 33 c2
Event: 57.498 Thread 0x000001f87d03a000 DEOPT PACKING pc=0x000001f8662cd6ac sp=0x00000053aa3f9740
Event: 57.498 Thread 0x000001f87d03a000 DEOPT UNPACKING pc=0x000001f85e17a1af sp=0x00000053aa3f9728 mode 2
Event: 57.498 Thread 0x000001f87d03a000 Uncommon trap: trap_request=0xffffffde fr.pc=0x000001f8662cd6ac relative=0x000000000000184c
Event: 57.498 Thread 0x000001f87d03a000 Uncommon trap: reason=class_check action=maybe_recompile pc=0x000001f8662cd6ac method=jdk.internal.reflect.GeneratedConstructorAccessor14.newInstance([Ljava/lang/Object;)Ljava/lang/Object; @ 33 c2
Event: 57.498 Thread 0x000001f87d03a000 DEOPT PACKING pc=0x000001f8662cd6ac sp=0x00000053aa3f9740
Event: 57.498 Thread 0x000001f87d03a000 DEOPT UNPACKING pc=0x000001f85e17a1af sp=0x00000053aa3f9728 mode 2
Event: 57.499 Thread 0x000001f87d03a000 Uncommon trap: trap_request=0xffffffde fr.pc=0x000001f8662cd6ac relative=0x000000000000184c
Event: 57.499 Thread 0x000001f87d03a000 Uncommon trap: reason=class_check action=maybe_recompile pc=0x000001f8662cd6ac method=jdk.internal.reflect.GeneratedConstructorAccessor14.newInstance([Ljava/lang/Object;)Ljava/lang/Object; @ 33 c2
Event: 57.499 Thread 0x000001f87d03a000 DEOPT PACKING pc=0x000001f8662cd6ac sp=0x00000053aa3f9740
Event: 57.499 Thread 0x000001f87d03a000 DEOPT UNPACKING pc=0x000001f85e17a1af sp=0x00000053aa3f9728 mode 2

Classes redefined (0 events):
No events

Internal exceptions (20 events):
Event: 56.102 Thread 0x000001f87d03a000 Exception <a 'java/lang/ClassNotFoundException'{0x000000070e0fcef0}: build_e4b69vtc9hum39lhl84ztg4otCustomizer> (0x000000070e0fcef0) thrown at [./src/hotspot/share/classfile/systemDictionary.cpp, line 231]
Event: 56.270 Thread 0x000001f87d03a000 Exception <a 'java/lang/ClassNotFoundException'{0x000000070d875cc8}: build_62y6ryek1d2dnt23d5d83246lBeanInfo> (0x000000070d875cc8) thrown at [./src/hotspot/share/classfile/systemDictionary.cpp, line 231]
Event: 56.270 Thread 0x000001f87d03a000 Exception <a 'java/lang/ClassNotFoundException'{0x000000070d880bf0}: build_62y6ryek1d2dnt23d5d83246lCustomizer> (0x000000070d880bf0) thrown at [./src/hotspot/share/classfile/systemDictionary.cpp, line 231]
Event: 56.458 Thread 0x000001f87d03a000 Exception <a 'java/lang/ClassNotFoundException'{0x000000070d1f79a8}: build_as2b8o3zz57a7bw3xjd6xz3qaBeanInfo> (0x000000070d1f79a8) thrown at [./src/hotspot/share/classfile/systemDictionary.cpp, line 231]
Event: 56.459 Thread 0x000001f87d03a000 Exception <a 'java/lang/ClassNotFoundException'{0x000000070d02a300}: build_as2b8o3zz57a7bw3xjd6xz3qaCustomizer> (0x000000070d02a300) thrown at [./src/hotspot/share/classfile/systemDictionary.cpp, line 231]
Event: 56.612 Thread 0x000001f87d03a000 Exception <a 'java/lang/ClassNotFoundException'{0x000000070c9a2e38}: build_an8rb5uefnm65oacctqzp0832BeanInfo> (0x000000070c9a2e38) thrown at [./src/hotspot/share/classfile/systemDictionary.cpp, line 231]
Event: 56.612 Thread 0x000001f87d03a000 Exception <a 'java/lang/ClassNotFoundException'{0x000000070c9add60}: build_an8rb5uefnm65oacctqzp0832Customizer> (0x000000070c9add60) thrown at [./src/hotspot/share/classfile/systemDictionary.cpp, line 231]
Event: 56.807 Thread 0x000001f87d03a000 Exception <a 'java/lang/ClassNotFoundException'{0x000000070c1384c0}: build_1unb6ixzexc3z1nbx0nj8bhinBeanInfo> (0x000000070c1384c0) thrown at [./src/hotspot/share/classfile/systemDictionary.cpp, line 231]
Event: 56.807 Thread 0x000001f87d03a000 Exception <a 'java/lang/ClassNotFoundException'{0x000000070c1433e8}: build_1unb6ixzexc3z1nbx0nj8bhinCustomizer> (0x000000070c1433e8) thrown at [./src/hotspot/share/classfile/systemDictionary.cpp, line 231]
Event: 56.957 Thread 0x000001f87d03a000 Exception <a 'java/lang/ClassNotFoundException'{0x000000070badfbf0}: build_culv14xoeuep7qprov9dbjuqjBeanInfo> (0x000000070badfbf0) thrown at [./src/hotspot/share/classfile/systemDictionary.cpp, line 231]
Event: 56.957 Thread 0x000001f87d03a000 Exception <a 'java/lang/ClassNotFoundException'{0x000000070baeab18}: build_culv14xoeuep7qprov9dbjuqjCustomizer> (0x000000070baeab18) thrown at [./src/hotspot/share/classfile/systemDictionary.cpp, line 231]
Event: 57.130 Thread 0x000001f87d03a000 Exception <a 'java/lang/ClassNotFoundException'{0x000000070b2ce2b0}: build_5j155w9q4sb48rbb0ekn2699xBeanInfo> (0x000000070b2ce2b0) thrown at [./src/hotspot/share/classfile/systemDictionary.cpp, line 231]
Event: 57.130 Thread 0x000001f87d03a000 Exception <a 'java/lang/ClassNotFoundException'{0x000000070b2d91d8}: build_5j155w9q4sb48rbb0ekn2699xCustomizer> (0x000000070b2d91d8) thrown at [./src/hotspot/share/classfile/systemDictionary.cpp, line 231]
Event: 57.298 Thread 0x000001f87d03a000 Exception <a 'java/lang/ClassNotFoundException'{0x000000070aaf42f8}: build_bkg6be54os0tabddjo92nq6iaBeanInfo> (0x000000070aaf42f8) thrown at [./src/hotspot/share/classfile/systemDictionary.cpp, line 231]
Event: 57.298 Thread 0x000001f87d03a000 Exception <a 'java/lang/ClassNotFoundException'{0x000000070aaff220}: build_bkg6be54os0tabddjo92nq6iaCustomizer> (0x000000070aaff220) thrown at [./src/hotspot/share/classfile/systemDictionary.cpp, line 231]
Event: 57.424 Thread 0x000001f87d03a000 Exception <a 'java/lang/ClassNotFoundException'{0x000000070a282d90}: build_4cawolz0a2hwaslk3ol8dlw9jBeanInfo> (0x000000070a282d90) thrown at [./src/hotspot/share/classfile/systemDictionary.cpp, line 231]
Event: 57.424 Thread 0x000001f87d03a000 Exception <a 'java/lang/ClassNotFoundException'{0x000000070a2ac748}: build_4cawolz0a2hwaslk3ol8dlw9jCustomizer> (0x000000070a2ac748) thrown at [./src/hotspot/share/classfile/systemDictionary.cpp, line 231]
Event: 57.479 Thread 0x000001f87d03a000 Implicit null exception at 0x000001f86628d3c8 to 0x000001f86628dd24
Event: 57.480 Thread 0x000001f87d03a000 Implicit null exception at 0x000001f86621a129 to 0x000001f86621a97c
Event: 57.480 Thread 0x000001f87d03a000 Implicit null exception at 0x000001f8661ee3db to 0x000001f8661ee7fc

Events (20 events):
Event: 57.494 loading class org/gradle/api/internal/artifacts/result/DefaultResolvedDependencyResult
Event: 57.494 loading class org/gradle/api/internal/artifacts/result/DefaultResolvedDependencyResult done
Event: 57.495 loading class org/gradle/api/artifacts/result/ResolvedDependencyResult
Event: 57.495 loading class org/gradle/api/artifacts/result/ResolvedDependencyResult done
Event: 57.495 loading class org/gradle/api/internal/artifacts/result/AbstractDependencyResult
Event: 57.495 loading class org/gradle/api/internal/artifacts/result/AbstractDependencyResult done
Event: 57.497 loading class org/gradle/api/artifacts/result/ResolvedComponentResult
Event: 57.497 loading class org/gradle/api/artifacts/result/ResolvedComponentResult done
Event: 57.497 loading class org/gradle/api/artifacts/component/ModuleComponentIdentifier
Event: 57.497 loading class org/gradle/api/artifacts/component/ModuleComponentIdentifier done
Event: 57.499 loading class org/gradle/api/internal/artifacts/ivyservice/ShortCircuitEmptyConfigurationResolver$EmptyResolvedConfiguration
Event: 57.499 loading class org/gradle/api/internal/artifacts/ivyservice/ShortCircuitEmptyConfigurationResolver$EmptyResolvedConfiguration done
Event: 57.504 loading class org/gradle/util/NameMatcher
Event: 57.504 loading class org/gradle/util/NameMatcher done
Event: 57.505 loading class org/gradle/execution/TaskNameResolver$1
Event: 57.505 loading class org/gradle/execution/TaskNameResolver$1 done
Event: 57.506 Executing VM operation: BulkRevokeBias
Event: 57.506 Executing VM operation: BulkRevokeBias done
Event: 57.507 loading class com/android/build/gradle/internal/tasks/MergeNativeDebugMetadataTask$Companion
Event: 57.507 loading class com/android/build/gradle/internal/tasks/MergeNativeDebugMetadataTask$Companion done


Dynamic libraries:
0x00007ff7e42d0000 - 0x00007ff7e42da000 	C:\Users\milen\AppData\Local\JetBrains\Toolbox\apps\AndroidStudio\ch-0\212.5712.43.2112.8512546\jre\bin\java.exe
0x00007ff9862b0000 - 0x00007ff9864a5000 	C:\Windows\SYSTEM32\ntdll.dll
0x00007ff984be0000 - 0x00007ff984c9d000 	C:\Windows\System32\KERNEL32.DLL
0x00007ff983d60000 - 0x00007ff98402d000 	C:\Windows\System32\KERNELBASE.dll
0x00007ff9840a0000 - 0x00007ff9841a0000 	C:\Windows\System32\ucrtbase.dll
0x00007ff96b7e0000 - 0x00007ff96b7f7000 	C:\Users\milen\AppData\Local\JetBrains\Toolbox\apps\AndroidStudio\ch-0\212.5712.43.2112.8512546\jre\bin\VCRUNTIME140.dll
0x00007ff96b0a0000 - 0x00007ff96b0b9000 	C:\Users\milen\AppData\Local\JetBrains\Toolbox\apps\AndroidStudio\ch-0\212.5712.43.2112.8512546\jre\bin\jli.dll
0x00007ff9860d0000 - 0x00007ff986270000 	C:\Windows\System32\USER32.dll
0x00007ff983bf0000 - 0x00007ff983c12000 	C:\Windows\System32\win32u.dll
0x00007ff9725a0000 - 0x00007ff97283a000 	C:\Windows\WinSxS\amd64_microsoft.windows.common-controls_6595b64144ccf1df_6.0.19041.1110_none_60b5254171f9507e\COMCTL32.dll
0x00007ff985d90000 - 0x00007ff985dba000 	C:\Windows\System32\GDI32.dll
0x00007ff9858f0000 - 0x00007ff98598e000 	C:\Windows\System32\msvcrt.dll
0x00007ff9841f0000 - 0x00007ff9842fb000 	C:\Windows\System32\gdi32full.dll
0x00007ff9839c0000 - 0x00007ff983a5d000 	C:\Windows\System32\msvcp_win.dll
0x00007ff984bb0000 - 0x00007ff984be0000 	C:\Windows\System32\IMM32.DLL
0x00007ff935530000 - 0x00007ff9355cd000 	C:\Users\milen\AppData\Local\JetBrains\Toolbox\apps\AndroidStudio\ch-0\212.5712.43.2112.8512546\jre\bin\msvcp140.dll
0x00007ff94c1c0000 - 0x00007ff94cca5000 	C:\Users\milen\AppData\Local\JetBrains\Toolbox\apps\AndroidStudio\ch-0\212.5712.43.2112.8512546\jre\bin\server\jvm.dll
0x00007ff984310000 - 0x00007ff9843be000 	C:\Windows\System32\ADVAPI32.dll
0x00007ff985990000 - 0x00007ff985a2c000 	C:\Windows\System32\sechost.dll
0x00007ff985fa0000 - 0x00007ff9860c5000 	C:\Windows\System32\RPCRT4.dll
0x00007ff984300000 - 0x00007ff984308000 	C:\Windows\System32\PSAPI.DLL
0x00007ff97cc40000 - 0x00007ff97cc4a000 	C:\Windows\SYSTEM32\VERSION.dll
0x00007ff97f860000 - 0x00007ff97f869000 	C:\Windows\SYSTEM32\WSOCK32.dll
0x00007ff9729f0000 - 0x00007ff972a17000 	C:\Windows\SYSTEM32\WINMM.dll
0x00007ff985ac0000 - 0x00007ff985b2b000 	C:\Windows\System32\WS2_32.dll
0x00007ff9818c0000 - 0x00007ff9818d2000 	C:\Windows\SYSTEM32\kernel.appcore.dll
0x00007ff957910000 - 0x00007ff957921000 	C:\Users\milen\AppData\Local\JetBrains\Toolbox\apps\AndroidStudio\ch-0\212.5712.43.2112.8512546\jre\bin\verify.dll
0x00007ff96a740000 - 0x00007ff96a924000 	C:\Windows\SYSTEM32\DBGHELP.DLL
0x00007ff96a710000 - 0x00007ff96a73c000 	C:\Windows\SYSTEM32\dbgcore.DLL
0x00007ff983cd0000 - 0x00007ff983d52000 	C:\Windows\System32\bcryptPrimitives.dll
0x00007ff9542b0000 - 0x00007ff9542d9000 	C:\Users\milen\AppData\Local\JetBrains\Toolbox\apps\AndroidStudio\ch-0\212.5712.43.2112.8512546\jre\bin\java.dll
0x00007ff95f720000 - 0x00007ff95f72b000 	C:\Users\milen\AppData\Local\JetBrains\Toolbox\apps\AndroidStudio\ch-0\212.5712.43.2112.8512546\jre\bin\jimage.dll
0x00007ff9377b0000 - 0x00007ff9377c8000 	C:\Users\milen\AppData\Local\JetBrains\Toolbox\apps\AndroidStudio\ch-0\212.5712.43.2112.8512546\jre\bin\zip.dll
0x00007ff984d20000 - 0x00007ff985464000 	C:\Windows\System32\SHELL32.dll
0x00007ff981ac0000 - 0x00007ff982254000 	C:\Windows\SYSTEM32\windows.storage.dll
0x00007ff9854e0000 - 0x00007ff985834000 	C:\Windows\System32\combase.dll
0x00007ff983420000 - 0x00007ff98344c000 	C:\Windows\SYSTEM32\Wldp.dll
0x00007ff985840000 - 0x00007ff9858ed000 	C:\Windows\System32\SHCORE.dll
0x00007ff9843c0000 - 0x00007ff984415000 	C:\Windows\System32\shlwapi.dll
0x00007ff983900000 - 0x00007ff98391f000 	C:\Windows\SYSTEM32\profapi.dll
0x00007ff9578f0000 - 0x00007ff95790a000 	C:\Users\milen\AppData\Local\JetBrains\Toolbox\apps\AndroidStudio\ch-0\212.5712.43.2112.8512546\jre\bin\net.dll
0x00007ff972c50000 - 0x00007ff972d5a000 	C:\Windows\SYSTEM32\WINHTTP.dll
0x00007ff983180000 - 0x00007ff9831ea000 	C:\Windows\system32\mswsock.dll
0x00007ff9578d0000 - 0x00007ff9578e4000 	C:\Users\milen\AppData\Local\JetBrains\Toolbox\apps\AndroidStudio\ch-0\212.5712.43.2112.8512546\jre\bin\nio.dll
0x00007ff97ca40000 - 0x00007ff97ca67000 	C:\Users\milen\.gradle\native\8bec1ad78214c89d9ad589b4d07fe93259594b29d510b10fafb7a158f7737e5d\windows-amd64\native-platform.dll
0x00007ff9707d0000 - 0x00007ff97090d000 	C:\Users\milen\.gradle\native\53dbd7edfb1c66fb8903c78663c9afc45aea4f116125fa6feffd364cf09443e8\windows-amd64\native-platform-file-events.dll
0x00007ff96b7a0000 - 0x00007ff96b7aa000 	C:\Users\milen\AppData\Local\JetBrains\Toolbox\apps\AndroidStudio\ch-0\212.5712.43.2112.8512546\jre\bin\management.dll
0x00007ff960010000 - 0x00007ff96001d000 	C:\Users\milen\AppData\Local\JetBrains\Toolbox\apps\AndroidStudio\ch-0\212.5712.43.2112.8512546\jre\bin\management_ext.dll
0x00007ff983370000 - 0x00007ff983388000 	C:\Windows\SYSTEM32\CRYPTSP.dll
0x00007ff982a90000 - 0x00007ff982ac4000 	C:\Windows\system32\rsaenh.dll
0x00007ff983a60000 - 0x00007ff983a87000 	C:\Windows\System32\bcrypt.dll
0x00007ff9838c0000 - 0x00007ff9838ee000 	C:\Windows\SYSTEM32\USERENV.dll
0x00007ff983390000 - 0x00007ff98339c000 	C:\Windows\SYSTEM32\CRYPTBASE.dll
0x00007ff982e20000 - 0x00007ff982e5b000 	C:\Windows\SYSTEM32\IPHLPAPI.DLL
0x00007ff984ba0000 - 0x00007ff984ba8000 	C:\Windows\System32\NSI.dll
0x00007ff973710000 - 0x00007ff973727000 	C:\Windows\SYSTEM32\dhcpcsvc6.DLL
0x00007ff973b80000 - 0x00007ff973b9d000 	C:\Windows\SYSTEM32\dhcpcsvc.DLL
0x00007ff982ec0000 - 0x00007ff982f8b000 	C:\Windows\SYSTEM32\DNSAPI.dll

dbghelp: loaded successfully - version: 4.0.5 - missing functions: none
symbol engine: initialized successfully - sym options: 0x614 - pdb path: .;C:\Users\milen\AppData\Local\JetBrains\Toolbox\apps\AndroidStudio\ch-0\212.5712.43.2112.8512546\jre\bin;C:\Windows\SYSTEM32;C:\Windows\WinSxS\amd64_microsoft.windows.common-controls_6595b64144ccf1df_6.0.19041.1110_none_60b5254171f9507e;C:\Users\milen\AppData\Local\JetBrains\Toolbox\apps\AndroidStudio\ch-0\212.5712.43.2112.8512546\jre\bin\server;C:\Users\milen\.gradle\native\8bec1ad78214c89d9ad589b4d07fe93259594b29d510b10fafb7a158f7737e5d\windows-amd64;C:\Users\milen\.gradle\native\53dbd7edfb1c66fb8903c78663c9afc45aea4f116125fa6feffd364cf09443e8\windows-amd64

VM Arguments:
jvm_args: --add-opens=java.base/java.util=ALL-UNNAMED --add-opens=java.base/java.lang=ALL-UNNAMED --add-opens=java.base/java.lang.invoke=ALL-UNNAMED --add-opens=java.base/java.util=ALL-UNNAMED --add-opens=java.prefs/java.util.prefs=ALL-UNNAMED --add-opens=java.prefs/java.util.prefs=ALL-UNNAMED --add-opens=java.base/java.nio.charset=ALL-UNNAMED --add-opens=java.base/java.net=ALL-UNNAMED --add-opens=java.base/java.util.concurrent.atomic=ALL-UNNAMED -Xmx4g -Dfile.encoding=windows-1251 -Duser.country=RU -Duser.language=ru -Duser.variant 
java_command: org.gradle.launcher.daemon.bootstrap.GradleDaemon 7.0.2
java_class_path (initial): C:\Users\milen\.gradle\wrapper\dists\gradle-7.0.2-bin\857tjihv64xamwrf0h14cai3r\gradle-7.0.2\lib\gradle-launcher-7.0.2.jar
Launcher Type: SUN_STANDARD

[Global flags]
     intx CICompilerCount                          = 4                                         {product} {ergonomic}
     uint ConcGCThreads                            = 2                                         {product} {ergonomic}
     uint G1ConcRefinementThreads                  = 8                                         {product} {ergonomic}
   size_t G1HeapRegionSize                         = 1048576                                   {product} {ergonomic}
    uintx GCDrainStackTargetSize                   = 64                                        {product} {ergonomic}
   size_t InitialHeapSize                          = 268435456                                 {product} {ergonomic}
   size_t MarkStackSize                            = 4194304                                   {product} {ergonomic}
   size_t MaxHeapSize                              = 4294967296                                {product} {command line}
   size_t MaxNewSize                               = 2576351232                                {product} {ergonomic}
   size_t MinHeapDeltaBytes                        = 1048576                                   {product} {ergonomic}
    uintx NonNMethodCodeHeapSize                   = 5836300                                {pd product} {ergonomic}
    uintx NonProfiledCodeHeapSize                  = 122910970                              {pd product} {ergonomic}
    uintx ProfiledCodeHeapSize                     = 122910970                              {pd product} {ergonomic}
    uintx ReservedCodeCacheSize                    = 251658240                              {pd product} {ergonomic}
     bool SegmentedCodeCache                       = true                                      {product} {ergonomic}
     bool UseCompressedClassPointers               = true                                 {lp64_product} {ergonomic}
     bool UseCompressedOops                        = true                                 {lp64_product} {ergonomic}
     bool UseG1GC                                  = true                                      {product} {ergonomic}
     bool UseLargePagesIndividualAllocation        = false                                  {pd product} {ergonomic}

Logging:
Log output configuration:
 #0: stdout all=warning uptime,level,tags
 #1: stderr all=off uptime,level,tags

Environment Variables:
PATH=C:\Windows\system32;C:\Windows;C:\Windows\System32\Wbem;C:\Windows\System32\WindowsPowerShell\v1.0\;C:\Windows\System32\OpenSSH\;C:\Program Files\Git\cmd;C:\Users\milen\AppData\Local\Microsoft\WindowsApps;
USERNAME=milen
OS=Windows_NT
PROCESSOR_IDENTIFIER=Intel64 Family 6 Model 158 Stepping 9, GenuineIntel



---------------  S Y S T E M  ---------------

OS: Windows 10 , 64 bit Build 19041 (10.0.19041.1706)
OS uptime: 0 days 0:17 hours

CPU:total 8 (initial active 8) (4 cores per cpu, 2 threads per core) family 6 model 158 stepping 9 microcode 0xb4, cmov, cx8, fxsr, mmx, sse, sse2, sse3, ssse3, sse4.1, sse4.2, popcnt, avx, avx2, aes, clmul, erms, 3dnowpref, lzcnt, ht, tsc, tscinvbit, bmi1, bmi2, adx, fma

Memory: 4k page, system-wide physical 16268M (7250M free)
TotalPageFile size 19212M (AvailPageFile size 9248M)
current process WorkingSet (physical memory assigned to process): 530M, peak: 530M
current process commit charge ("private bytes"): 571M, peak: 583M

vm_info: OpenJDK 64-Bit Server VM (11.0.12+7-b1504.28-7817840) for windows-amd64 JRE (11.0.12+7-b1504.28-7817840), built on Oct 13 2021 22:12:33 by "builder" with MS VC++ 14.0 (VS2015)

END.
