#
# A fatal error has been detected by the Java Runtime Environment:
#
#  EXCEPTION_ACCESS_VIOLATION (0xc0000005) at pc=0x00007ff94c3c978c, pid=12252, tid=8768
#
# JRE version: OpenJDK Runtime Environment (11.0.12+7) (build 11.0.12+7-b1504.28-7817840)
# Java VM: OpenJDK 64-Bit Server VM (11.0.12+7-b1504.28-7817840, mixed mode, tiered, compressed oops, g1 gc, windows-amd64)
# Problematic frame:
# V  [jvm.dll+0x20978c]
#
# No core dump will be written. Minidumps are not enabled by default on client versions of Windows
#
# If you would like to submit a bug report, please visit:
#   https://bugreport.java.com/bugreport/crash.jsp
#

---------------  S U M M A R Y ------------

Command Line: --add-opens=java.base/java.util=ALL-UNNAMED --add-opens=java.base/java.lang=ALL-UNNAMED --add-opens=java.base/java.lang.invoke=ALL-UNNAMED --add-opens=java.base/java.util=ALL-UNNAMED --add-opens=java.prefs/java.util.prefs=ALL-UNNAMED --add-opens=java.prefs/java.util.prefs=ALL-UNNAMED --add-opens=java.base/java.nio.charset=ALL-UNNAMED --add-opens=java.base/java.net=ALL-UNNAMED --add-opens=java.base/java.util.concurrent.atomic=ALL-UNNAMED -Xmx4g -Dfile.encoding=windows-1251 -Duser.country=RU -Duser.language=ru -Duser.variant org.gradle.launcher.daemon.bootstrap.GradleDaemon 7.0.2

Host: Intel(R) Core(TM) i7-7700HQ CPU @ 2.80GHz, 8 cores, 15G,  Windows 10 , 64 bit Build 19041 (10.0.19041.1706)
Time: Fri May 27 03:02:49 2022 RTZ 2 (зима) elapsed time: 8.034350 seconds (0d 0h 0m 8s)

---------------  T H R E A D  ---------------

Current thread (0x000001ab91b0e800):  JavaThread "C2 CompilerThread1" daemon [_thread_in_native, id=8768, stack(0x0000001696000000,0x0000001696100000)]


Current CompileTask:
C2:   8034 5818 %     4       org.gradle.internal.instantiation.generator.AbstractClassGenerator::inspectType @ 107 (560 bytes)

Stack: [0x0000001696000000,0x0000001696100000],  sp=0x00000016960fd8f0,  free space=1014k
Native frames: (J=compiled Java code, j=interpreted, Vv=VM code, C=native code)
V  [jvm.dll+0x20978c]
V  [jvm.dll+0x6265eb]
V  [jvm.dll+0x1ff654]
V  [jvm.dll+0x18868c]
V  [jvm.dll+0x20e0d7]
V  [jvm.dll+0x20c901]
V  [jvm.dll+0x6f9b7f]
V  [jvm.dll+0x6f26a5]
V  [jvm.dll+0x5fabf6]
C  [ucrtbase.dll+0x21bb2]
C  [KERNEL32.DLL+0x17034]
C  [ntdll.dll+0x52651]


siginfo: EXCEPTION_ACCESS_VIOLATION (0xc0000005), reading address 0x0000000000000028


Register to memory mapping:

RIP=0x00007ff94c3c978c jvm.dll
RAX=0x0000000000000004 is an unknown value
RBX=0x000001ab91f54a40 points into unknown readable memory: 0x00007ff94c9b5020 | 20 50 9b 4c f9 7f 00 00
RCX=0x0 is NULL
RDX=0x0000000040000000 is an unknown value
RSP=0x00000016960fd8f0 is pointing into the stack for thread: 0x000001ab91b0e800
RBP=0x00000016960fda40 is pointing into the stack for thread: 0x000001ab91b0e800
RSI=0x00000016960fe620 is pointing into the stack for thread: 0x000001ab91b0e800
RDI=0x00000016960fdb70 is pointing into the stack for thread: 0x000001ab91b0e800
R8 =0x000001ab97ee2110 points into unknown readable memory: 0xfbbbbbbbfeb807eb | eb 07 b8 fe bb bb bb fb
R9 =0x000000000000017a is an unknown value
R10=0x0000000000000007 is an unknown value
R11=0x000000000000001e is an unknown value
R12=0x00000000000019ad is an unknown value
R13=0x0000000000000008 is an unknown value
R14=0x000001ab91f54440 points into unknown readable memory: 0x000001ab9168cec0 | c0 ce 68 91 ab 01 00 00
R15=0x000001ab91f54460 points into unknown readable memory: 0x0000000000000000 | 00 00 00 00 00 00 00 00


Registers:
RAX=0x0000000000000004, RBX=0x000001ab91f54a40, RCX=0x0000000000000000, RDX=0x0000000040000000
RSP=0x00000016960fd8f0, RBP=0x00000016960fda40, RSI=0x00000016960fe620, RDI=0x00000016960fdb70
R8 =0x000001ab97ee2110, R9 =0x000000000000017a, R10=0x0000000000000007, R11=0x000000000000001e
R12=0x00000000000019ad, R13=0x0000000000000008, R14=0x000001ab91f54440, R15=0x000001ab91f54460
RIP=0x00007ff94c3c978c, EFLAGS=0x0000000000010293

Top of Stack: (sp=0x00000016960fd8f0)
0x00000016960fd8f0:   000001ab8f3fd048 00000016960fe620
0x00000016960fd900:   00000016960fdb70 000000000000010d
0x00000016960fd910:   00000016960fe620 00000016960fdb60
0x00000016960fd920:   000001ab91fddab0 00000016960fdbc0
0x00000016960fd930:   000001ab91fddab0 00007ff94c7e65eb
0x00000016960fd940:   00000016960fda40 00000016960fda40
0x00000016960fd950:   00007ff94c9b8bc8 000001ab91fddab0
0x00000016960fd960:   000001ab919f8418 00007ff94c3bf654
0x00000016960fd970:   000001ab919f0430 00000016960fda70
0x00000016960fd980:   000001ab919f7630 000001ab91fddab0
0x00000016960fd990:   0000000000000000 00000016960feec8
0x00000016960fd9a0:   0000000000000006 000001ab9867d720
0x00000016960fd9b0:   00000016960ff078 00000016960ff090
0x00000016960fd9c0:   000001abff238a70 0000000000000000
0x00000016960fd9d0:   0000000000000000 0000000000000002
0x00000016960fd9e0:   0000000000000000 0000000000000000 

Instructions: (pc=0x00007ff94c3c978c)
0x00007ff94c3c968c:   4c 89 7c 24 20 48 8b 43 18 4c 8b 3c e8 49 8b cf
0x00007ff94c3c969c:   49 8b 07 ff 50 70 48 85 f6 7e 0e 48 8b 4b 18 48
0x00007ff94c3c96ac:   8b d5 48 2b d6 4c 89 3c d1 8b 48 28 8b c1 c1 e8
0x00007ff94c3c96bc:   05 41 3b 45 30 73 19 44 8b c0 83 e1 1f 49 8b 45
0x00007ff94c3c96cc:   38 ba 01 00 00 00 d3 e2 42 8b 04 80 23 c2 75 05
0x00007ff94c3c96dc:   ff c7 48 ff c6 41 ff c6 48 ff c5 44 3b 33 7c a5
0x00007ff94c3c96ec:   29 3b 4c 8b 7c 24 20 48 8b 74 24 60 48 8b 6c 24
0x00007ff94c3c96fc:   50 48 83 c4 28 41 5e 41 5d 5f 5b c3 29 3a 48 83
0x00007ff94c3c970c:   c4 28 41 5e 41 5d 5f 5b c3 cc cc cc cc cc cc cc
0x00007ff94c3c971c:   cc cc cc cc 40 53 56 57 48 83 ec 30 4c 89 64 24
0x00007ff94c3c972c:   60 48 8b fa 45 33 e4 48 8b f1 44 39 62 18 0f 86
0x00007ff94c3c973c:   2d 01 00 00 48 89 6c 24 58 4c 89 74 24 28 4c 89
0x00007ff94c3c974c:   7c 24 20 90 48 8b 47 10 4a 8b 1c e0 41 ff c4 8b
0x00007ff94c3c975c:   43 2c 83 e0 03 3c 03 75 09 48 8d 4b 50 e8 32 dc
0x00007ff94c3c976c:   44 00 44 8b 53 20 33 c0 45 85 d2 7e 59 0f 1f 80
0x00007ff94c3c977c:   00 00 00 00 4c 8b 73 10 49 8b 0c c6 4d 8d 3c c6
0x00007ff94c3c978c:   44 8b 59 28 41 8b d3 c1 ea 05 3b 57 30 73 1e 4c
0x00007ff94c3c979c:   8b 47 38 41 83 e3 1f 44 8b ca 41 0f b6 cb ba 01
0x00007ff94c3c97ac:   00 00 00 d3 e2 43 8b 0c 88 23 ca 75 12 ff 4b 20
0x00007ff94c3c97bc:   ff c8 8b 4b 20 41 ff ca 49 8b 0c ce 49 89 0f ff
0x00007ff94c3c97cc:   c0 41 3b c2 7c ae 83 7b 20 01 75 7c 48 8b cb e8
0x00007ff94c3c97dc:   60 16 3d 00 84 c0 74 70 48 8b 43 10 48 8b 9e 38
0x00007ff94c3c97ec:   07 00 00 4c 8b 30 41 8b 4e 28 8b c1 c1 e8 05 3b
0x00007ff94c3c97fc:   43 30 72 0f 48 8b 43 20 8b d1 48 8d 4b 20 ff 50
0x00007ff94c3c980c:   18 eb 25 83 e1 1f 41 b8 01 00 00 00 41 d3 e0 8b
0x00007ff94c3c981c:   c8 48 8b 43 38 48 8d 14 88 8b 0c 88 8b c1 41 0b
0x00007ff94c3c982c:   c8 89 0a 41 23 c0 75 20 8b 6b 18 8d 45 01 89 43
0x00007ff94c3c983c:   18 3b 6b 08 72 0a 8b d5 48 8b cb e8 e4 e9 41 00
0x00007ff94c3c984c:   48 8b 43 10 4c 89 34 e8 44 3b 67 18 0f 82 f2 fe
0x00007ff94c3c985c:   ff ff 4c 8b 7c 24 20 4c 8b 74 24 28 48 8b 6c 24
0x00007ff94c3c986c:   58 48 8b 46 08 4c 8b 64 24 60 48 8b 88 78 01 00
0x00007ff94c3c987c:   00 8b 01 83 e8 01 48 63 d8 78 53 66 0f 1f 84 00 


Stack slot to memory mapping:
stack at sp + 0 slots: 0x000001ab8f3fd048 points into unknown readable memory: 0x00007ff94c9af018 | 18 f0 9a 4c f9 7f 00 00
stack at sp + 1 slots: 0x00000016960fe620 is pointing into the stack for thread: 0x000001ab91b0e800
stack at sp + 2 slots: 0x00000016960fdb70 is pointing into the stack for thread: 0x000001ab91b0e800
stack at sp + 3 slots: 0x000000000000010d is an unknown value
stack at sp + 4 slots: 0x00000016960fe620 is pointing into the stack for thread: 0x000001ab91b0e800
stack at sp + 5 slots: 0x00000016960fdb60 is pointing into the stack for thread: 0x000001ab91b0e800
stack at sp + 6 slots: 0x000001ab91fddab0 points into unknown readable memory: 0x0000230000000006 | 06 00 00 00 00 23 00 00
stack at sp + 7 slots: 0x00000016960fdbc0 is pointing into the stack for thread: 0x000001ab91b0e800


---------------  P R O C E S S  ---------------

Threads class SMR info:
_java_thread_list=0x000001ab9186ff80, length=61, elements={
0x000001abed14d000, 0x000001abff23b000, 0x000001abff23f000, 0x000001abffb44800,
0x000001abffb45800, 0x000001abffb47000, 0x000001abffb52000, 0x000001abffb57000,
0x000001abffb58800, 0x000001abffcb3000, 0x000001ab905c6000, 0x000001ab91719800,
0x000001ab9071e800, 0x000001abffe48000, 0x000001ab91381000, 0x000001ab917ba000,
0x000001ab8ff4c000, 0x000001ab91af1000, 0x000001ab9163b000, 0x000001ab9160c000,
0x000001ab91609800, 0x000001ab9160a800, 0x000001ab9160b000, 0x000001ab91b0e800,
0x000001ab90e54000, 0x000001ab90e50000, 0x000001ab90e51000, 0x000001ab90e4f000,
0x000001ab90e53000, 0x000001ab90e55000, 0x000001ab90e55800, 0x000001ab90e57800,
0x000001ab90e52800, 0x000001ab90e51800, 0x000001ab90e5d000, 0x000001ab90e59800,
0x000001ab90e5e000, 0x000001ab90e5a800, 0x000001ab90e58000, 0x000001ab90e5c000,
0x000001ab90e59000, 0x000001ab976ff000, 0x000001ab97704000, 0x000001ab97703000,
0x000001ab97700000, 0x000001ab976fe000, 0x000001ab97704800, 0x000001ab97705800,
0x000001ab97706800, 0x000001ab97702800, 0x000001ab97700800, 0x000001ab97707000,
0x000001ab91689800, 0x000001ab97708000, 0x000001ab9770b800, 0x000001ab97709000,
0x000001ab9770c000, 0x000001ab97709800, 0x000001ab9770d000, 0x000001ab9770a800,
0x000001ab96651800
}

Java Threads: ( => current thread )
  0x000001abed14d000 JavaThread "main" [_thread_blocked, id=8384, stack(0x0000001693a00000,0x0000001693b00000)]
  0x000001abff23b000 JavaThread "Reference Handler" daemon [_thread_blocked, id=13248, stack(0x0000001694100000,0x0000001694200000)]
  0x000001abff23f000 JavaThread "Finalizer" daemon [_thread_blocked, id=11596, stack(0x0000001694200000,0x0000001694300000)]
  0x000001abffb44800 JavaThread "Signal Dispatcher" daemon [_thread_blocked, id=12708, stack(0x0000001694300000,0x0000001694400000)]
  0x000001abffb45800 JavaThread "Attach Listener" daemon [_thread_blocked, id=11696, stack(0x0000001694400000,0x0000001694500000)]
  0x000001abffb47000 JavaThread "Service Thread" daemon [_thread_blocked, id=9752, stack(0x0000001694500000,0x0000001694600000)]
  0x000001abffb52000 JavaThread "C2 CompilerThread0" daemon [_thread_in_native, id=8160, stack(0x0000001694600000,0x0000001694700000)]
  0x000001abffb57000 JavaThread "C1 CompilerThread0" daemon [_thread_blocked, id=5456, stack(0x0000001694700000,0x0000001694800000)]
  0x000001abffb58800 JavaThread "Sweeper thread" daemon [_thread_blocked, id=7956, stack(0x0000001694800000,0x0000001694900000)]
  0x000001abffcb3000 JavaThread "Common-Cleaner" daemon [_thread_blocked, id=4044, stack(0x0000001694900000,0x0000001694a00000)]
  0x000001ab905c6000 JavaThread "Daemon health stats" [_thread_blocked, id=10868, stack(0x0000001695200000,0x0000001695300000)]
  0x000001ab91719800 JavaThread "Incoming local TCP Connector on port 53568" [_thread_in_native, id=8908, stack(0x0000001694b00000,0x0000001694c00000)]
  0x000001ab9071e800 JavaThread "Daemon periodic checks" [_thread_blocked, id=4896, stack(0x0000001695100000,0x0000001695200000)]
  0x000001abffe48000 JavaThread "Daemon" [_thread_blocked, id=8380, stack(0x0000001695300000,0x0000001695400000)]
  0x000001ab91381000 JavaThread "Handler for socket connection from /127.0.0.1:53568 to /127.0.0.1:53569" [_thread_in_native, id=7732, stack(0x0000001695400000,0x0000001695500000)]
  0x000001ab917ba000 JavaThread "Cancel handler" [_thread_blocked, id=11200, stack(0x0000001695500000,0x0000001695600000)]
  0x000001ab8ff4c000 JavaThread "Daemon worker" [_thread_blocked, id=8268, stack(0x0000001695600000,0x0000001695700000)]
  0x000001ab91af1000 JavaThread "Asynchronous log dispatcher for DefaultDaemonConnection: socket connection from /127.0.0.1:53568 to /127.0.0.1:53569" [_thread_blocked, id=2776, stack(0x0000001695700000,0x0000001695800000)]
  0x000001ab9163b000 JavaThread "Stdin handler" [_thread_blocked, id=2196, stack(0x0000001695800000,0x0000001695900000)]
  0x000001ab9160c000 JavaThread "Daemon client event forwarder" [_thread_blocked, id=4936, stack(0x0000001695900000,0x0000001695a00000)]
  0x000001ab91609800 JavaThread "Cache worker for file hash cache (C:\Users\milen\.gradle\caches\7.0.2\fileHashes)" [_thread_blocked, id=4308, stack(0x0000001695a00000,0x0000001695b00000)]
  0x000001ab9160a800 JavaThread "File lock request listener" [_thread_in_native, id=8404, stack(0x0000001695b00000,0x0000001695c00000)]
  0x000001ab9160b000 JavaThread "Cache worker for journal cache (C:\Users\milen\.gradle\caches\journal-1)" [_thread_blocked, id=2908, stack(0x0000001695f00000,0x0000001696000000)]
=>0x000001ab91b0e800 JavaThread "C2 CompilerThread1" daemon [_thread_in_native, id=8768, stack(0x0000001696000000,0x0000001696100000)]
  0x000001ab90e54000 JavaThread "Cache worker for file hash cache (C:\Users\milen\Desktop\CorporateApp\.gradle\7.0.2\fileHashes)" [_thread_blocked, id=5304, stack(0x0000001696100000,0x0000001696200000)]
  0x000001ab90e50000 JavaThread "File watcher server" daemon [_thread_in_native, id=7880, stack(0x0000001696200000,0x0000001696300000)]
  0x000001ab90e51000 JavaThread "File watcher consumer" daemon [_thread_blocked, id=8308, stack(0x0000001696300000,0x0000001696400000)]
  0x000001ab90e4f000 JavaThread "Cache worker for checksums cache (C:\Users\milen\Desktop\CorporateApp\.gradle\checksums)" [_thread_blocked, id=9052, stack(0x0000001696400000,0x0000001696500000)]
  0x000001ab90e53000 JavaThread "Cache worker for cache directory md-supplier (C:\Users\milen\.gradle\caches\7.0.2\md-supplier)" [_thread_blocked, id=3212, stack(0x0000001696500000,0x0000001696600000)]
  0x000001ab90e55000 JavaThread "Cache worker for cache directory md-rule (C:\Users\milen\.gradle\caches\7.0.2\md-rule)" [_thread_blocked, id=4416, stack(0x0000001696600000,0x0000001696700000)]
  0x000001ab90e55800 JavaThread "Cache worker for execution history cache (C:\Users\milen\.gradle\caches\7.0.2\executionHistory)" [_thread_blocked, id=7640, stack(0x0000001696700000,0x0000001696800000)]
  0x000001ab90e57800 JavaThread "jar transforms" [_thread_blocked, id=1564, stack(0x0000001696900000,0x0000001696a00000)]
  0x000001ab90e52800 JavaThread "jar transforms Thread 2" [_thread_blocked, id=8424, stack(0x0000001696a00000,0x0000001696b00000)]
  0x000001ab90e51800 JavaThread "Cache worker for file content cache (C:\Users\milen\.gradle\caches\7.0.2\fileContent)" [_thread_blocked, id=3724, stack(0x0000001696b00000,0x0000001696c00000)]
  0x000001ab90e5d000 JavaThread "Cache worker for dependencies-accessors (C:\Users\milen\Desktop\CorporateApp\.gradle\7.0.2\dependencies-accessors)" [_thread_blocked, id=1324, stack(0x0000001696c00000,0x0000001696d00000)]
  0x000001ab90e59800 JavaThread "Cache worker for Build Output Cleanup Cache (C:\Users\milen\Desktop\CorporateApp\buildSrc\.gradle\buildOutputCleanup)" [_thread_blocked, id=5360, stack(0x0000001696d00000,0x0000001696e00000)]
  0x000001ab90e5e000 JavaThread "Memory manager" [_thread_blocked, id=10224, stack(0x0000001696e00000,0x0000001696f00000)]
  0x000001ab90e5a800 JavaThread "Cache worker for kotlin-dsl (C:\Users\milen\.gradle\caches\7.0.2\kotlin-dsl)" [_thread_blocked, id=7048, stack(0x0000001696f00000,0x0000001697000000)]
  0x000001ab90e58000 JavaThread "jar transforms Thread 3" [_thread_blocked, id=10328, stack(0x0000001697000000,0x0000001697100000)]
  0x000001ab90e5c000 JavaThread "Build operations" [_thread_blocked, id=11156, stack(0x0000001697100000,0x0000001697200000)]
  0x000001ab90e59000 JavaThread "Build operations Thread 2" [_thread_blocked, id=9620, stack(0x0000001697200000,0x0000001697300000)]
  0x000001ab976ff000 JavaThread "Build operations Thread 3" [_thread_blocked, id=11032, stack(0x0000001697300000,0x0000001697400000)]
  0x000001ab97704000 JavaThread "Build operations Thread 4" [_thread_blocked, id=5776, stack(0x0000001697400000,0x0000001697500000)]
  0x000001ab97703000 JavaThread "Build operations Thread 5" [_thread_blocked, id=1948, stack(0x0000001697500000,0x0000001697600000)]
  0x000001ab97700000 JavaThread "Build operations Thread 6" [_thread_blocked, id=4516, stack(0x0000001697600000,0x0000001697700000)]
  0x000001ab976fe000 JavaThread "Build operations Thread 7" [_thread_blocked, id=9560, stack(0x0000001697700000,0x0000001697800000)]
  0x000001ab97704800 JavaThread "Build operations Thread 8" [_thread_blocked, id=8416, stack(0x0000001697800000,0x0000001697900000)]
  0x000001ab97705800 JavaThread "jar transforms Thread 4" [_thread_blocked, id=4072, stack(0x0000001697900000,0x0000001697a00000)]
  0x000001ab97706800 JavaThread "jar transforms Thread 5" [_thread_blocked, id=2560, stack(0x0000001697a00000,0x0000001697b00000)]
  0x000001ab97702800 JavaThread "jar transforms Thread 6" [_thread_blocked, id=3596, stack(0x0000001697b00000,0x0000001697c00000)]
  0x000001ab97700800 JavaThread "jar transforms Thread 7" [_thread_blocked, id=6288, stack(0x0000001697c00000,0x0000001697d00000)]
  0x000001ab97707000 JavaThread "jar transforms Thread 8" [_thread_blocked, id=5376, stack(0x0000001697d00000,0x0000001697e00000)]
  0x000001ab91689800 JavaThread "C2 CompilerThread2" daemon [_thread_blocked, id=8280, stack(0x0000001696800000,0x0000001696900000)]
  0x000001ab97708000 JavaThread "Execution worker for ':buildSrc'" [_thread_blocked, id=2164, stack(0x0000001697e00000,0x0000001697f00000)]
  0x000001ab9770b800 JavaThread "Execution worker for ':buildSrc' Thread 2" [_thread_blocked, id=5712, stack(0x0000001697f00000,0x0000001698000000)]
  0x000001ab97709000 JavaThread "Execution worker for ':buildSrc' Thread 3" [_thread_blocked, id=8072, stack(0x0000001698000000,0x0000001698100000)]
  0x000001ab9770c000 JavaThread "Execution worker for ':buildSrc' Thread 4" [_thread_blocked, id=5224, stack(0x0000001698100000,0x0000001698200000)]
  0x000001ab97709800 JavaThread "Execution worker for ':buildSrc' Thread 5" [_thread_blocked, id=8232, stack(0x0000001698200000,0x0000001698300000)]
  0x000001ab9770d000 JavaThread "Execution worker for ':buildSrc' Thread 6" [_thread_blocked, id=3268, stack(0x0000001698300000,0x0000001698400000)]
  0x000001ab9770a800 JavaThread "Execution worker for ':buildSrc' Thread 7" [_thread_in_vm, id=10748, stack(0x0000001698400000,0x0000001698500000)]
  0x000001ab96651800 JavaThread "Cache worker for execution history cache (C:\Users\milen\Desktop\CorporateApp\buildSrc\.gradle\7.0.2\executionHistory)" [_thread_blocked, id=9224, stack(0x0000001698500000,0x0000001698600000)]

Other Threads:
  0x000001abff225000 VMThread "VM Thread" [stack: 0x0000001694000000,0x0000001694100000] [id=8936]
  0x000001abffcc0000 WatcherThread [stack: 0x0000001694a00000,0x0000001694b00000] [id=7896]
  0x000001abed164000 GCTaskThread "GC Thread#0" [stack: 0x0000001693b00000,0x0000001693c00000] [id=4848]
  0x000001ab8f9b8000 GCTaskThread "GC Thread#1" [stack: 0x0000001694c00000,0x0000001694d00000] [id=11824]
  0x000001ab8f8e9800 GCTaskThread "GC Thread#2" [stack: 0x0000001694d00000,0x0000001694e00000] [id=10512]
  0x000001ab8f1d1800 GCTaskThread "GC Thread#3" [stack: 0x0000001694e00000,0x0000001694f00000] [id=12528]
  0x000001ab8f178000 GCTaskThread "GC Thread#4" [stack: 0x0000001694f00000,0x0000001695000000] [id=11348]
  0x000001ab8fd62800 GCTaskThread "GC Thread#5" [stack: 0x0000001695000000,0x0000001695100000] [id=8924]
  0x000001ab8faff000 GCTaskThread "GC Thread#6" [stack: 0x0000001695c00000,0x0000001695d00000] [id=5852]
  0x000001ab91e39800 GCTaskThread "GC Thread#7" [stack: 0x0000001695d00000,0x0000001695e00000] [id=8288]
  0x000001abed1c4000 ConcurrentGCThread "G1 Main Marker" [stack: 0x0000001693c00000,0x0000001693d00000] [id=10928]
  0x000001abed1c6800 ConcurrentGCThread "G1 Conc#0" [stack: 0x0000001693d00000,0x0000001693e00000] [id=7704]
  0x000001ab8fda3000 ConcurrentGCThread "G1 Conc#1" [stack: 0x0000001695e00000,0x0000001695f00000] [id=9136]
  0x000001abff10c000 ConcurrentGCThread "G1 Refine#0" [stack: 0x0000001693e00000,0x0000001693f00000] [id=9884]
  0x000001abff10d000 ConcurrentGCThread "G1 Young RemSet Sampling" [stack: 0x0000001693f00000,0x0000001694000000] [id=11712]

Threads with active compile tasks:
C2 CompilerThread0   8113 5718       4       org.objectweb.asm.Frame::execute (2318 bytes)
C2 CompilerThread1   8113 5818 %     4       org.gradle.internal.instantiation.generator.AbstractClassGenerator::inspectType @ 107 (560 bytes)

VM state:not at safepoint (normal execution)

VM Mutex/Monitor currently owned by a thread: None

Heap address: 0x0000000700000000, size: 4096 MB, Compressed Oops mode: Zero based, Oop shift amount: 3
Narrow klass base: 0x0000000800000000, Narrow klass shift: 0
Compressed class space size: 1073741824 Address: 0x0000000800000000

Heap:
 garbage-first heap   total 262144K, used 92656K [0x0000000700000000, 0x0000000800000000)
  region size 1024K, 61 young (62464K), 10 survivors (10240K)
 Metaspace       used 62795K, capacity 64468K, committed 64768K, reserved 1105920K
  class space    used 8241K, capacity 8860K, committed 8960K, reserved 1048576K
Heap Regions: E=young(eden), S=young(survivor), O=old, HS=humongous(starts), HC=humongous(continues), CS=collection set, F=free, A=archive, TAMS=top-at-mark-start (previous, next)
|   0|0x0000000700000000, 0x0000000700100000, 0x0000000700100000|100%| O|  |TAMS 0x0000000700100000, 0x0000000700000000| Untracked 
|   1|0x0000000700100000, 0x0000000700200000, 0x0000000700200000|100%| O|  |TAMS 0x0000000700200000, 0x0000000700100000| Untracked 
|   2|0x0000000700200000, 0x0000000700300000, 0x0000000700300000|100%| O|  |TAMS 0x0000000700300000, 0x0000000700200000| Untracked 
|   3|0x0000000700300000, 0x0000000700400000, 0x0000000700400000|100%|HS|  |TAMS 0x0000000700400000, 0x0000000700300000| Complete 
|   4|0x0000000700400000, 0x0000000700500000, 0x0000000700500000|100%|HC|  |TAMS 0x0000000700500000, 0x0000000700400000| Complete 
|   5|0x0000000700500000, 0x0000000700600000, 0x0000000700600000|100%|HC|  |TAMS 0x0000000700600000, 0x0000000700500000| Complete 
|   6|0x0000000700600000, 0x0000000700700000, 0x0000000700700000|100%| O|  |TAMS 0x0000000700700000, 0x0000000700600000| Untracked 
|   7|0x0000000700700000, 0x0000000700800000, 0x0000000700800000|100%| O|  |TAMS 0x0000000700800000, 0x0000000700700000| Untracked 
|   8|0x0000000700800000, 0x0000000700900000, 0x0000000700900000|100%| O|  |TAMS 0x0000000700900000, 0x0000000700800000| Untracked 
|   9|0x0000000700900000, 0x0000000700a00000, 0x0000000700a00000|100%| O|  |TAMS 0x0000000700a00000, 0x0000000700900000| Untracked 
|  10|0x0000000700a00000, 0x0000000700b00000, 0x0000000700b00000|100%| O|  |TAMS 0x0000000700b00000, 0x0000000700a00000| Untracked 
|  11|0x0000000700b00000, 0x0000000700c00000, 0x0000000700c00000|100%| O|  |TAMS 0x0000000700c00000, 0x0000000700b00000| Untracked 
|  12|0x0000000700c00000, 0x0000000700d00000, 0x0000000700d00000|100%| O|  |TAMS 0x0000000700d00000, 0x0000000700c00000| Untracked 
|  13|0x0000000700d00000, 0x0000000700e00000, 0x0000000700e00000|100%| O|  |TAMS 0x0000000700e00000, 0x0000000700d00000| Untracked 
|  14|0x0000000700e00000, 0x0000000700f00000, 0x0000000700f00000|100%| O|  |TAMS 0x0000000700f00000, 0x0000000700e00000| Untracked 
|  15|0x0000000700f00000, 0x0000000701000000, 0x0000000701000000|100%| O|  |TAMS 0x0000000701000000, 0x0000000700f00000| Untracked 
|  16|0x0000000701000000, 0x0000000701100000, 0x0000000701100000|100%|HS|  |TAMS 0x0000000701100000, 0x0000000701000000| Complete 
|  17|0x0000000701100000, 0x0000000701200000, 0x0000000701200000|100%|HC|  |TAMS 0x0000000701200000, 0x0000000701100000| Complete 
|  18|0x0000000701200000, 0x0000000701300000, 0x0000000701300000|100%|HC|  |TAMS 0x0000000701300000, 0x0000000701200000| Complete 
|  19|0x0000000701300000, 0x0000000701400000, 0x0000000701400000|100%| O|  |TAMS 0x0000000701400000, 0x0000000701300000| Untracked 
|  20|0x0000000701400000, 0x0000000701500000, 0x0000000701500000|100%| O|  |TAMS 0x0000000701500000, 0x0000000701400000| Untracked 
|  21|0x0000000701500000, 0x0000000701600000, 0x0000000701600000|100%| O|  |TAMS 0x0000000701600000, 0x0000000701500000| Untracked 
|  22|0x0000000701600000, 0x0000000701700000, 0x0000000701700000|100%| O|  |TAMS 0x0000000701700000, 0x0000000701600000| Untracked 
|  23|0x0000000701700000, 0x0000000701800000, 0x0000000701800000|100%| O|  |TAMS 0x0000000701800000, 0x0000000701700000| Untracked 
|  24|0x0000000701800000, 0x0000000701900000, 0x0000000701900000|100%| O|  |TAMS 0x0000000701900000, 0x0000000701800000| Untracked 
|  25|0x0000000701900000, 0x0000000701a00000, 0x0000000701a00000|100%| O|  |TAMS 0x0000000701a00000, 0x0000000701900000| Untracked 
|  26|0x0000000701a00000, 0x0000000701b00000, 0x0000000701b00000|100%| O|  |TAMS 0x0000000701b00000, 0x0000000701a00000| Untracked 
|  27|0x0000000701b00000, 0x0000000701c00000, 0x0000000701c00000|100%| O|  |TAMS 0x0000000701c00000, 0x0000000701b00000| Untracked 
|  28|0x0000000701c00000, 0x0000000701d00000, 0x0000000701d00000|100%| O|  |TAMS 0x0000000701d00000, 0x0000000701c00000| Untracked 
|  29|0x0000000701d00000, 0x0000000701e00000, 0x0000000701e00000|100%| O|  |TAMS 0x0000000701e00000, 0x0000000701d00000| Untracked 
|  30|0x0000000701e00000, 0x0000000701e7c000, 0x0000000701f00000| 48%| O|  |TAMS 0x0000000701e7c000, 0x0000000701e00000| Untracked 
|  31|0x0000000701f00000, 0x0000000701f00000, 0x0000000702000000|  0%| F|  |TAMS 0x0000000701f00000, 0x0000000701f00000| Untracked 
|  32|0x0000000702000000, 0x0000000702000000, 0x0000000702100000|  0%| F|  |TAMS 0x0000000702000000, 0x0000000702000000| Untracked 
|  33|0x0000000702100000, 0x0000000702100000, 0x0000000702200000|  0%| F|  |TAMS 0x0000000702100000, 0x0000000702100000| Untracked 
|  34|0x0000000702200000, 0x0000000702200000, 0x0000000702300000|  0%| F|  |TAMS 0x0000000702200000, 0x0000000702200000| Untracked 
|  35|0x0000000702300000, 0x0000000702300000, 0x0000000702400000|  0%| F|  |TAMS 0x0000000702300000, 0x0000000702300000| Untracked 
|  36|0x0000000702400000, 0x0000000702400000, 0x0000000702500000|  0%| F|  |TAMS 0x0000000702400000, 0x0000000702400000| Untracked 
|  37|0x0000000702500000, 0x0000000702500000, 0x0000000702600000|  0%| F|  |TAMS 0x0000000702500000, 0x0000000702500000| Untracked 
|  38|0x0000000702600000, 0x0000000702600000, 0x0000000702700000|  0%| F|  |TAMS 0x0000000702600000, 0x0000000702600000| Untracked 
|  39|0x0000000702700000, 0x0000000702700000, 0x0000000702800000|  0%| F|  |TAMS 0x0000000702700000, 0x0000000702700000| Untracked 
|  40|0x0000000702800000, 0x0000000702800000, 0x0000000702900000|  0%| F|  |TAMS 0x0000000702800000, 0x0000000702800000| Untracked 
|  41|0x0000000702900000, 0x0000000702900000, 0x0000000702a00000|  0%| F|  |TAMS 0x0000000702900000, 0x0000000702900000| Untracked 
|  42|0x0000000702a00000, 0x0000000702a00000, 0x0000000702b00000|  0%| F|  |TAMS 0x0000000702a00000, 0x0000000702a00000| Untracked 
|  43|0x0000000702b00000, 0x0000000702b00000, 0x0000000702c00000|  0%| F|  |TAMS 0x0000000702b00000, 0x0000000702b00000| Untracked 
|  44|0x0000000702c00000, 0x0000000702c00000, 0x0000000702d00000|  0%| F|  |TAMS 0x0000000702c00000, 0x0000000702c00000| Untracked 
|  45|0x0000000702d00000, 0x0000000702d00000, 0x0000000702e00000|  0%| F|  |TAMS 0x0000000702d00000, 0x0000000702d00000| Untracked 
|  46|0x0000000702e00000, 0x0000000702e00000, 0x0000000702f00000|  0%| F|  |TAMS 0x0000000702e00000, 0x0000000702e00000| Untracked 
|  47|0x0000000702f00000, 0x0000000702f00000, 0x0000000703000000|  0%| F|  |TAMS 0x0000000702f00000, 0x0000000702f00000| Untracked 
|  48|0x0000000703000000, 0x0000000703000000, 0x0000000703100000|  0%| F|  |TAMS 0x0000000703000000, 0x0000000703000000| Untracked 
|  49|0x0000000703100000, 0x0000000703100000, 0x0000000703200000|  0%| F|  |TAMS 0x0000000703100000, 0x0000000703100000| Untracked 
|  50|0x0000000703200000, 0x0000000703200000, 0x0000000703300000|  0%| F|  |TAMS 0x0000000703200000, 0x0000000703200000| Untracked 
|  51|0x0000000703300000, 0x0000000703300000, 0x0000000703400000|  0%| F|  |TAMS 0x0000000703300000, 0x0000000703300000| Untracked 
|  52|0x0000000703400000, 0x0000000703400000, 0x0000000703500000|  0%| F|  |TAMS 0x0000000703400000, 0x0000000703400000| Untracked 
|  53|0x0000000703500000, 0x0000000703500000, 0x0000000703600000|  0%| F|  |TAMS 0x0000000703500000, 0x0000000703500000| Untracked 
|  54|0x0000000703600000, 0x0000000703600000, 0x0000000703700000|  0%| F|  |TAMS 0x0000000703600000, 0x0000000703600000| Untracked 
|  55|0x0000000703700000, 0x0000000703700000, 0x0000000703800000|  0%| F|  |TAMS 0x0000000703700000, 0x0000000703700000| Untracked 
|  56|0x0000000703800000, 0x0000000703800000, 0x0000000703900000|  0%| F|  |TAMS 0x0000000703800000, 0x0000000703800000| Untracked 
|  57|0x0000000703900000, 0x0000000703900000, 0x0000000703a00000|  0%| F|  |TAMS 0x0000000703900000, 0x0000000703900000| Untracked 
|  58|0x0000000703a00000, 0x0000000703a00000, 0x0000000703b00000|  0%| F|  |TAMS 0x0000000703a00000, 0x0000000703a00000| Untracked 
|  59|0x0000000703b00000, 0x0000000703b00000, 0x0000000703c00000|  0%| F|  |TAMS 0x0000000703b00000, 0x0000000703b00000| Untracked 
|  60|0x0000000703c00000, 0x0000000703c00000, 0x0000000703d00000|  0%| F|  |TAMS 0x0000000703c00000, 0x0000000703c00000| Untracked 
|  61|0x0000000703d00000, 0x0000000703d00000, 0x0000000703e00000|  0%| F|  |TAMS 0x0000000703d00000, 0x0000000703d00000| Untracked 
|  62|0x0000000703e00000, 0x0000000703e00000, 0x0000000703f00000|  0%| F|  |TAMS 0x0000000703e00000, 0x0000000703e00000| Untracked 
|  63|0x0000000703f00000, 0x0000000703f00000, 0x0000000704000000|  0%| F|  |TAMS 0x0000000703f00000, 0x0000000703f00000| Untracked 
|  64|0x0000000704000000, 0x0000000704000000, 0x0000000704100000|  0%| F|  |TAMS 0x0000000704000000, 0x0000000704000000| Untracked 
|  65|0x0000000704100000, 0x0000000704100000, 0x0000000704200000|  0%| F|  |TAMS 0x0000000704100000, 0x0000000704100000| Untracked 
|  66|0x0000000704200000, 0x0000000704200000, 0x0000000704300000|  0%| F|  |TAMS 0x0000000704200000, 0x0000000704200000| Untracked 
|  67|0x0000000704300000, 0x0000000704300000, 0x0000000704400000|  0%| F|  |TAMS 0x0000000704300000, 0x0000000704300000| Untracked 
|  68|0x0000000704400000, 0x0000000704400000, 0x0000000704500000|  0%| F|  |TAMS 0x0000000704400000, 0x0000000704400000| Untracked 
|  69|0x0000000704500000, 0x0000000704500000, 0x0000000704600000|  0%| F|  |TAMS 0x0000000704500000, 0x0000000704500000| Untracked 
|  70|0x0000000704600000, 0x0000000704600000, 0x0000000704700000|  0%| F|  |TAMS 0x0000000704600000, 0x0000000704600000| Untracked 
|  71|0x0000000704700000, 0x0000000704700000, 0x0000000704800000|  0%| F|  |TAMS 0x0000000704700000, 0x0000000704700000| Untracked 
|  72|0x0000000704800000, 0x0000000704800000, 0x0000000704900000|  0%| F|  |TAMS 0x0000000704800000, 0x0000000704800000| Untracked 
|  73|0x0000000704900000, 0x0000000704900000, 0x0000000704a00000|  0%| F|  |TAMS 0x0000000704900000, 0x0000000704900000| Untracked 
|  74|0x0000000704a00000, 0x0000000704a00000, 0x0000000704b00000|  0%| F|  |TAMS 0x0000000704a00000, 0x0000000704a00000| Untracked 
|  75|0x0000000704b00000, 0x0000000704b00000, 0x0000000704c00000|  0%| F|  |TAMS 0x0000000704b00000, 0x0000000704b00000| Untracked 
|  76|0x0000000704c00000, 0x0000000704c00000, 0x0000000704d00000|  0%| F|  |TAMS 0x0000000704c00000, 0x0000000704c00000| Untracked 
|  77|0x0000000704d00000, 0x0000000704d00000, 0x0000000704e00000|  0%| F|  |TAMS 0x0000000704d00000, 0x0000000704d00000| Untracked 
|  78|0x0000000704e00000, 0x0000000704e00000, 0x0000000704f00000|  0%| F|  |TAMS 0x0000000704e00000, 0x0000000704e00000| Untracked 
|  79|0x0000000704f00000, 0x0000000704f00000, 0x0000000705000000|  0%| F|  |TAMS 0x0000000704f00000, 0x0000000704f00000| Untracked 
|  80|0x0000000705000000, 0x0000000705000000, 0x0000000705100000|  0%| F|  |TAMS 0x0000000705000000, 0x0000000705000000| Untracked 
|  81|0x0000000705100000, 0x0000000705100000, 0x0000000705200000|  0%| F|  |TAMS 0x0000000705100000, 0x0000000705100000| Untracked 
|  82|0x0000000705200000, 0x0000000705200000, 0x0000000705300000|  0%| F|  |TAMS 0x0000000705200000, 0x0000000705200000| Untracked 
|  83|0x0000000705300000, 0x0000000705300000, 0x0000000705400000|  0%| F|  |TAMS 0x0000000705300000, 0x0000000705300000| Untracked 
|  84|0x0000000705400000, 0x0000000705400000, 0x0000000705500000|  0%| F|  |TAMS 0x0000000705400000, 0x0000000705400000| Untracked 
|  85|0x0000000705500000, 0x0000000705500000, 0x0000000705600000|  0%| F|  |TAMS 0x0000000705500000, 0x0000000705500000| Untracked 
|  86|0x0000000705600000, 0x0000000705600000, 0x0000000705700000|  0%| F|  |TAMS 0x0000000705600000, 0x0000000705600000| Untracked 
|  87|0x0000000705700000, 0x0000000705700000, 0x0000000705800000|  0%| F|  |TAMS 0x0000000705700000, 0x0000000705700000| Untracked 
|  88|0x0000000705800000, 0x0000000705800000, 0x0000000705900000|  0%| F|  |TAMS 0x0000000705800000, 0x0000000705800000| Untracked 
|  89|0x0000000705900000, 0x0000000705900000, 0x0000000705a00000|  0%| F|  |TAMS 0x0000000705900000, 0x0000000705900000| Untracked 
|  90|0x0000000705a00000, 0x0000000705a00000, 0x0000000705b00000|  0%| F|  |TAMS 0x0000000705a00000, 0x0000000705a00000| Untracked 
|  91|0x0000000705b00000, 0x0000000705b00000, 0x0000000705c00000|  0%| F|  |TAMS 0x0000000705b00000, 0x0000000705b00000| Untracked 
|  92|0x0000000705c00000, 0x0000000705c00000, 0x0000000705d00000|  0%| F|  |TAMS 0x0000000705c00000, 0x0000000705c00000| Untracked 
|  93|0x0000000705d00000, 0x0000000705d00000, 0x0000000705e00000|  0%| F|  |TAMS 0x0000000705d00000, 0x0000000705d00000| Untracked 
|  94|0x0000000705e00000, 0x0000000705e00000, 0x0000000705f00000|  0%| F|  |TAMS 0x0000000705e00000, 0x0000000705e00000| Untracked 
|  95|0x0000000705f00000, 0x0000000705f00000, 0x0000000706000000|  0%| F|  |TAMS 0x0000000705f00000, 0x0000000705f00000| Untracked 
|  96|0x0000000706000000, 0x0000000706000000, 0x0000000706100000|  0%| F|  |TAMS 0x0000000706000000, 0x0000000706000000| Untracked 
|  97|0x0000000706100000, 0x0000000706100000, 0x0000000706200000|  0%| F|  |TAMS 0x0000000706100000, 0x0000000706100000| Untracked 
|  98|0x0000000706200000, 0x0000000706200000, 0x0000000706300000|  0%| F|  |TAMS 0x0000000706200000, 0x0000000706200000| Untracked 
|  99|0x0000000706300000, 0x0000000706300000, 0x0000000706400000|  0%| F|  |TAMS 0x0000000706300000, 0x0000000706300000| Untracked 
| 100|0x0000000706400000, 0x0000000706400000, 0x0000000706500000|  0%| F|  |TAMS 0x0000000706400000, 0x0000000706400000| Untracked 
| 101|0x0000000706500000, 0x0000000706500000, 0x0000000706600000|  0%| F|  |TAMS 0x0000000706500000, 0x0000000706500000| Untracked 
| 102|0x0000000706600000, 0x0000000706600000, 0x0000000706700000|  0%| F|  |TAMS 0x0000000706600000, 0x0000000706600000| Untracked 
| 103|0x0000000706700000, 0x0000000706700000, 0x0000000706800000|  0%| F|  |TAMS 0x0000000706700000, 0x0000000706700000| Untracked 
| 104|0x0000000706800000, 0x0000000706800000, 0x0000000706900000|  0%| F|  |TAMS 0x0000000706800000, 0x0000000706800000| Untracked 
| 105|0x0000000706900000, 0x0000000706900000, 0x0000000706a00000|  0%| F|  |TAMS 0x0000000706900000, 0x0000000706900000| Untracked 
| 106|0x0000000706a00000, 0x0000000706a00000, 0x0000000706b00000|  0%| F|  |TAMS 0x0000000706a00000, 0x0000000706a00000| Untracked 
| 107|0x0000000706b00000, 0x0000000706b00000, 0x0000000706c00000|  0%| F|  |TAMS 0x0000000706b00000, 0x0000000706b00000| Untracked 
| 108|0x0000000706c00000, 0x0000000706c00000, 0x0000000706d00000|  0%| F|  |TAMS 0x0000000706c00000, 0x0000000706c00000| Untracked 
| 109|0x0000000706d00000, 0x0000000706d00000, 0x0000000706e00000|  0%| F|  |TAMS 0x0000000706d00000, 0x0000000706d00000| Untracked 
| 110|0x0000000706e00000, 0x0000000706e00000, 0x0000000706f00000|  0%| F|  |TAMS 0x0000000706e00000, 0x0000000706e00000| Untracked 
| 111|0x0000000706f00000, 0x0000000706f00000, 0x0000000707000000|  0%| F|  |TAMS 0x0000000706f00000, 0x0000000706f00000| Untracked 
| 112|0x0000000707000000, 0x0000000707000000, 0x0000000707100000|  0%| F|  |TAMS 0x0000000707000000, 0x0000000707000000| Untracked 
| 113|0x0000000707100000, 0x0000000707100000, 0x0000000707200000|  0%| F|  |TAMS 0x0000000707100000, 0x0000000707100000| Untracked 
| 114|0x0000000707200000, 0x0000000707200000, 0x0000000707300000|  0%| F|  |TAMS 0x0000000707200000, 0x0000000707200000| Untracked 
| 115|0x0000000707300000, 0x0000000707300000, 0x0000000707400000|  0%| F|  |TAMS 0x0000000707300000, 0x0000000707300000| Untracked 
| 116|0x0000000707400000, 0x0000000707400000, 0x0000000707500000|  0%| F|  |TAMS 0x0000000707400000, 0x0000000707400000| Untracked 
| 117|0x0000000707500000, 0x0000000707500000, 0x0000000707600000|  0%| F|  |TAMS 0x0000000707500000, 0x0000000707500000| Untracked 
| 118|0x0000000707600000, 0x0000000707600000, 0x0000000707700000|  0%| F|  |TAMS 0x0000000707600000, 0x0000000707600000| Untracked 
| 119|0x0000000707700000, 0x0000000707700000, 0x0000000707800000|  0%| F|  |TAMS 0x0000000707700000, 0x0000000707700000| Untracked 
| 120|0x0000000707800000, 0x0000000707800000, 0x0000000707900000|  0%| F|  |TAMS 0x0000000707800000, 0x0000000707800000| Untracked 
| 121|0x0000000707900000, 0x0000000707900000, 0x0000000707a00000|  0%| F|  |TAMS 0x0000000707900000, 0x0000000707900000| Untracked 
| 122|0x0000000707a00000, 0x0000000707a00000, 0x0000000707b00000|  0%| F|  |TAMS 0x0000000707a00000, 0x0000000707a00000| Untracked 
| 123|0x0000000707b00000, 0x0000000707b00000, 0x0000000707c00000|  0%| F|  |TAMS 0x0000000707b00000, 0x0000000707b00000| Untracked 
| 124|0x0000000707c00000, 0x0000000707c00000, 0x0000000707d00000|  0%| F|  |TAMS 0x0000000707c00000, 0x0000000707c00000| Untracked 
| 125|0x0000000707d00000, 0x0000000707d00000, 0x0000000707e00000|  0%| F|  |TAMS 0x0000000707d00000, 0x0000000707d00000| Untracked 
| 126|0x0000000707e00000, 0x0000000707e00000, 0x0000000707f00000|  0%| F|  |TAMS 0x0000000707e00000, 0x0000000707e00000| Untracked 
| 127|0x0000000707f00000, 0x0000000707f00000, 0x0000000708000000|  0%| F|  |TAMS 0x0000000707f00000, 0x0000000707f00000| Untracked 
| 128|0x0000000708000000, 0x0000000708000000, 0x0000000708100000|  0%| F|  |TAMS 0x0000000708000000, 0x0000000708000000| Untracked 
| 129|0x0000000708100000, 0x0000000708100000, 0x0000000708200000|  0%| F|  |TAMS 0x0000000708100000, 0x0000000708100000| Untracked 
| 130|0x0000000708200000, 0x0000000708200000, 0x0000000708300000|  0%| F|  |TAMS 0x0000000708200000, 0x0000000708200000| Untracked 
| 131|0x0000000708300000, 0x0000000708300000, 0x0000000708400000|  0%| F|  |TAMS 0x0000000708300000, 0x0000000708300000| Untracked 
| 132|0x0000000708400000, 0x0000000708400000, 0x0000000708500000|  0%| F|  |TAMS 0x0000000708400000, 0x0000000708400000| Untracked 
| 133|0x0000000708500000, 0x0000000708500000, 0x0000000708600000|  0%| F|  |TAMS 0x0000000708500000, 0x0000000708500000| Untracked 
| 134|0x0000000708600000, 0x0000000708600000, 0x0000000708700000|  0%| F|  |TAMS 0x0000000708600000, 0x0000000708600000| Untracked 
| 135|0x0000000708700000, 0x0000000708700000, 0x0000000708800000|  0%| F|  |TAMS 0x0000000708700000, 0x0000000708700000| Untracked 
| 136|0x0000000708800000, 0x0000000708800000, 0x0000000708900000|  0%| F|  |TAMS 0x0000000708800000, 0x0000000708800000| Untracked 
| 137|0x0000000708900000, 0x0000000708900000, 0x0000000708a00000|  0%| F|  |TAMS 0x0000000708900000, 0x0000000708900000| Untracked 
| 138|0x0000000708a00000, 0x0000000708a00000, 0x0000000708b00000|  0%| F|  |TAMS 0x0000000708a00000, 0x0000000708a00000| Untracked 
| 139|0x0000000708b00000, 0x0000000708b00000, 0x0000000708c00000|  0%| F|  |TAMS 0x0000000708b00000, 0x0000000708b00000| Untracked 
| 140|0x0000000708c00000, 0x0000000708c00000, 0x0000000708d00000|  0%| F|  |TAMS 0x0000000708c00000, 0x0000000708c00000| Untracked 
| 141|0x0000000708d00000, 0x0000000708d00000, 0x0000000708e00000|  0%| F|  |TAMS 0x0000000708d00000, 0x0000000708d00000| Untracked 
| 142|0x0000000708e00000, 0x0000000708e00000, 0x0000000708f00000|  0%| F|  |TAMS 0x0000000708e00000, 0x0000000708e00000| Untracked 
| 143|0x0000000708f00000, 0x0000000708f00000, 0x0000000709000000|  0%| F|  |TAMS 0x0000000708f00000, 0x0000000708f00000| Untracked 
| 144|0x0000000709000000, 0x0000000709000000, 0x0000000709100000|  0%| F|  |TAMS 0x0000000709000000, 0x0000000709000000| Untracked 
| 145|0x0000000709100000, 0x0000000709100000, 0x0000000709200000|  0%| F|  |TAMS 0x0000000709100000, 0x0000000709100000| Untracked 
| 146|0x0000000709200000, 0x0000000709200000, 0x0000000709300000|  0%| F|  |TAMS 0x0000000709200000, 0x0000000709200000| Untracked 
| 147|0x0000000709300000, 0x0000000709300000, 0x0000000709400000|  0%| F|  |TAMS 0x0000000709300000, 0x0000000709300000| Untracked 
| 148|0x0000000709400000, 0x0000000709400000, 0x0000000709500000|  0%| F|  |TAMS 0x0000000709400000, 0x0000000709400000| Untracked 
| 149|0x0000000709500000, 0x0000000709500000, 0x0000000709600000|  0%| F|  |TAMS 0x0000000709500000, 0x0000000709500000| Untracked 
| 150|0x0000000709600000, 0x0000000709600000, 0x0000000709700000|  0%| F|  |TAMS 0x0000000709600000, 0x0000000709600000| Untracked 
| 151|0x0000000709700000, 0x0000000709700000, 0x0000000709800000|  0%| F|  |TAMS 0x0000000709700000, 0x0000000709700000| Untracked 
| 152|0x0000000709800000, 0x0000000709800000, 0x0000000709900000|  0%| F|  |TAMS 0x0000000709800000, 0x0000000709800000| Untracked 
| 153|0x0000000709900000, 0x0000000709900000, 0x0000000709a00000|  0%| F|  |TAMS 0x0000000709900000, 0x0000000709900000| Untracked 
| 154|0x0000000709a00000, 0x0000000709a00000, 0x0000000709b00000|  0%| F|  |TAMS 0x0000000709a00000, 0x0000000709a00000| Untracked 
| 155|0x0000000709b00000, 0x0000000709b00000, 0x0000000709c00000|  0%| F|  |TAMS 0x0000000709b00000, 0x0000000709b00000| Untracked 
| 156|0x0000000709c00000, 0x0000000709c00000, 0x0000000709d00000|  0%| F|  |TAMS 0x0000000709c00000, 0x0000000709c00000| Untracked 
| 157|0x0000000709d00000, 0x0000000709d00000, 0x0000000709e00000|  0%| F|  |TAMS 0x0000000709d00000, 0x0000000709d00000| Untracked 
| 158|0x0000000709e00000, 0x0000000709e00000, 0x0000000709f00000|  0%| F|  |TAMS 0x0000000709e00000, 0x0000000709e00000| Untracked 
| 159|0x0000000709f00000, 0x0000000709f00000, 0x000000070a000000|  0%| F|  |TAMS 0x0000000709f00000, 0x0000000709f00000| Untracked 
| 160|0x000000070a000000, 0x000000070a000000, 0x000000070a100000|  0%| F|  |TAMS 0x000000070a000000, 0x000000070a000000| Untracked 
| 161|0x000000070a100000, 0x000000070a100000, 0x000000070a200000|  0%| F|  |TAMS 0x000000070a100000, 0x000000070a100000| Untracked 
| 162|0x000000070a200000, 0x000000070a200000, 0x000000070a300000|  0%| F|  |TAMS 0x000000070a200000, 0x000000070a200000| Untracked 
| 163|0x000000070a300000, 0x000000070a300000, 0x000000070a400000|  0%| F|  |TAMS 0x000000070a300000, 0x000000070a300000| Untracked 
| 164|0x000000070a400000, 0x000000070a400000, 0x000000070a500000|  0%| F|  |TAMS 0x000000070a400000, 0x000000070a400000| Untracked 
| 165|0x000000070a500000, 0x000000070a500000, 0x000000070a600000|  0%| F|  |TAMS 0x000000070a500000, 0x000000070a500000| Untracked 
| 166|0x000000070a600000, 0x000000070a600000, 0x000000070a700000|  0%| F|  |TAMS 0x000000070a600000, 0x000000070a600000| Untracked 
| 167|0x000000070a700000, 0x000000070a700000, 0x000000070a800000|  0%| F|  |TAMS 0x000000070a700000, 0x000000070a700000| Untracked 
| 168|0x000000070a800000, 0x000000070a800000, 0x000000070a900000|  0%| F|  |TAMS 0x000000070a800000, 0x000000070a800000| Untracked 
| 169|0x000000070a900000, 0x000000070a900000, 0x000000070aa00000|  0%| F|  |TAMS 0x000000070a900000, 0x000000070a900000| Untracked 
| 170|0x000000070aa00000, 0x000000070aa00000, 0x000000070ab00000|  0%| F|  |TAMS 0x000000070aa00000, 0x000000070aa00000| Untracked 
| 171|0x000000070ab00000, 0x000000070ab00000, 0x000000070ac00000|  0%| F|  |TAMS 0x000000070ab00000, 0x000000070ab00000| Untracked 
| 172|0x000000070ac00000, 0x000000070ac00000, 0x000000070ad00000|  0%| F|  |TAMS 0x000000070ac00000, 0x000000070ac00000| Untracked 
| 173|0x000000070ad00000, 0x000000070ad00000, 0x000000070ae00000|  0%| F|  |TAMS 0x000000070ad00000, 0x000000070ad00000| Untracked 
| 174|0x000000070ae00000, 0x000000070ae00000, 0x000000070af00000|  0%| F|  |TAMS 0x000000070ae00000, 0x000000070ae00000| Untracked 
| 175|0x000000070af00000, 0x000000070af00000, 0x000000070b000000|  0%| F|  |TAMS 0x000000070af00000, 0x000000070af00000| Untracked 
| 176|0x000000070b000000, 0x000000070b000000, 0x000000070b100000|  0%| F|  |TAMS 0x000000070b000000, 0x000000070b000000| Untracked 
| 177|0x000000070b100000, 0x000000070b100000, 0x000000070b200000|  0%| F|  |TAMS 0x000000070b100000, 0x000000070b100000| Untracked 
| 178|0x000000070b200000, 0x000000070b200000, 0x000000070b300000|  0%| F|  |TAMS 0x000000070b200000, 0x000000070b200000| Untracked 
| 179|0x000000070b300000, 0x000000070b300000, 0x000000070b400000|  0%| F|  |TAMS 0x000000070b300000, 0x000000070b300000| Untracked 
| 180|0x000000070b400000, 0x000000070b400000, 0x000000070b500000|  0%| F|  |TAMS 0x000000070b400000, 0x000000070b400000| Untracked 
| 181|0x000000070b500000, 0x000000070b500000, 0x000000070b600000|  0%| F|  |TAMS 0x000000070b500000, 0x000000070b500000| Untracked 
| 182|0x000000070b600000, 0x000000070b600000, 0x000000070b700000|  0%| F|  |TAMS 0x000000070b600000, 0x000000070b600000| Untracked 
| 183|0x000000070b700000, 0x000000070b700000, 0x000000070b800000|  0%| F|  |TAMS 0x000000070b700000, 0x000000070b700000| Untracked 
| 184|0x000000070b800000, 0x000000070b800000, 0x000000070b900000|  0%| F|  |TAMS 0x000000070b800000, 0x000000070b800000| Untracked 
| 185|0x000000070b900000, 0x000000070b900000, 0x000000070ba00000|  0%| F|  |TAMS 0x000000070b900000, 0x000000070b900000| Untracked 
| 186|0x000000070ba00000, 0x000000070ba00000, 0x000000070bb00000|  0%| F|  |TAMS 0x000000070ba00000, 0x000000070ba00000| Untracked 
| 187|0x000000070bb00000, 0x000000070bb00000, 0x000000070bc00000|  0%| F|  |TAMS 0x000000070bb00000, 0x000000070bb00000| Untracked 
| 188|0x000000070bc00000, 0x000000070bc00000, 0x000000070bd00000|  0%| F|  |TAMS 0x000000070bc00000, 0x000000070bc00000| Untracked 
| 189|0x000000070bd00000, 0x000000070bd00000, 0x000000070be00000|  0%| F|  |TAMS 0x000000070bd00000, 0x000000070bd00000| Untracked 
| 190|0x000000070be00000, 0x000000070be00000, 0x000000070bf00000|  0%| F|  |TAMS 0x000000070be00000, 0x000000070be00000| Untracked 
| 191|0x000000070bf00000, 0x000000070bf00000, 0x000000070c000000|  0%| F|  |TAMS 0x000000070bf00000, 0x000000070bf00000| Untracked 
| 192|0x000000070c000000, 0x000000070c000000, 0x000000070c100000|  0%| F|  |TAMS 0x000000070c000000, 0x000000070c000000| Untracked 
| 193|0x000000070c100000, 0x000000070c100000, 0x000000070c200000|  0%| F|  |TAMS 0x000000070c100000, 0x000000070c100000| Untracked 
| 194|0x000000070c200000, 0x000000070c27a980, 0x000000070c300000| 47%| E|  |TAMS 0x000000070c200000, 0x000000070c200000| Complete 
| 195|0x000000070c300000, 0x000000070c400000, 0x000000070c400000|100%| E|CS|TAMS 0x000000070c300000, 0x000000070c300000| Complete 
| 196|0x000000070c400000, 0x000000070c500000, 0x000000070c500000|100%| E|CS|TAMS 0x000000070c400000, 0x000000070c400000| Complete 
| 197|0x000000070c500000, 0x000000070c600000, 0x000000070c600000|100%| E|CS|TAMS 0x000000070c500000, 0x000000070c500000| Complete 
| 198|0x000000070c600000, 0x000000070c700000, 0x000000070c700000|100%| E|CS|TAMS 0x000000070c600000, 0x000000070c600000| Complete 
| 199|0x000000070c700000, 0x000000070c800000, 0x000000070c800000|100%| E|CS|TAMS 0x000000070c700000, 0x000000070c700000| Complete 
| 200|0x000000070c800000, 0x000000070c900000, 0x000000070c900000|100%| E|CS|TAMS 0x000000070c800000, 0x000000070c800000| Complete 
| 201|0x000000070c900000, 0x000000070ca00000, 0x000000070ca00000|100%| E|CS|TAMS 0x000000070c900000, 0x000000070c900000| Complete 
| 202|0x000000070ca00000, 0x000000070cb00000, 0x000000070cb00000|100%| E|CS|TAMS 0x000000070ca00000, 0x000000070ca00000| Complete 
| 203|0x000000070cb00000, 0x000000070cc00000, 0x000000070cc00000|100%| E|CS|TAMS 0x000000070cb00000, 0x000000070cb00000| Complete 
| 204|0x000000070cc00000, 0x000000070cd00000, 0x000000070cd00000|100%| E|CS|TAMS 0x000000070cc00000, 0x000000070cc00000| Complete 
| 205|0x000000070cd00000, 0x000000070ce00000, 0x000000070ce00000|100%| E|CS|TAMS 0x000000070cd00000, 0x000000070cd00000| Complete 
| 206|0x000000070ce00000, 0x000000070cf00000, 0x000000070cf00000|100%| E|CS|TAMS 0x000000070ce00000, 0x000000070ce00000| Complete 
| 207|0x000000070cf00000, 0x000000070d000000, 0x000000070d000000|100%| E|CS|TAMS 0x000000070cf00000, 0x000000070cf00000| Complete 
| 208|0x000000070d000000, 0x000000070d100000, 0x000000070d100000|100%| E|CS|TAMS 0x000000070d000000, 0x000000070d000000| Complete 
| 209|0x000000070d100000, 0x000000070d200000, 0x000000070d200000|100%| E|CS|TAMS 0x000000070d100000, 0x000000070d100000| Complete 
| 210|0x000000070d200000, 0x000000070d300000, 0x000000070d300000|100%| E|CS|TAMS 0x000000070d200000, 0x000000070d200000| Complete 
| 211|0x000000070d300000, 0x000000070d400000, 0x000000070d400000|100%| E|CS|TAMS 0x000000070d300000, 0x000000070d300000| Complete 
| 212|0x000000070d400000, 0x000000070d500000, 0x000000070d500000|100%| E|CS|TAMS 0x000000070d400000, 0x000000070d400000| Complete 
| 213|0x000000070d500000, 0x000000070d600000, 0x000000070d600000|100%| E|CS|TAMS 0x000000070d500000, 0x000000070d500000| Complete 
| 214|0x000000070d600000, 0x000000070d700000, 0x000000070d700000|100%| E|CS|TAMS 0x000000070d600000, 0x000000070d600000| Complete 
| 215|0x000000070d700000, 0x000000070d800000, 0x000000070d800000|100%| E|CS|TAMS 0x000000070d700000, 0x000000070d700000| Complete 
| 216|0x000000070d800000, 0x000000070d900000, 0x000000070d900000|100%| E|CS|TAMS 0x000000070d800000, 0x000000070d800000| Complete 
| 217|0x000000070d900000, 0x000000070da00000, 0x000000070da00000|100%| E|CS|TAMS 0x000000070d900000, 0x000000070d900000| Complete 
| 218|0x000000070da00000, 0x000000070db00000, 0x000000070db00000|100%| E|CS|TAMS 0x000000070da00000, 0x000000070da00000| Complete 
| 219|0x000000070db00000, 0x000000070dc00000, 0x000000070dc00000|100%| S|CS|TAMS 0x000000070db00000, 0x000000070db00000| Complete 
| 220|0x000000070dc00000, 0x000000070dd00000, 0x000000070dd00000|100%| S|CS|TAMS 0x000000070dc00000, 0x000000070dc00000| Complete 
| 221|0x000000070dd00000, 0x000000070de00000, 0x000000070de00000|100%| S|CS|TAMS 0x000000070dd00000, 0x000000070dd00000| Complete 
| 222|0x000000070de00000, 0x000000070df00000, 0x000000070df00000|100%| S|CS|TAMS 0x000000070de00000, 0x000000070de00000| Complete 
| 223|0x000000070df00000, 0x000000070e000000, 0x000000070e000000|100%| S|CS|TAMS 0x000000070df00000, 0x000000070df00000| Complete 
| 224|0x000000070e000000, 0x000000070e100000, 0x000000070e100000|100%| S|CS|TAMS 0x000000070e000000, 0x000000070e000000| Complete 
| 225|0x000000070e100000, 0x000000070e200000, 0x000000070e200000|100%| S|CS|TAMS 0x000000070e100000, 0x000000070e100000| Complete 
| 226|0x000000070e200000, 0x000000070e300000, 0x000000070e300000|100%| S|CS|TAMS 0x000000070e200000, 0x000000070e200000| Complete 
| 227|0x000000070e300000, 0x000000070e400000, 0x000000070e400000|100%| S|CS|TAMS 0x000000070e300000, 0x000000070e300000| Complete 
| 228|0x000000070e400000, 0x000000070e500000, 0x000000070e500000|100%| S|CS|TAMS 0x000000070e400000, 0x000000070e400000| Complete 
| 229|0x000000070e500000, 0x000000070e600000, 0x000000070e600000|100%| E|CS|TAMS 0x000000070e500000, 0x000000070e500000| Complete 
| 230|0x000000070e600000, 0x000000070e700000, 0x000000070e700000|100%| E|CS|TAMS 0x000000070e600000, 0x000000070e600000| Complete 
| 231|0x000000070e700000, 0x000000070e800000, 0x000000070e800000|100%| E|CS|TAMS 0x000000070e700000, 0x000000070e700000| Complete 
| 232|0x000000070e800000, 0x000000070e900000, 0x000000070e900000|100%| E|CS|TAMS 0x000000070e800000, 0x000000070e800000| Complete 
| 233|0x000000070e900000, 0x000000070ea00000, 0x000000070ea00000|100%| E|CS|TAMS 0x000000070e900000, 0x000000070e900000| Complete 
| 234|0x000000070ea00000, 0x000000070eb00000, 0x000000070eb00000|100%| E|CS|TAMS 0x000000070ea00000, 0x000000070ea00000| Complete 
| 235|0x000000070eb00000, 0x000000070ec00000, 0x000000070ec00000|100%| E|CS|TAMS 0x000000070eb00000, 0x000000070eb00000| Complete 
| 236|0x000000070ec00000, 0x000000070ed00000, 0x000000070ed00000|100%| E|CS|TAMS 0x000000070ec00000, 0x000000070ec00000| Complete 
| 237|0x000000070ed00000, 0x000000070ee00000, 0x000000070ee00000|100%| E|CS|TAMS 0x000000070ed00000, 0x000000070ed00000| Complete 
| 238|0x000000070ee00000, 0x000000070ef00000, 0x000000070ef00000|100%| E|CS|TAMS 0x000000070ee00000, 0x000000070ee00000| Complete 
| 239|0x000000070ef00000, 0x000000070f000000, 0x000000070f000000|100%| E|CS|TAMS 0x000000070ef00000, 0x000000070ef00000| Complete 
| 240|0x000000070f000000, 0x000000070f100000, 0x000000070f100000|100%| E|CS|TAMS 0x000000070f000000, 0x000000070f000000| Complete 
| 241|0x000000070f100000, 0x000000070f200000, 0x000000070f200000|100%| E|CS|TAMS 0x000000070f100000, 0x000000070f100000| Complete 
| 242|0x000000070f200000, 0x000000070f300000, 0x000000070f300000|100%| E|CS|TAMS 0x000000070f200000, 0x000000070f200000| Complete 
| 243|0x000000070f300000, 0x000000070f400000, 0x000000070f400000|100%| E|CS|TAMS 0x000000070f300000, 0x000000070f300000| Complete 
| 244|0x000000070f400000, 0x000000070f500000, 0x000000070f500000|100%| E|CS|TAMS 0x000000070f400000, 0x000000070f400000| Complete 
| 245|0x000000070f500000, 0x000000070f600000, 0x000000070f600000|100%| E|CS|TAMS 0x000000070f500000, 0x000000070f500000| Complete 
| 246|0x000000070f600000, 0x000000070f700000, 0x000000070f700000|100%| E|CS|TAMS 0x000000070f600000, 0x000000070f600000| Complete 
| 247|0x000000070f700000, 0x000000070f800000, 0x000000070f800000|100%| E|CS|TAMS 0x000000070f700000, 0x000000070f700000| Complete 
| 248|0x000000070f800000, 0x000000070f900000, 0x000000070f900000|100%| E|CS|TAMS 0x000000070f800000, 0x000000070f800000| Complete 
| 249|0x000000070f900000, 0x000000070fa00000, 0x000000070fa00000|100%| E|CS|TAMS 0x000000070f900000, 0x000000070f900000| Complete 
| 250|0x000000070fa00000, 0x000000070fb00000, 0x000000070fb00000|100%| E|CS|TAMS 0x000000070fa00000, 0x000000070fa00000| Complete 
| 251|0x000000070fb00000, 0x000000070fc00000, 0x000000070fc00000|100%| E|CS|TAMS 0x000000070fb00000, 0x000000070fb00000| Complete 
| 252|0x000000070fc00000, 0x000000070fd00000, 0x000000070fd00000|100%| E|CS|TAMS 0x000000070fc00000, 0x000000070fc00000| Complete 
| 253|0x000000070fd00000, 0x000000070fe00000, 0x000000070fe00000|100%| E|CS|TAMS 0x000000070fd00000, 0x000000070fd00000| Complete 
| 254|0x000000070fe00000, 0x000000070ff00000, 0x000000070ff00000|100%| E|CS|TAMS 0x000000070fe00000, 0x000000070fe00000| Complete 
| 255|0x000000070ff00000, 0x0000000710000000, 0x0000000710000000|100%| E|CS|TAMS 0x000000070ff00000, 0x000000070ff00000| Complete 

Card table byte_map: [0x000001abf36b0000,0x000001abf3eb0000] _byte_map_base: 0x000001abefeb0000

Marking Bits (Prev, Next): (CMBitMap*) 0x000001abed1b36d0, (CMBitMap*) 0x000001abed1b3698
 Prev Bits: [0x000001abf86b0000, 0x000001abfc6b0000)
 Next Bits: [0x000001abf46b0000, 0x000001abf86b0000)

Polling page: 0x000001abed230000

Metaspace:

Usage:
  Non-class:     54.37 MB capacity,    53.33 MB ( 98%) used,   872.53 KB (  2%) free+waste,   187.94 KB ( <1%) overhead. 
      Class:      8.68 MB capacity,     8.05 MB ( 93%) used,   554.47 KB (  6%) free+waste,    89.94 KB (  1%) overhead. 
       Both:     63.05 MB capacity,    61.39 MB ( 97%) used,     1.39 MB (  2%) free+waste,   277.88 KB ( <1%) overhead. 

Virtual space:
  Non-class space:       56.00 MB reserved,      54.50 MB ( 97%) committed 
      Class space:        1.00 GB reserved,       8.75 MB ( <1%) committed 
             Both:        1.05 GB reserved,      63.25 MB (  6%) committed 

Chunk freelists:
   Non-Class:  8.00 KB
       Class:  4.00 KB
        Both:  12.00 KB

MaxMetaspaceSize: 17179869184.00 GB
CompressedClassSpaceSize: 1.00 GB
Initial GC threshold: 20.80 MB
Current GC threshold: 98.34 MB
CDS: off

CodeHeap 'non-profiled nmethods': size=120000Kb used=3584Kb max_used=3584Kb free=116415Kb
 bounds [0x000001ab87ad0000, 0x000001ab87e60000, 0x000001ab8f000000]
CodeHeap 'profiled nmethods': size=120000Kb used=12968Kb max_used=12968Kb free=107031Kb
 bounds [0x000001ab805a0000, 0x000001ab81250000, 0x000001ab87ad0000]
CodeHeap 'non-nmethods': size=5760Kb used=2331Kb max_used=2372Kb free=3428Kb
 bounds [0x000001ab80000000, 0x000001ab80270000, 0x000001ab805a0000]
 total_blobs=6851 nmethods=6020 adapters=743
 compilation: enabled
              stopped_count=0, restarted_count=0
 full_count=0

Compilation events (20 events):
Event: 8.026 Thread 0x000001abffb57000 5878       1       org.gradle.api.internal.artifacts.ivyservice.resolveengine.graph.builder.ComponentState::getImplicitCapability (5 bytes)
Event: 8.026 Thread 0x000001abffb57000 nmethod 5878 0x000001ab87e40590 code [0x000001ab87e40740, 0x000001ab87e407f8]
Event: 8.026 Thread 0x000001abffb57000 5881       1       org.gradle.api.internal.artifacts.ivyservice.resolveengine.graph.builder.ComponentState::getNodes (5 bytes)
Event: 8.026 Thread 0x000001abffb57000 nmethod 5881 0x000001ab87e40890 code [0x000001ab87e40a40, 0x000001ab87e40af8]
Event: 8.026 Thread 0x000001abffb57000 5884       3       org.gradle.tooling.internal.provider.runner.SubtreeFilteringBuildOperationListener::started (118 bytes)
Event: 8.027 Thread 0x000001abffb57000 nmethod 5884 0x000001ab81207690 code [0x000001ab81207940, 0x000001ab812086a8]
Event: 8.027 Thread 0x000001abffb57000 5883       1       java.lang.Thread::getId (5 bytes)
Event: 8.027 Thread 0x000001abffb57000 nmethod 5883 0x000001ab87e40b90 code [0x000001ab87e40d40, 0x000001ab87e40df8]
Event: 8.027 Thread 0x000001abffb57000 5882       1       org.gradle.internal.component.model.DefaultIvyArtifactName::getType (5 bytes)
Event: 8.027 Thread 0x000001abffb57000 nmethod 5882 0x000001ab87e40e90 code [0x000001ab87e41040, 0x000001ab87e410f8]
Event: 8.027 Thread 0x000001abffb57000 5885       3       sun.nio.fs.WindowsPath::getNameCount (10 bytes)
Event: 8.027 Thread 0x000001abffb57000 nmethod 5885 0x000001ab81208a90 code [0x000001ab81208c40, 0x000001ab81208d88]
Event: 8.027 Thread 0x000001abffb57000 5887       3       org.gradle.tooling.internal.provider.runner.SubtreeFilteringBuildOperationListener::finished (72 bytes)
Event: 8.028 Thread 0x000001abffb57000 nmethod 5887 0x000001ab81208e90 code [0x000001ab81209100, 0x000001ab81209c18]
Event: 8.028 Thread 0x000001abffb57000 5886       3       java.io.DataOutputStream::writeLong (118 bytes)
Event: 8.028 Thread 0x000001abffb57000 nmethod 5886 0x000001ab81209f90 code [0x000001ab8120a160, 0x000001ab8120a588]
Event: 8.028 Thread 0x000001abffb57000 5888       1       org.gradle.internal.operations.DefaultBuildOperationQueue::access$300 (5 bytes)
Event: 8.028 Thread 0x000001abffb57000 nmethod 5888 0x000001ab87e41190 code [0x000001ab87e41340, 0x000001ab87e413d8]
Event: 8.028 Thread 0x000001abffb57000 5877       1       org.gradle.internal.component.local.model.DefaultLocalComponentMetadata::getId (5 bytes)
Event: 8.028 Thread 0x000001abffb57000 nmethod 5877 0x000001ab87e41490 code [0x000001ab87e41640, 0x000001ab87e416f8]

GC Heap History (14 events):
Event: 0.752 GC heap before
{Heap before GC invocations=0 (full 0):
 garbage-first heap   total 262144K, used 29696K [0x0000000700000000, 0x0000000800000000)
  region size 1024K, 24 young (24576K), 0 survivors (0K)
 Metaspace       used 10186K, capacity 10437K, committed 10624K, reserved 1058816K
  class space    used 1063K, capacity 1139K, committed 1152K, reserved 1048576K
}
Event: 0.756 GC heap after
{Heap after GC invocations=1 (full 0):
 garbage-first heap   total 262144K, used 9067K [0x0000000700000000, 0x0000000800000000)
  region size 1024K, 3 young (3072K), 3 survivors (3072K)
 Metaspace       used 10186K, capacity 10437K, committed 10624K, reserved 1058816K
  class space    used 1063K, capacity 1139K, committed 1152K, reserved 1048576K
}
Event: 2.456 GC heap before
{Heap before GC invocations=1 (full 0):
 garbage-first heap   total 262144K, used 104299K [0x0000000700000000, 0x0000000800000000)
  region size 1024K, 97 young (99328K), 3 survivors (3072K)
 Metaspace       used 20540K, capacity 21104K, committed 21248K, reserved 1067008K
  class space    used 2505K, capacity 2690K, committed 2816K, reserved 1048576K
}
Event: 2.464 GC heap after
{Heap after GC invocations=2 (full 0):
 garbage-first heap   total 262144K, used 16370K [0x0000000700000000, 0x0000000800000000)
  region size 1024K, 11 young (11264K), 11 survivors (11264K)
 Metaspace       used 20540K, capacity 21104K, committed 21248K, reserved 1067008K
  class space    used 2505K, capacity 2690K, committed 2816K, reserved 1048576K
}
Event: 2.778 GC heap before
{Heap before GC invocations=3 (full 0):
 garbage-first heap   total 262144K, used 49138K [0x0000000700000000, 0x0000000800000000)
  region size 1024K, 43 young (44032K), 11 survivors (11264K)
 Metaspace       used 23689K, capacity 24390K, committed 24576K, reserved 1071104K
  class space    used 3032K, capacity 3257K, committed 3328K, reserved 1048576K
}
Event: 2.785 GC heap after
{Heap after GC invocations=4 (full 0):
 garbage-first heap   total 262144K, used 17564K [0x0000000700000000, 0x0000000800000000)
  region size 1024K, 2 young (2048K), 2 survivors (2048K)
 Metaspace       used 23689K, capacity 24390K, committed 24576K, reserved 1071104K
  class space    used 3032K, capacity 3257K, committed 3328K, reserved 1048576K
}
Event: 3.874 GC heap before
{Heap before GC invocations=4 (full 0):
 garbage-first heap   total 262144K, used 97436K [0x0000000700000000, 0x0000000800000000)
  region size 1024K, 81 young (82944K), 2 survivors (2048K)
 Metaspace       used 35038K, capacity 35806K, committed 35840K, reserved 1081344K
  class space    used 4542K, capacity 4832K, committed 4864K, reserved 1048576K
}
Event: 3.883 GC heap after
{Heap after GC invocations=5 (full 0):
 garbage-first heap   total 262144K, used 21618K [0x0000000700000000, 0x0000000800000000)
  region size 1024K, 6 young (6144K), 6 survivors (6144K)
 Metaspace       used 35038K, capacity 35806K, committed 35840K, reserved 1081344K
  class space    used 4542K, capacity 4832K, committed 4864K, reserved 1048576K
}
Event: 5.632 GC heap before
{Heap before GC invocations=6 (full 0):
 garbage-first heap   total 262144K, used 151666K [0x0000000700000000, 0x0000000800000000)
  region size 1024K, 130 young (133120K), 6 survivors (6144K)
 Metaspace       used 46981K, capacity 48220K, committed 48384K, reserved 1091584K
  class space    used 6106K, capacity 6568K, committed 6656K, reserved 1048576K
}
Event: 5.644 GC heap after
{Heap after GC invocations=7 (full 0):
 garbage-first heap   total 262144K, used 28843K [0x0000000700000000, 0x0000000800000000)
  region size 1024K, 13 young (13312K), 13 survivors (13312K)
 Metaspace       used 46981K, capacity 48220K, committed 48384K, reserved 1091584K
  class space    used 6106K, capacity 6568K, committed 6656K, reserved 1048576K
}
Event: 7.077 GC heap before
{Heap before GC invocations=7 (full 0):
 garbage-first heap   total 262144K, used 174251K [0x0000000700000000, 0x0000000800000000)
  region size 1024K, 153 young (156672K), 13 survivors (13312K)
 Metaspace       used 57008K, capacity 58508K, committed 58752K, reserved 1099776K
  class space    used 7446K, capacity 8057K, committed 8064K, reserved 1048576K
}
Event: 7.090 GC heap after
{Heap after GC invocations=8 (full 0):
 garbage-first heap   total 262144K, used 39864K [0x0000000700000000, 0x0000000800000000)
  region size 1024K, 16 young (16384K), 16 survivors (16384K)
 Metaspace       used 57008K, capacity 58508K, committed 58752K, reserved 1099776K
  class space    used 7446K, capacity 8057K, committed 8064K, reserved 1048576K
}
Event: 7.368 GC heap before
{Heap before GC invocations=8 (full 0):
 garbage-first heap   total 262144K, used 66488K [0x0000000700000000, 0x0000000800000000)
  region size 1024K, 43 young (44032K), 16 survivors (16384K)
 Metaspace       used 58614K, capacity 60120K, committed 60160K, reserved 1101824K
  class space    used 7631K, capacity 8280K, committed 8320K, reserved 1048576K
}
Event: 7.388 GC heap after
{Heap after GC invocations=9 (full 0):
 garbage-first heap   total 262144K, used 41456K [0x0000000700000000, 0x0000000800000000)
  region size 1024K, 10 young (10240K), 10 survivors (10240K)
 Metaspace       used 58614K, capacity 60120K, committed 60160K, reserved 1101824K
  class space    used 7631K, capacity 8280K, committed 8320K, reserved 1048576K
}

Deoptimization events (20 events):
Event: 7.887 Thread 0x000001ab8ff4c000 Uncommon trap: trap_request=0xffffffde fr.pc=0x000001ab87db3150 relative=0x00000000000000b0
Event: 7.887 Thread 0x000001ab8ff4c000 Uncommon trap: reason=class_check action=maybe_recompile pc=0x000001ab87db3150 method=com.google.common.collect.AbstractIndexedListIterator.next()Ljava/lang/Object; @ 27 c2
Event: 7.887 Thread 0x000001ab8ff4c000 DEOPT PACKING pc=0x000001ab87db3150 sp=0x00000016956fa9c0
Event: 7.887 Thread 0x000001ab8ff4c000 DEOPT UNPACKING pc=0x000001ab8004a1af sp=0x00000016956fa958 mode 2
Event: 7.912 Thread 0x000001ab9770a800 Uncommon trap: trap_request=0xffffffde fr.pc=0x000001ab87d1037c relative=0x000000000000005c
Event: 7.912 Thread 0x000001ab9770a800 Uncommon trap: reason=class_check action=maybe_recompile pc=0x000001ab87d1037c method=java.util.stream.StreamOpFlag.fromCharacteristics(Ljava/util/Spliterator;)I @ 14 c2
Event: 7.912 Thread 0x000001ab9770a800 DEOPT PACKING pc=0x000001ab87d1037c sp=0x00000016984fe8d0
Event: 7.912 Thread 0x000001ab9770a800 DEOPT UNPACKING pc=0x000001ab8004a1af sp=0x00000016984fe860 mode 2
Event: 7.944 Thread 0x000001ab9770a800 Uncommon trap: trap_request=0xffffffde fr.pc=0x000001ab87d1037c relative=0x000000000000005c
Event: 7.944 Thread 0x000001ab9770a800 Uncommon trap: reason=class_check action=maybe_recompile pc=0x000001ab87d1037c method=java.util.stream.StreamOpFlag.fromCharacteristics(Ljava/util/Spliterator;)I @ 14 c2
Event: 7.944 Thread 0x000001ab9770a800 DEOPT PACKING pc=0x000001ab87d1037c sp=0x00000016984fdc50
Event: 7.944 Thread 0x000001ab9770a800 DEOPT UNPACKING pc=0x000001ab8004a1af sp=0x00000016984fdbe0 mode 2
Event: 7.945 Thread 0x000001ab9770a800 DEOPT PACKING pc=0x000001ab80e4a784 sp=0x00000016984fe150
Event: 7.945 Thread 0x000001ab9770a800 DEOPT UNPACKING pc=0x000001ab8004a95e sp=0x00000016984fd638 mode 0
Event: 7.945 Thread 0x000001ab9770a800 DEOPT PACKING pc=0x000001ab80e4ad1c sp=0x00000016984fe200
Event: 7.945 Thread 0x000001ab9770a800 DEOPT UNPACKING pc=0x000001ab8004a95e sp=0x00000016984fd6f0 mode 0
Event: 7.966 Thread 0x000001ab9770a800 Uncommon trap: trap_request=0xffffff4d fr.pc=0x000001ab87bbcf14 relative=0x0000000000000534
Event: 7.966 Thread 0x000001ab9770a800 Uncommon trap: reason=unstable_if action=reinterpret pc=0x000001ab87bbcf14 method=java.lang.String.regionMatches(ZILjava/lang/String;II)Z @ 1 c2
Event: 7.966 Thread 0x000001ab9770a800 DEOPT PACKING pc=0x000001ab87bbcf14 sp=0x00000016984fc340
Event: 7.966 Thread 0x000001ab9770a800 DEOPT UNPACKING pc=0x000001ab8004a1af sp=0x00000016984fc2f0 mode 2

Classes redefined (0 events):
No events

Internal exceptions (20 events):
Event: 6.756 Thread 0x000001ab8ff4c000 Exception <a 'java/lang/ClassNotFoundException'{0x0000000709c95478}: org/jetbrains/kotlin/gradle/targets/js/npm/NpmDependencyExtensionDelegateCustomizer> (0x0000000709c95478) thrown at [./src/hotspot/share/classfile/systemDictionary.cpp, line 231]
Event: 6.758 Thread 0x000001ab8ff4c000 Exception <a 'java/lang/ClassNotFoundException'{0x0000000709cc5570}: org/jetbrains/kotlin/gradle/targets/js/npm/NpmDependencyExtensionKt$defaultNpmDependencyDelegate$1Customizer> (0x0000000709cc5570) thrown at [./src/hotspot/share/classfile/systemDictionary.cpp, line 231]
Event: 6.762 Thread 0x000001ab8ff4c000 Exception <a 'java/lang/ClassNotFoundException'{0x0000000709b178b8}: org/jetbrains/kotlin/gradle/targets/js/npm/DefaultDevNpmDependencyExtensionBeanInfo> (0x0000000709b178b8) thrown at [./src/hotspot/share/classfile/systemDictionary.cpp, line 231]
Event: 6.762 Thread 0x000001ab8ff4c000 Exception <a 'java/lang/ClassNotFoundException'{0x0000000709b2a908}: org/jetbrains/kotlin/gradle/targets/js/npm/DefaultDevNpmDependencyExtensionCustomizer> (0x0000000709b2a908) thrown at [./src/hotspot/share/classfile/systemDictionary.cpp, line 231]
Event: 6.765 Thread 0x000001ab8ff4c000 Exception <a 'java/lang/ClassNotFoundException'{0x0000000709b80460}: org/jetbrains/kotlin/gradle/targets/js/npm/DefaultPeerNpmDependencyExtensionBeanInfo> (0x0000000709b80460) thrown at [./src/hotspot/share/classfile/systemDictionary.cpp, line 231]
Event: 6.765 Thread 0x000001ab8ff4c000 Exception <a 'java/lang/ClassNotFoundException'{0x0000000709b93870}: org/jetbrains/kotlin/gradle/targets/js/npm/DefaultPeerNpmDependencyExtensionCustomizer> (0x0000000709b93870) thrown at [./src/hotspot/share/classfile/systemDictionary.cpp, line 231]
Event: 6.772 Thread 0x000001ab8ff4c000 Exception <a 'java/lang/ClassNotFoundException'{0x0000000709bf57a0}: org/jetbrains/kotlin/gradle/targets/js/npm/DefaultPeerNpmDependencyExtension$delegate$1BeanInfo> (0x0000000709bf57a0) thrown at [./src/hotspot/share/classfile/systemDictionary.cpp, line 231]
Event: 6.772 Thread 0x000001ab8ff4c000 Exception <a 'java/lang/ClassNotFoundException'{0x0000000709a0a040}: org/jetbrains/kotlin/gradle/targets/js/npm/DefaultPeerNpmDependencyExtension$delegate$1Customizer> (0x0000000709a0a040) thrown at [./src/hotspot/share/classfile/systemDictionary.cpp, line 231]
Event: 7.356 Thread 0x000001ab8ff4c000 Exception <a 'java/lang/NoSuchMethodError'{0x000000070e680c58}: 'long java.lang.invoke.DirectMethodHandle$Holder.invokeVirtual(java.lang.Object, java.lang.Object)'> (0x000000070e680c58) thrown at [./src/hotspot/share/interpreter/linkResolver.cpp, line 773]
Event: 7.360 Thread 0x000001ab9160c000 Exception <a 'java/lang/NoSuchMethodError'{0x000000070ff09c68}: <clinit>> (0x000000070ff09c68) thrown at [./src/hotspot/share/prims/jni.cpp, line 1365]
Event: 7.362 Thread 0x000001ab9160c000 Exception <a 'java/lang/NoSuchMethodError'{0x000000070e51b5b0}: <clinit>> (0x000000070e51b5b0) thrown at [./src/hotspot/share/prims/jni.cpp, line 1365]
Event: 7.362 Thread 0x000001ab9160c000 Exception <a 'java/lang/NoSuchMethodError'{0x000000070e51c6c0}: <clinit>> (0x000000070e51c6c0) thrown at [./src/hotspot/share/prims/jni.cpp, line 1365]
Event: 7.362 Thread 0x000001ab9160c000 Exception <a 'java/lang/NoSuchMethodError'{0x000000070e51d9c8}: <clinit>> (0x000000070e51d9c8) thrown at [./src/hotspot/share/prims/jni.cpp, line 1365]
Event: 7.362 Thread 0x000001ab9160c000 Exception <a 'java/lang/NoSuchMethodError'{0x000000070e51e9e8}: <clinit>> (0x000000070e51e9e8) thrown at [./src/hotspot/share/prims/jni.cpp, line 1365]
Event: 7.363 Thread 0x000001ab9160c000 Exception <a 'java/lang/NoSuchMethodError'{0x000000070e5287f0}: <clinit>> (0x000000070e5287f0) thrown at [./src/hotspot/share/prims/jni.cpp, line 1365]
Event: 7.364 Thread 0x000001ab9160c000 Exception <a 'java/lang/NoSuchMethodError'{0x000000070e5b2e58}: <clinit>> (0x000000070e5b2e58) thrown at [./src/hotspot/share/prims/jni.cpp, line 1365]
Event: 7.367 Thread 0x000001ab9160c000 Exception <a 'java/lang/NoSuchMethodError'{0x000000070e5c6cc0}: <clinit>> (0x000000070e5c6cc0) thrown at [./src/hotspot/share/prims/jni.cpp, line 1365]
Event: 7.489 Thread 0x000001ab8ff4c000 Exception <a 'java/lang/NoSuchMethodError'{0x000000070f9304e0}: 'java.lang.Object java.lang.invoke.Invokers$Holder.linkToTargetMethod(java.lang.Object, int, java.lang.Object)'> (0x000000070f9304e0) thrown at [./src/hotspot/share/interpreter/linkResolver.cpp, line 773]
Event: 7.945 Thread 0x000001ab9160c000 Exception <a 'java/lang/NoSuchMethodError'{0x000000070cc7edf0}: <clinit>> (0x000000070cc7edf0) thrown at [./src/hotspot/share/prims/jni.cpp, line 1365]
Event: 7.946 Thread 0x000001ab9160c000 Exception <a 'java/lang/NoSuchMethodError'{0x000000070cc88728}: <clinit>> (0x000000070cc88728) thrown at [./src/hotspot/share/prims/jni.cpp, line 1365]

Events (20 events):
Event: 8.006 Executing VM operation: RevokeBias
Event: 8.007 Executing VM operation: RevokeBias done
Event: 8.008 Executing VM operation: RevokeBias
Event: 8.008 Executing VM operation: RevokeBias done
Event: 8.011 Executing VM operation: RevokeBias
Event: 8.011 Executing VM operation: RevokeBias done
Event: 8.012 Executing VM operation: RevokeBias
Event: 8.012 Executing VM operation: RevokeBias done
Event: 8.015 Executing VM operation: RevokeBias
Event: 8.016 Executing VM operation: RevokeBias done
Event: 8.019 Executing VM operation: RevokeBias
Event: 8.019 Executing VM operation: RevokeBias done
Event: 8.020 Executing VM operation: RevokeBias
Event: 8.020 Executing VM operation: RevokeBias done
Event: 8.020 Executing VM operation: RevokeBias
Event: 8.021 Executing VM operation: RevokeBias done
Event: 8.021 loading class org/gradle/api/internal/artifacts/ivyservice/resolveengine/graph/conflicts/DefaultConflictResolverDetails
Event: 8.021 loading class org/gradle/api/internal/artifacts/ivyservice/resolveengine/graph/conflicts/DefaultConflictResolverDetails done
Event: 8.022 loading class org/gradle/api/internal/artifacts/ivyservice/resolveengine/graph/conflicts/CompositeConflictResolver$CompositeDetails
Event: 8.022 loading class org/gradle/api/internal/artifacts/ivyservice/resolveengine/graph/conflicts/CompositeConflictResolver$CompositeDetails done


Dynamic libraries:
0x00007ff7e42d0000 - 0x00007ff7e42da000 	C:\Users\milen\AppData\Local\JetBrains\Toolbox\apps\AndroidStudio\ch-0\212.5712.43.2112.8512546\jre\bin\java.exe
0x00007ff9862b0000 - 0x00007ff9864a5000 	C:\Windows\SYSTEM32\ntdll.dll
0x00007ff984be0000 - 0x00007ff984c9d000 	C:\Windows\System32\KERNEL32.DLL
0x00007ff983d60000 - 0x00007ff98402d000 	C:\Windows\System32\KERNELBASE.dll
0x00007ff9840a0000 - 0x00007ff9841a0000 	C:\Windows\System32\ucrtbase.dll
0x00007ff970980000 - 0x00007ff970999000 	C:\Users\milen\AppData\Local\JetBrains\Toolbox\apps\AndroidStudio\ch-0\212.5712.43.2112.8512546\jre\bin\jli.dll
0x00007ff96b7e0000 - 0x00007ff96b7f7000 	C:\Users\milen\AppData\Local\JetBrains\Toolbox\apps\AndroidStudio\ch-0\212.5712.43.2112.8512546\jre\bin\VCRUNTIME140.dll
0x00007ff9860d0000 - 0x00007ff986270000 	C:\Windows\System32\USER32.dll
0x00007ff9725a0000 - 0x00007ff97283a000 	C:\Windows\WinSxS\amd64_microsoft.windows.common-controls_6595b64144ccf1df_6.0.19041.1110_none_60b5254171f9507e\COMCTL32.dll
0x00007ff983bf0000 - 0x00007ff983c12000 	C:\Windows\System32\win32u.dll
0x00007ff9858f0000 - 0x00007ff98598e000 	C:\Windows\System32\msvcrt.dll
0x00007ff985d90000 - 0x00007ff985dba000 	C:\Windows\System32\GDI32.dll
0x00007ff9841f0000 - 0x00007ff9842fb000 	C:\Windows\System32\gdi32full.dll
0x00007ff9839c0000 - 0x00007ff983a5d000 	C:\Windows\System32\msvcp_win.dll
0x00007ff984bb0000 - 0x00007ff984be0000 	C:\Windows\System32\IMM32.DLL
0x00007ff935530000 - 0x00007ff9355cd000 	C:\Users\milen\AppData\Local\JetBrains\Toolbox\apps\AndroidStudio\ch-0\212.5712.43.2112.8512546\jre\bin\msvcp140.dll
0x00007ff94c1c0000 - 0x00007ff94cca5000 	C:\Users\milen\AppData\Local\JetBrains\Toolbox\apps\AndroidStudio\ch-0\212.5712.43.2112.8512546\jre\bin\server\jvm.dll
0x00007ff984310000 - 0x00007ff9843be000 	C:\Windows\System32\ADVAPI32.dll
0x00007ff985990000 - 0x00007ff985a2c000 	C:\Windows\System32\sechost.dll
0x00007ff985fa0000 - 0x00007ff9860c5000 	C:\Windows\System32\RPCRT4.dll
0x00007ff984300000 - 0x00007ff984308000 	C:\Windows\System32\PSAPI.DLL
0x00007ff9729f0000 - 0x00007ff972a17000 	C:\Windows\SYSTEM32\WINMM.dll
0x00007ff97f860000 - 0x00007ff97f869000 	C:\Windows\SYSTEM32\WSOCK32.dll
0x00007ff97cc40000 - 0x00007ff97cc4a000 	C:\Windows\SYSTEM32\VERSION.dll
0x00007ff985ac0000 - 0x00007ff985b2b000 	C:\Windows\System32\WS2_32.dll
0x00007ff9818c0000 - 0x00007ff9818d2000 	C:\Windows\SYSTEM32\kernel.appcore.dll
0x00007ff957910000 - 0x00007ff957921000 	C:\Users\milen\AppData\Local\JetBrains\Toolbox\apps\AndroidStudio\ch-0\212.5712.43.2112.8512546\jre\bin\verify.dll
0x00007ff96a740000 - 0x00007ff96a924000 	C:\Windows\SYSTEM32\DBGHELP.DLL
0x00007ff96a710000 - 0x00007ff96a73c000 	C:\Windows\SYSTEM32\dbgcore.DLL
0x00007ff983cd0000 - 0x00007ff983d52000 	C:\Windows\System32\bcryptPrimitives.dll
0x00007ff9542b0000 - 0x00007ff9542d9000 	C:\Users\milen\AppData\Local\JetBrains\Toolbox\apps\AndroidStudio\ch-0\212.5712.43.2112.8512546\jre\bin\java.dll
0x00007ff95f720000 - 0x00007ff95f72b000 	C:\Users\milen\AppData\Local\JetBrains\Toolbox\apps\AndroidStudio\ch-0\212.5712.43.2112.8512546\jre\bin\jimage.dll
0x00007ff9377b0000 - 0x00007ff9377c8000 	C:\Users\milen\AppData\Local\JetBrains\Toolbox\apps\AndroidStudio\ch-0\212.5712.43.2112.8512546\jre\bin\zip.dll
0x00007ff984d20000 - 0x00007ff985464000 	C:\Windows\System32\SHELL32.dll
0x00007ff981ac0000 - 0x00007ff982254000 	C:\Windows\SYSTEM32\windows.storage.dll
0x00007ff9854e0000 - 0x00007ff985834000 	C:\Windows\System32\combase.dll
0x00007ff983420000 - 0x00007ff98344c000 	C:\Windows\SYSTEM32\Wldp.dll
0x00007ff985840000 - 0x00007ff9858ed000 	C:\Windows\System32\SHCORE.dll
0x00007ff9843c0000 - 0x00007ff984415000 	C:\Windows\System32\shlwapi.dll
0x00007ff983900000 - 0x00007ff98391f000 	C:\Windows\SYSTEM32\profapi.dll
0x00007ff9578f0000 - 0x00007ff95790a000 	C:\Users\milen\AppData\Local\JetBrains\Toolbox\apps\AndroidStudio\ch-0\212.5712.43.2112.8512546\jre\bin\net.dll
0x00007ff972c50000 - 0x00007ff972d5a000 	C:\Windows\SYSTEM32\WINHTTP.dll
0x00007ff983180000 - 0x00007ff9831ea000 	C:\Windows\system32\mswsock.dll
0x00007ff9578d0000 - 0x00007ff9578e4000 	C:\Users\milen\AppData\Local\JetBrains\Toolbox\apps\AndroidStudio\ch-0\212.5712.43.2112.8512546\jre\bin\nio.dll
0x00007ff97ca40000 - 0x00007ff97ca67000 	C:\Users\milen\.gradle\native\8bec1ad78214c89d9ad589b4d07fe93259594b29d510b10fafb7a158f7737e5d\windows-amd64\native-platform.dll
0x00007ff9707d0000 - 0x00007ff97090d000 	C:\Users\milen\.gradle\native\53dbd7edfb1c66fb8903c78663c9afc45aea4f116125fa6feffd364cf09443e8\windows-amd64\native-platform-file-events.dll
0x00007ff96b7a0000 - 0x00007ff96b7aa000 	C:\Users\milen\AppData\Local\JetBrains\Toolbox\apps\AndroidStudio\ch-0\212.5712.43.2112.8512546\jre\bin\management.dll
0x00007ff960010000 - 0x00007ff96001d000 	C:\Users\milen\AppData\Local\JetBrains\Toolbox\apps\AndroidStudio\ch-0\212.5712.43.2112.8512546\jre\bin\management_ext.dll
0x00007ff983370000 - 0x00007ff983388000 	C:\Windows\SYSTEM32\CRYPTSP.dll
0x00007ff982a90000 - 0x00007ff982ac4000 	C:\Windows\system32\rsaenh.dll
0x00007ff983a60000 - 0x00007ff983a87000 	C:\Windows\System32\bcrypt.dll
0x00007ff9838c0000 - 0x00007ff9838ee000 	C:\Windows\SYSTEM32\USERENV.dll
0x00007ff983390000 - 0x00007ff98339c000 	C:\Windows\SYSTEM32\CRYPTBASE.dll
0x00007ff982e20000 - 0x00007ff982e5b000 	C:\Windows\SYSTEM32\IPHLPAPI.DLL
0x00007ff984ba0000 - 0x00007ff984ba8000 	C:\Windows\System32\NSI.dll
0x00007ff973710000 - 0x00007ff973727000 	C:\Windows\SYSTEM32\dhcpcsvc6.DLL
0x00007ff973b80000 - 0x00007ff973b9d000 	C:\Windows\SYSTEM32\dhcpcsvc.DLL
0x00007ff982ec0000 - 0x00007ff982f8b000 	C:\Windows\SYSTEM32\DNSAPI.dll

dbghelp: loaded successfully - version: 4.0.5 - missing functions: none
symbol engine: initialized successfully - sym options: 0x614 - pdb path: .;C:\Users\milen\AppData\Local\JetBrains\Toolbox\apps\AndroidStudio\ch-0\212.5712.43.2112.8512546\jre\bin;C:\Windows\SYSTEM32;C:\Windows\WinSxS\amd64_microsoft.windows.common-controls_6595b64144ccf1df_6.0.19041.1110_none_60b5254171f9507e;C:\Users\milen\AppData\Local\JetBrains\Toolbox\apps\AndroidStudio\ch-0\212.5712.43.2112.8512546\jre\bin\server;C:\Users\milen\.gradle\native\8bec1ad78214c89d9ad589b4d07fe93259594b29d510b10fafb7a158f7737e5d\windows-amd64;C:\Users\milen\.gradle\native\53dbd7edfb1c66fb8903c78663c9afc45aea4f116125fa6feffd364cf09443e8\windows-amd64

VM Arguments:
jvm_args: --add-opens=java.base/java.util=ALL-UNNAMED --add-opens=java.base/java.lang=ALL-UNNAMED --add-opens=java.base/java.lang.invoke=ALL-UNNAMED --add-opens=java.base/java.util=ALL-UNNAMED --add-opens=java.prefs/java.util.prefs=ALL-UNNAMED --add-opens=java.prefs/java.util.prefs=ALL-UNNAMED --add-opens=java.base/java.nio.charset=ALL-UNNAMED --add-opens=java.base/java.net=ALL-UNNAMED --add-opens=java.base/java.util.concurrent.atomic=ALL-UNNAMED -Xmx4g -Dfile.encoding=windows-1251 -Duser.country=RU -Duser.language=ru -Duser.variant 
java_command: org.gradle.launcher.daemon.bootstrap.GradleDaemon 7.0.2
java_class_path (initial): C:\Users\milen\.gradle\wrapper\dists\gradle-7.0.2-bin\857tjihv64xamwrf0h14cai3r\gradle-7.0.2\lib\gradle-launcher-7.0.2.jar
Launcher Type: SUN_STANDARD

[Global flags]
     intx CICompilerCount                          = 4                                         {product} {ergonomic}
     uint ConcGCThreads                            = 2                                         {product} {ergonomic}
     uint G1ConcRefinementThreads                  = 8                                         {product} {ergonomic}
   size_t G1HeapRegionSize                         = 1048576                                   {product} {ergonomic}
    uintx GCDrainStackTargetSize                   = 64                                        {product} {ergonomic}
   size_t InitialHeapSize                          = 268435456                                 {product} {ergonomic}
   size_t MarkStackSize                            = 4194304                                   {product} {ergonomic}
   size_t MaxHeapSize                              = 4294967296                                {product} {command line}
   size_t MaxNewSize                               = 2576351232                                {product} {ergonomic}
   size_t MinHeapDeltaBytes                        = 1048576                                   {product} {ergonomic}
    uintx NonNMethodCodeHeapSize                   = 5836300                                {pd product} {ergonomic}
    uintx NonProfiledCodeHeapSize                  = 122910970                              {pd product} {ergonomic}
    uintx ProfiledCodeHeapSize                     = 122910970                              {pd product} {ergonomic}
    uintx ReservedCodeCacheSize                    = 251658240                              {pd product} {ergonomic}
     bool SegmentedCodeCache                       = true                                      {product} {ergonomic}
     bool UseCompressedClassPointers               = true                                 {lp64_product} {ergonomic}
     bool UseCompressedOops                        = true                                 {lp64_product} {ergonomic}
     bool UseG1GC                                  = true                                      {product} {ergonomic}
     bool UseLargePagesIndividualAllocation        = false                                  {pd product} {ergonomic}

Logging:
Log output configuration:
 #0: stdout all=warning uptime,level,tags
 #1: stderr all=off uptime,level,tags

Environment Variables:
PATH=C:\Windows\system32;C:\Windows;C:\Windows\System32\Wbem;C:\Windows\System32\WindowsPowerShell\v1.0\;C:\Windows\System32\OpenSSH\;C:\Program Files\Git\cmd;C:\Users\milen\AppData\Local\Microsoft\WindowsApps;
USERNAME=milen
OS=Windows_NT
PROCESSOR_IDENTIFIER=Intel64 Family 6 Model 158 Stepping 9, GenuineIntel



---------------  S Y S T E M  ---------------

OS: Windows 10 , 64 bit Build 19041 (10.0.19041.1706)
OS uptime: 0 days 3:03 hours

CPU:total 8 (initial active 8) (4 cores per cpu, 2 threads per core) family 6 model 158 stepping 9 microcode 0xb4, cmov, cx8, fxsr, mmx, sse, sse2, sse3, ssse3, sse4.1, sse4.2, popcnt, avx, avx2, aes, clmul, erms, 3dnowpref, lzcnt, ht, tsc, tscinvbit, bmi1, bmi2, adx, fma

Memory: 4k page, system-wide physical 16268M (4656M free)
TotalPageFile size 19212M (AvailPageFile size 4259M)
current process WorkingSet (physical memory assigned to process): 420M, peak: 420M
current process commit charge ("private bytes"): 514M, peak: 514M

vm_info: OpenJDK 64-Bit Server VM (11.0.12+7-b1504.28-7817840) for windows-amd64 JRE (11.0.12+7-b1504.28-7817840), built on Oct 13 2021 22:12:33 by "builder" with MS VC++ 14.0 (VS2015)

END.
