#
# A fatal error has been detected by the Java Runtime Environment:
#
#  EXCEPTION_ACCESS_VIOLATION (0xc0000005) at pc=0x00007ffe4e19bfe4, pid=9524, tid=144
#
# JRE version: OpenJDK Runtime Environment (11.0.12+7) (build 11.0.12+7-b1504.28-7817840)
# Java VM: OpenJDK 64-Bit Server VM (11.0.12+7-b1504.28-7817840, mixed mode, tiered, compressed oops, g1 gc, windows-amd64)
# Problematic frame:
# V  [jvm.dll+0x2dbfe4]
#
# No core dump will be written. Minidumps are not enabled by default on client versions of Windows
#
# If you would like to submit a bug report, please visit:
#   https://bugreport.java.com/bugreport/crash.jsp
#

---------------  S U M M A R Y ------------

Command Line: --add-opens=java.base/java.util=ALL-UNNAMED --add-opens=java.base/java.lang=ALL-UNNAMED --add-opens=java.base/java.lang.invoke=ALL-UNNAMED --add-opens=java.base/java.util=ALL-UNNAMED --add-opens=java.prefs/java.util.prefs=ALL-UNNAMED --add-opens=java.prefs/java.util.prefs=ALL-UNNAMED --add-opens=java.base/java.nio.charset=ALL-UNNAMED --add-opens=java.base/java.net=ALL-UNNAMED --add-opens=java.base/java.util.concurrent.atomic=ALL-UNNAMED -Xmx4g -Dfile.encoding=windows-1251 -Duser.country=RU -Duser.language=ru -Duser.variant org.gradle.launcher.daemon.bootstrap.GradleDaemon 7.0.2

Host: Intel(R) Core(TM) i7-7700HQ CPU @ 2.80GHz, 8 cores, 15G,  Windows 10 , 64 bit Build 19041 (10.0.19041.1706)
Time: Thu May 26 22:20:01 2022 RTZ 2 (зима) elapsed time: 6.159128 seconds (0d 0h 0m 6s)

---------------  T H R E A D  ---------------

Current thread (0x0000027550ca3800):  GCTaskThread "GC Thread#2" [stack: 0x00000089d2100000,0x00000089d2200000] [id=144]

Stack: [0x00000089d2100000,0x00000089d2200000],  sp=0x00000089d21fefb0,  free space=1019k
Native frames: (J=compiled Java code, j=interpreted, Vv=VM code, C=native code)
V  [jvm.dll+0x2dbfe4]
V  [jvm.dll+0x30633f]
V  [jvm.dll+0x3075d8]
V  [jvm.dll+0x2d9052]
V  [jvm.dll+0x3057ab]
V  [jvm.dll+0x3054de]
V  [jvm.dll+0x313e87]
V  [jvm.dll+0x2b4b2e]
V  [jvm.dll+0x2b4a51]
V  [jvm.dll+0x2e20e5]
V  [jvm.dll+0x315855]
V  [jvm.dll+0x31469d]
V  [jvm.dll+0x2e5248]
V  [jvm.dll+0x757cd0]
V  [jvm.dll+0x6f26a5]
V  [jvm.dll+0x5fabf6]
C  [ucrtbase.dll+0x21bb2]
C  [KERNEL32.DLL+0x17034]
C  [ntdll.dll+0x52651]


siginfo: EXCEPTION_ACCESS_VIOLATION (0xc0000005), reading address 0x0000000000000118


Register to memory mapping:

RIP=0x00007ffe4e19bfe4 jvm.dll
RAX=0x0 is NULL
RBX=0x00000275554bcb70 points into unknown readable memory: 0x00007ffe4e6f44e8 | e8 44 6f 4e fe 7f 00 00
RCX=0x00000007000d6920 is an oop: sun.management.MemoryPoolImpl 
{0x00000007000d6920} - klass: 'sun/management/MemoryPoolImpl'
RDX=0x000002752fa4c700 points into unknown readable memory: 0x00007ffe4e6fbe90 | 90 be 6f 4e fe 7f 00 00
RSP=0x00000089d21fefb0 points into unknown readable memory: 0x0000000701abd494 | 94 d4 ab 01 07 00 00 00
RBP=0x00000275554bcce0 points into unknown readable memory: 0x00007ffe4e6f44a0 | a0 44 6f 4e fe 7f 00 00
RSI=0x0000000800023a38 is pointing into metadata
RDI=0x0000000701ac0300 is an oop: 
[error occurred during error reporting (printing register info), id 0xc0000005, EXCEPTION_ACCESS_VIOLATION (0xc0000005) at pc=0x00007ffe4e4a889d]

Registers:
RAX=0x0000000000000000, RBX=0x00000275554bcb70, RCX=0x00000007000d6920, RDX=0x000002752fa4c700
RSP=0x00000089d21fefb0, RBP=0x00000275554bcce0, RSI=0x0000000800023a38, RDI=0x0000000701ac0300
R8 =0x0000000701ac0308, R9 =0x0000000000000000, R10=0x0000000701ac0308, R11=0x00000275554bcce0
R12=0x0000000000000004, R13=0x0000000000000000, R14=0x0000000800023a38, R15=0x0000000701ac02f0
RIP=0x00007ffe4e19bfe4, EFLAGS=0x0000000000010246

Top of Stack: (sp=0x00000089d21fefb0)
0x00000089d21fefb0:   0000000701abd494 00007ffe4e19bf14
0x00000089d21fefc0:   000002752f9a4fe0 0000000701ac02e9
0x00000089d21fefd0:   0000000701ac0308 00007ffe4e1c633f
0x00000089d21fefe0:   0000000701ac02f0 00007ffe4e1c7862
0x00000089d21feff0:   0000000701ac02e8 0000000000000002
0x00000089d21ff000:   0000000708fee668 0000000000000002
0x00000089d21ff010:   0000000701ac02f0 00007ffe4e1c75d8
0x00000089d21ff020:   0000000000000002 0000000000000015
0x00000089d21ff030:   00000275554bcb70 0000000701abd6ed
0x00000089d21ff040:   000002752f9a4fe0 0000000700c073f0
0x00000089d21ff050:   0000000a554bcce0 0000000000000015
0x00000089d21ff060:   0000000000000001 00000275554bcb70
0x00000089d21ff070:   0000000000000040 000002752f9a5060
0x00000089d21ff080:   0000000000000000 00000275554bcb70
0x00000089d21ff090:   00000089d21ff301 00007ffe4e199052
0x00000089d21ff0a0:   00000275554bcb70 00007ffe4e19bf01 

Instructions: (pc=0x00007ffe4e19bfe4)
0x00007ffe4e19bee4:   5f c3 cc cc cc cc cc cc cc cc cc cc 48 89 5c 24
0x00007ffe4e19bef4:   08 57 48 83 ec 20 48 8b 41 18 48 8b da 48 83 cb
0x00007ffe4e19bf04:   01 48 8b d3 48 8b 78 10 48 8b cf e8 cc 7b 00 00
0x00007ffe4e19bf14:   84 c0 75 29 48 81 c7 90 00 00 00 48 8b 47 08 48
0x00007ffe4e19bf24:   39 47 20 75 08 48 8b cf e8 0f 21 07 00 48 8b 4f
0x00007ffe4e19bf34:   20 48 8b 47 38 48 89 1c c8 48 ff 47 20 48 8b 5c
0x00007ffe4e19bf44:   24 30 48 83 c4 20 5f c3 cc cc cc cc 48 89 5c 24
0x00007ffe4e19bf54:   08 57 48 83 ec 20 48 8b 79 10 48 8b da 48 83 cb
0x00007ffe4e19bf64:   01 48 8b cf 48 8b d3 e8 70 7b 00 00 84 c0 75 29
0x00007ffe4e19bf74:   48 81 c7 90 00 00 00 48 8b 47 08 48 39 47 20 75
0x00007ffe4e19bf84:   08 48 8b cf e8 b3 20 07 00 48 8b 4f 20 48 8b 47
0x00007ffe4e19bf94:   38 48 89 1c c8 48 ff 47 20 48 8b 5c 24 30 48 83
0x00007ffe4e19bfa4:   c4 20 5f c3 cc cc cc cc cc cc cc cc 40 53 48 83
0x00007ffe4e19bfb4:   ec 20 8b 82 04 01 00 00 48 8b d9 d1 e8 a8 01 75
0x00007ffe4e19bfc4:   6b 48 8b 41 08 8b 88 c0 02 00 00 48 8b 80 b0 02
0x00007ffe4e19bfd4:   00 00 49 d3 e9 4a 8b 0c c8 48 8b 81 f8 00 00 00
0x00007ffe4e19bfe4:   83 b8 18 01 00 00 00 74 43 48 8b 4b 50 48 89 7c
0x00007ffe4e19bff4:   24 30 49 c1 e8 09 48 8b 79 48 48 2b 79 40 49 03
0x00007ffe4e19c004:   f8 48 8b d7 e8 83 c1 ff ff 84 c0 74 1a 80 7b 28
0x00007ffe4e19c014:   00 48 8d 4b 18 74 10 48 8b 43 50 48 8b 50 40 48
0x00007ffe4e19c024:   03 d7 e8 35 9b 36 00 48 8b 7c 24 30 48 83 c4 20
0x00007ffe4e19c034:   5b c3 cc cc cc cc cc cc cc cc cc cc 48 89 5c 24
0x00007ffe4e19c044:   08 48 89 74 24 10 57 48 83 ec 20 48 63 fa 48 8d
0x00007ffe4e19c054:   05 e7 26 55 00 45 33 c0 48 89 01 48 8b f1 89 79
0x00007ffe4e19c064:   08 48 8b df 48 8d 0c fd 00 00 00 00 41 8d 50 05
0x00007ffe4e19c074:   e8 47 b5 dd ff 45 33 db 48 89 46 10 4c 8d 4e 10
0x00007ffe4e19c084:   4c 8b d0 45 8b c3 85 ff 7e 56 83 ff 02 72 51 8d
0x00007ffe4e19c094:   4f ff 48 63 d1 48 8d 04 d0 4d 3b d1 77 05 49 3b
0x00007ffe4e19c0a4:   c1 73 3d 8b c7 25 01 00 00 80 7d 07 ff c8 83 c8
0x00007ffe4e19c0b4:   fe ff c0 2b f8 0f 1f 80 00 00 00 00 41 83 c0 02
0x00007ffe4e19c0c4:   44 3b c7 7c f7 8d 47 01 49 8b fa 99 2b c2 d1 f8
0x00007ffe4e19c0d4:   48 63 c8 48 c1 e1 04 48 c1 e9 03 33 c0 f3 48 ab 


Stack slot to memory mapping:
stack at sp + 0 slots: 0x0000000701abd494 is pointing into object: [Ljava.util.HashMap$Node; 
{0x0000000701abd3c0} - klass: 'java/util/HashMap$Node'[]
 - length: 512
stack at sp + 1 slots: 0x00007ffe4e19bf14 jvm.dll
stack at sp + 2 slots: 0x000002752f9a4fe0 points into unknown readable memory: 0x00000000000007bb | bb 07 00 00 00 00 00 00
stack at sp + 3 slots: 0x0000000701ac02e9 is pointing into object: [Ljava.lang.Object; 
{0x0000000701ac02d8} - klass: 'java/lang/Object'[]
 - length: 2
stack at sp + 4 slots: 0x0000000701ac0308 is pointing into object: java.util.HashMap$Node 
{0x0000000701ac02f0} - klass: 'java/util/HashMap$Node'
stack at sp + 5 slots: 0x00007ffe4e1c633f jvm.dll
stack at sp + 6 slots: 0x0000000701ac02f0 is an oop: java.util.HashMap$Node 
{0x0000000701ac02f0} - klass: 'java/util/HashMap$Node'
stack at sp + 7 slots: 0x00007ffe4e1c7862 jvm.dll


---------------  P R O C E S S  ---------------

Threads class SMR info:
_java_thread_list=0x00000275575b0ef0, length=52, elements={
0x000002752f988800, 0x000002754f29b800, 0x000002754f28a000, 0x000002754fb9c800,
0x000002754fb9e800, 0x000002754fb9f800, 0x000002754fba5000, 0x000002754fbae000,
0x000002754fbb2000, 0x000002754fd02800, 0x0000027551ec6000, 0x000002754fd42800,
0x00000275523c5800, 0x0000027552411000, 0x00000275517be800, 0x0000027552987800,
0x0000027552595800, 0x0000027551b4e800, 0x000002755303a800, 0x000002755303b000,
0x0000027552c22000, 0x0000027552c27000, 0x0000027552c23000, 0x0000027552c24800,
0x0000027552c24000, 0x0000027552c21800, 0x0000027552c25800, 0x0000027552c26800,
0x0000027552c28000, 0x0000027553aac800, 0x0000027553ab3000, 0x0000027553ab0000,
0x0000027553ab0800, 0x0000027553aae000, 0x0000027553ab4800, 0x0000027553ab9800,
0x0000027553ab7000, 0x0000027553ab8000, 0x0000027553ab6800, 0x0000027553aba800,
0x0000027553abb000, 0x0000027553ab5800, 0x0000027553ab8800, 0x0000027557128800,
0x0000027557126000, 0x0000027557124800, 0x0000027557125800, 0x0000027557123000,
0x0000027557123800, 0x000002755712b000, 0x000002755712c800, 0x000002755712c000
}

Java Threads: ( => current thread )
  0x000002752f988800 JavaThread "main" [_thread_blocked, id=5048, stack(0x00000089d0e00000,0x00000089d0f00000)]
  0x000002754f29b800 JavaThread "Reference Handler" daemon [_thread_blocked, id=11024, stack(0x00000089d1500000,0x00000089d1600000)]
  0x000002754f28a000 JavaThread "Finalizer" daemon [_thread_blocked, id=5348, stack(0x00000089d1600000,0x00000089d1700000)]
  0x000002754fb9c800 JavaThread "Signal Dispatcher" daemon [_thread_blocked, id=6324, stack(0x00000089d1700000,0x00000089d1800000)]
  0x000002754fb9e800 JavaThread "Attach Listener" daemon [_thread_blocked, id=2556, stack(0x00000089d1800000,0x00000089d1900000)]
  0x000002754fb9f800 JavaThread "Service Thread" daemon [_thread_blocked, id=9928, stack(0x00000089d1900000,0x00000089d1a00000)]
  0x000002754fba5000 JavaThread "C2 CompilerThread0" daemon [_thread_blocked, id=5780, stack(0x00000089d1a00000,0x00000089d1b00000)]
  0x000002754fbae000 JavaThread "C1 CompilerThread0" daemon [_thread_blocked, id=6660, stack(0x00000089d1b00000,0x00000089d1c00000)]
  0x000002754fbb2000 JavaThread "Sweeper thread" daemon [_thread_blocked, id=6080, stack(0x00000089d1c00000,0x00000089d1d00000)]
  0x000002754fd02800 JavaThread "Common-Cleaner" daemon [_thread_blocked, id=7572, stack(0x00000089d1d00000,0x00000089d1e00000)]
  0x0000027551ec6000 JavaThread "Daemon health stats" [_thread_blocked, id=8596, stack(0x00000089d2600000,0x00000089d2700000)]
  0x000002754fd42800 JavaThread "Incoming local TCP Connector on port 51604" [_thread_in_native, id=10596, stack(0x00000089d1f00000,0x00000089d2000000)]
  0x00000275523c5800 JavaThread "Daemon periodic checks" [_thread_blocked, id=5608, stack(0x00000089d2500000,0x00000089d2600000)]
  0x0000027552411000 JavaThread "Daemon" [_thread_blocked, id=9464, stack(0x00000089d2700000,0x00000089d2800000)]
  0x00000275517be800 JavaThread "Handler for socket connection from /127.0.0.1:51604 to /127.0.0.1:51605" [_thread_in_native, id=9036, stack(0x00000089d2800000,0x00000089d2900000)]
  0x0000027552987800 JavaThread "Cancel handler" [_thread_blocked, id=10016, stack(0x00000089d2900000,0x00000089d2a00000)]
  0x0000027552595800 JavaThread "Daemon worker" [_thread_blocked, id=6096, stack(0x00000089d2a00000,0x00000089d2b00000)]
  0x0000027551b4e800 JavaThread "C2 CompilerThread1" daemon [_thread_in_native, id=10248, stack(0x00000089d2b00000,0x00000089d2c00000)]
  0x000002755303a800 JavaThread "Asynchronous log dispatcher for DefaultDaemonConnection: socket connection from /127.0.0.1:51604 to /127.0.0.1:51605" [_thread_blocked, id=10032, stack(0x00000089d2c00000,0x00000089d2d00000)]
  0x000002755303b000 JavaThread "Stdin handler" [_thread_blocked, id=7396, stack(0x00000089d2d00000,0x00000089d2e00000)]
  0x0000027552c22000 JavaThread "Daemon client event forwarder" [_thread_blocked, id=6872, stack(0x00000089d2e00000,0x00000089d2f00000)]
  0x0000027552c27000 JavaThread "Cache worker for file hash cache (C:\Users\milen\.gradle\caches\7.0.2\fileHashes)" [_thread_blocked, id=10516, stack(0x00000089d2f00000,0x00000089d3000000)]
  0x0000027552c23000 JavaThread "File lock request listener" [_thread_in_native, id=5536, stack(0x00000089d3000000,0x00000089d3100000)]
  0x0000027552c24800 JavaThread "Cache worker for journal cache (C:\Users\milen\.gradle\caches\journal-1)" [_thread_blocked, id=9932, stack(0x00000089d3400000,0x00000089d3500000)]
  0x0000027552c24000 JavaThread "Cache worker for file hash cache (C:\Users\milen\Desktop\CorporateApp\.gradle\7.0.2\fileHashes)" [_thread_blocked, id=7292, stack(0x00000089d3500000,0x00000089d3600000)]
  0x0000027552c21800 JavaThread "File watcher server" daemon [_thread_in_native, id=9396, stack(0x00000089d3600000,0x00000089d3700000)]
  0x0000027552c25800 JavaThread "File watcher consumer" daemon [_thread_blocked, id=9840, stack(0x00000089d3700000,0x00000089d3800000)]
  0x0000027552c26800 JavaThread "Cache worker for checksums cache (C:\Users\milen\Desktop\CorporateApp\.gradle\checksums)" [_thread_blocked, id=8204, stack(0x00000089d3800000,0x00000089d3900000)]
  0x0000027552c28000 JavaThread "Cache worker for cache directory md-supplier (C:\Users\milen\.gradle\caches\7.0.2\md-supplier)" [_thread_blocked, id=3208, stack(0x00000089d3900000,0x00000089d3a00000)]
  0x0000027553aac800 JavaThread "Cache worker for cache directory md-rule (C:\Users\milen\.gradle\caches\7.0.2\md-rule)" [_thread_blocked, id=1140, stack(0x00000089d3a00000,0x00000089d3b00000)]
  0x0000027553ab3000 JavaThread "Cache worker for execution history cache (C:\Users\milen\.gradle\caches\7.0.2\executionHistory)" [_thread_blocked, id=5468, stack(0x00000089d3b00000,0x00000089d3c00000)]
  0x0000027553ab0000 JavaThread "jar transforms" [_thread_blocked, id=10460, stack(0x00000089d3d00000,0x00000089d3e00000)]
  0x0000027553ab0800 JavaThread "jar transforms Thread 2" [_thread_blocked, id=7532, stack(0x00000089d3e00000,0x00000089d3f00000)]
  0x0000027553aae000 JavaThread "Cache worker for file content cache (C:\Users\milen\.gradle\caches\7.0.2\fileContent)" [_thread_blocked, id=10908, stack(0x00000089d3f00000,0x00000089d4000000)]
  0x0000027553ab4800 JavaThread "Cache worker for dependencies-accessors (C:\Users\milen\Desktop\CorporateApp\.gradle\7.0.2\dependencies-accessors)" [_thread_blocked, id=5512, stack(0x00000089d4000000,0x00000089d4100000)]
  0x0000027553ab9800 JavaThread "Cache worker for Build Output Cleanup Cache (C:\Users\milen\Desktop\CorporateApp\buildSrc\.gradle\buildOutputCleanup)" [_thread_blocked, id=5704, stack(0x00000089d4100000,0x00000089d4200000)]
  0x0000027553ab7000 JavaThread "Memory manager" [_thread_blocked, id=3460, stack(0x00000089d4200000,0x00000089d4300000)]
  0x0000027553ab8000 JavaThread "Cache worker for kotlin-dsl (C:\Users\milen\.gradle\caches\7.0.2\kotlin-dsl)" [_thread_blocked, id=7324, stack(0x00000089d4300000,0x00000089d4400000)]
  0x0000027553ab6800 JavaThread "jar transforms Thread 3" [_thread_blocked, id=8176, stack(0x00000089d4400000,0x00000089d4500000)]
  0x0000027553aba800 JavaThread "Build operations" [_thread_blocked, id=5224, stack(0x00000089d4500000,0x00000089d4600000)]
  0x0000027553abb000 JavaThread "Build operations Thread 2" [_thread_blocked, id=8392, stack(0x00000089d4600000,0x00000089d4700000)]
  0x0000027553ab5800 JavaThread "Build operations Thread 3" [_thread_blocked, id=380, stack(0x00000089d4700000,0x00000089d4800000)]
  0x0000027553ab8800 JavaThread "Build operations Thread 4" [_thread_blocked, id=10620, stack(0x00000089d4800000,0x00000089d4900000)]
  0x0000027557128800 JavaThread "Build operations Thread 5" [_thread_blocked, id=5008, stack(0x00000089d4900000,0x00000089d4a00000)]
  0x0000027557126000 JavaThread "Build operations Thread 6" [_thread_blocked, id=7348, stack(0x00000089d4a00000,0x00000089d4b00000)]
  0x0000027557124800 JavaThread "Build operations Thread 7" [_thread_blocked, id=7420, stack(0x00000089d4b00000,0x00000089d4c00000)]
  0x0000027557125800 JavaThread "Build operations Thread 8" [_thread_blocked, id=1060, stack(0x00000089d4c00000,0x00000089d4d00000)]
  0x0000027557123000 JavaThread "jar transforms Thread 4" [_thread_blocked, id=10008, stack(0x00000089d4d00000,0x00000089d4e00000)]
  0x0000027557123800 JavaThread "jar transforms Thread 5" [_thread_blocked, id=10268, stack(0x00000089d4e00000,0x00000089d4f00000)]
  0x000002755712b000 JavaThread "jar transforms Thread 6" [_thread_blocked, id=4024, stack(0x00000089d4f00000,0x00000089d5000000)]
  0x000002755712c800 JavaThread "jar transforms Thread 7" [_thread_blocked, id=3608, stack(0x00000089d5000000,0x00000089d5100000)]
  0x000002755712c000 JavaThread "jar transforms Thread 8" [_thread_blocked, id=10124, stack(0x00000089d5100000,0x00000089d5200000)]

Other Threads:
  0x000002754f288000 VMThread "VM Thread" [stack: 0x00000089d1400000,0x00000089d1500000] [id=6536]
  0x000002754fd37000 WatcherThread [stack: 0x00000089d1e00000,0x00000089d1f00000] [id=8108]
  0x000002752f9a2000 GCTaskThread "GC Thread#0" [stack: 0x00000089d0f00000,0x00000089d1000000] [id=10176]
  0x00000275506fa000 GCTaskThread "GC Thread#1" [stack: 0x00000089d2000000,0x00000089d2100000] [id=6956]
=>0x0000027550ca3800 GCTaskThread "GC Thread#2" [stack: 0x00000089d2100000,0x00000089d2200000] [id=144]
  0x0000027550af9800 GCTaskThread "GC Thread#3" [stack: 0x00000089d2200000,0x00000089d2300000] [id=7236]
  0x000002755075e000 GCTaskThread "GC Thread#4" [stack: 0x00000089d2300000,0x00000089d2400000] [id=5092]
  0x000002755075f000 GCTaskThread "GC Thread#5" [stack: 0x00000089d2400000,0x00000089d2500000] [id=7496]
  0x00000275528a4000 GCTaskThread "GC Thread#6" [stack: 0x00000089d3100000,0x00000089d3200000] [id=2840]
  0x00000275528a6000 GCTaskThread "GC Thread#7" [stack: 0x00000089d3200000,0x00000089d3300000] [id=7644]
  0x000002752fa03800 ConcurrentGCThread "G1 Main Marker" [stack: 0x00000089d1000000,0x00000089d1100000] [id=6044]
  0x000002752fa06000 ConcurrentGCThread "G1 Conc#0" [stack: 0x00000089d1100000,0x00000089d1200000] [id=10404]
  0x0000027550750000 ConcurrentGCThread "G1 Conc#1" [stack: 0x00000089d3300000,0x00000089d3400000] [id=4160]
  0x000002754f172800 ConcurrentGCThread "G1 Refine#0" [stack: 0x00000089d1200000,0x00000089d1300000] [id=10860]
  0x000002754f175000 ConcurrentGCThread "G1 Young RemSet Sampling" [stack: 0x00000089d1300000,0x00000089d1400000] [id=10428]

Threads with active compile tasks:
C2 CompilerThread0   6205 5318       4       org.objectweb.asm.ByteVector::put122 (93 bytes)
C2 CompilerThread1   6205 5316       4       org.objectweb.asm.MethodWriter::computeAllFrames (510 bytes)

VM state:at safepoint (normal execution)

VM Mutex/Monitor currently owned by a thread:  ([mutex/lock_event])
[0x000002752f985150] Threads_lock - owner thread: 0x000002754f288000
[0x000002752f985b70] Heap_lock - owner thread: 0x0000027552595800

Heap address: 0x0000000700000000, size: 4096 MB, Compressed Oops mode: Zero based, Oop shift amount: 3
Narrow klass base: 0x0000000800000000, Narrow klass shift: 0
Compressed class space size: 1073741824 Address: 0x0000000800000000

Heap:
 garbage-first heap   total 315392K, used 64207K [0x0000000700000000, 0x0000000800000000)
  region size 1024K, 36 young (36864K), 11 survivors (11264K)
 Metaspace       used 58779K, capacity 60195K, committed 60236K, reserved 1101824K
  class space    used 7641K, capacity 8240K, committed 8268K, reserved 1048576K
Heap Regions: E=young(eden), S=young(survivor), O=old, HS=humongous(starts), HC=humongous(continues), CS=collection set, F=free, A=archive, TAMS=top-at-mark-start (previous, next)
|   0|0x0000000700000000, 0x0000000700100000, 0x0000000700100000|100%| O|  |TAMS 0x0000000700100000, 0x0000000700100000| Untracked 
|   1|0x0000000700100000, 0x0000000700200000, 0x0000000700200000|100%| O|  |TAMS 0x0000000700200000, 0x0000000700200000| Untracked 
|   2|0x0000000700200000, 0x0000000700300000, 0x0000000700300000|100%| O|  |TAMS 0x0000000700300000, 0x0000000700300000| Untracked 
|   3|0x0000000700300000, 0x0000000700400000, 0x0000000700400000|100%|HS|  |TAMS 0x0000000700400000, 0x0000000700400000| Complete 
|   4|0x0000000700400000, 0x0000000700500000, 0x0000000700500000|100%|HC|  |TAMS 0x0000000700500000, 0x0000000700500000| Complete 
|   5|0x0000000700500000, 0x0000000700600000, 0x0000000700600000|100%|HC|  |TAMS 0x0000000700600000, 0x0000000700600000| Complete 
|   6|0x0000000700600000, 0x0000000700700000, 0x0000000700700000|100%| O|  |TAMS 0x0000000700700000, 0x0000000700700000| Untracked 
|   7|0x0000000700700000, 0x0000000700800000, 0x0000000700800000|100%| O|  |TAMS 0x0000000700800000, 0x0000000700800000| Untracked 
|   8|0x0000000700800000, 0x0000000700900000, 0x0000000700900000|100%| O|  |TAMS 0x0000000700900000, 0x0000000700900000| Untracked 
|   9|0x0000000700900000, 0x0000000700a00000, 0x0000000700a00000|100%| O|  |TAMS 0x0000000700a00000, 0x0000000700a00000| Untracked 
|  10|0x0000000700a00000, 0x0000000700b00000, 0x0000000700b00000|100%| O|  |TAMS 0x0000000700b00000, 0x0000000700b00000| Untracked 
|  11|0x0000000700b00000, 0x0000000700c00000, 0x0000000700c00000|100%| O|  |TAMS 0x0000000700c00000, 0x0000000700c00000| Untracked 
|  12|0x0000000700c00000, 0x0000000700d00000, 0x0000000700d00000|100%| O|  |TAMS 0x0000000700d00000, 0x0000000700d00000| Untracked 
|  13|0x0000000700d00000, 0x0000000700e00000, 0x0000000700e00000|100%| O|  |TAMS 0x0000000700e00000, 0x0000000700e00000| Untracked 
|  14|0x0000000700e00000, 0x0000000700f00000, 0x0000000700f00000|100%| O|  |TAMS 0x0000000700f00000, 0x0000000700f00000| Untracked 
|  15|0x0000000700f00000, 0x0000000701000000, 0x0000000701000000|100%| O|  |TAMS 0x0000000700fba200, 0x0000000701000000| Untracked 
|  16|0x0000000701000000, 0x0000000701100000, 0x0000000701100000|100%|HS|  |TAMS 0x0000000701000000, 0x0000000701100000| Complete 
|  17|0x0000000701100000, 0x0000000701200000, 0x0000000701200000|100%|HC|  |TAMS 0x0000000701100000, 0x0000000701200000| Complete 
|  18|0x0000000701200000, 0x0000000701300000, 0x0000000701300000|100%|HC|  |TAMS 0x0000000701200000, 0x0000000701300000| Complete 
|  19|0x0000000701300000, 0x0000000701400000, 0x0000000701400000|100%| O|  |TAMS 0x0000000701300000, 0x0000000701400000| Untracked 
|  20|0x0000000701400000, 0x0000000701500000, 0x0000000701500000|100%| O|  |TAMS 0x0000000701400000, 0x0000000701500000| Untracked 
|  21|0x0000000701500000, 0x0000000701600000, 0x0000000701600000|100%| O|  |TAMS 0x0000000701500000, 0x0000000701600000| Untracked 
|  22|0x0000000701600000, 0x0000000701700000, 0x0000000701700000|100%| O|  |TAMS 0x0000000701600000, 0x0000000701700000| Untracked 
|  23|0x0000000701700000, 0x0000000701800000, 0x0000000701800000|100%| O|  |TAMS 0x0000000701700000, 0x0000000701800000| Untracked 
|  24|0x0000000701800000, 0x0000000701900000, 0x0000000701900000|100%| O|  |TAMS 0x0000000701800000, 0x0000000701900000| Untracked 
|  25|0x0000000701900000, 0x0000000701a00000, 0x0000000701a00000|100%| O|  |TAMS 0x0000000701900000, 0x0000000701a00000| Untracked 
|  26|0x0000000701a00000, 0x0000000701b00000, 0x0000000701b00000|100%| O|  |TAMS 0x0000000701a00000, 0x0000000701b00000| Untracked 
|  27|0x0000000701b00000, 0x0000000701c00000, 0x0000000701c00000|100%| O|  |TAMS 0x0000000701b00000, 0x0000000701c00000| Untracked 
|  28|0x0000000701c00000, 0x0000000701d00000, 0x0000000701d00000|100%| O|  |TAMS 0x0000000701c00000, 0x0000000701d00000| Untracked 
|  29|0x0000000701d00000, 0x0000000701e00000, 0x0000000701e00000|100%| O|  |TAMS 0x0000000701d00000, 0x0000000701e00000| Untracked 
|  30|0x0000000701e00000, 0x0000000701e00000, 0x0000000701f00000|  0%| F|  |TAMS 0x0000000701e00000, 0x0000000701e00000| Untracked 
|  31|0x0000000701f00000, 0x0000000701f00000, 0x0000000702000000|  0%| F|  |TAMS 0x0000000701f00000, 0x0000000701f00000| Untracked 
|  32|0x0000000702000000, 0x0000000702000000, 0x0000000702100000|  0%| F|  |TAMS 0x0000000702000000, 0x0000000702000000| Untracked 
|  33|0x0000000702100000, 0x0000000702100000, 0x0000000702200000|  0%| F|  |TAMS 0x0000000702100000, 0x0000000702100000| Untracked 
|  34|0x0000000702200000, 0x0000000702200000, 0x0000000702300000|  0%| F|  |TAMS 0x0000000702200000, 0x0000000702200000| Untracked 
|  35|0x0000000702300000, 0x0000000702300000, 0x0000000702400000|  0%| F|  |TAMS 0x0000000702300000, 0x0000000702300000| Untracked 
|  36|0x0000000702400000, 0x0000000702400000, 0x0000000702500000|  0%| F|  |TAMS 0x0000000702400000, 0x0000000702400000| Untracked 
|  37|0x0000000702500000, 0x0000000702500000, 0x0000000702600000|  0%| F|  |TAMS 0x0000000702500000, 0x0000000702500000| Untracked 
|  38|0x0000000702600000, 0x0000000702600000, 0x0000000702700000|  0%| F|  |TAMS 0x0000000702600000, 0x0000000702600000| Untracked 
|  39|0x0000000702700000, 0x0000000702700000, 0x0000000702800000|  0%| F|  |TAMS 0x0000000702700000, 0x0000000702700000| Untracked 
|  40|0x0000000702800000, 0x0000000702800000, 0x0000000702900000|  0%| F|  |TAMS 0x0000000702800000, 0x0000000702800000| Untracked 
|  41|0x0000000702900000, 0x0000000702900000, 0x0000000702a00000|  0%| F|  |TAMS 0x0000000702900000, 0x0000000702900000| Untracked 
|  42|0x0000000702a00000, 0x0000000702a00000, 0x0000000702b00000|  0%| F|  |TAMS 0x0000000702a00000, 0x0000000702a00000| Untracked 
|  43|0x0000000702b00000, 0x0000000702b00000, 0x0000000702c00000|  0%| F|  |TAMS 0x0000000702b00000, 0x0000000702b00000| Untracked 
|  44|0x0000000702c00000, 0x0000000702c00000, 0x0000000702d00000|  0%| F|  |TAMS 0x0000000702c00000, 0x0000000702c00000| Untracked 
|  45|0x0000000702d00000, 0x0000000702d00000, 0x0000000702e00000|  0%| F|  |TAMS 0x0000000702d00000, 0x0000000702d00000| Untracked 
|  46|0x0000000702e00000, 0x0000000702e00000, 0x0000000702f00000|  0%| F|  |TAMS 0x0000000702e00000, 0x0000000702e00000| Untracked 
|  47|0x0000000702f00000, 0x0000000702f00000, 0x0000000703000000|  0%| F|  |TAMS 0x0000000702f00000, 0x0000000702f00000| Untracked 
|  48|0x0000000703000000, 0x0000000703000000, 0x0000000703100000|  0%| F|  |TAMS 0x0000000703000000, 0x0000000703000000| Untracked 
|  49|0x0000000703100000, 0x0000000703100000, 0x0000000703200000|  0%| F|  |TAMS 0x0000000703100000, 0x0000000703100000| Untracked 
|  50|0x0000000703200000, 0x0000000703200000, 0x0000000703300000|  0%| F|  |TAMS 0x0000000703200000, 0x0000000703200000| Untracked 
|  51|0x0000000703300000, 0x0000000703300000, 0x0000000703400000|  0%| F|  |TAMS 0x0000000703300000, 0x0000000703300000| Untracked 
|  52|0x0000000703400000, 0x0000000703400000, 0x0000000703500000|  0%| F|  |TAMS 0x0000000703400000, 0x0000000703400000| Untracked 
|  53|0x0000000703500000, 0x0000000703500000, 0x0000000703600000|  0%| F|  |TAMS 0x0000000703500000, 0x0000000703500000| Untracked 
|  54|0x0000000703600000, 0x0000000703600000, 0x0000000703700000|  0%| F|  |TAMS 0x0000000703600000, 0x0000000703600000| Untracked 
|  55|0x0000000703700000, 0x0000000703700000, 0x0000000703800000|  0%| F|  |TAMS 0x0000000703700000, 0x0000000703700000| Untracked 
|  56|0x0000000703800000, 0x0000000703800000, 0x0000000703900000|  0%| F|  |TAMS 0x0000000703800000, 0x0000000703800000| Untracked 
|  57|0x0000000703900000, 0x0000000703900000, 0x0000000703a00000|  0%| F|  |TAMS 0x0000000703900000, 0x0000000703900000| Untracked 
|  58|0x0000000703a00000, 0x0000000703a00000, 0x0000000703b00000|  0%| F|  |TAMS 0x0000000703a00000, 0x0000000703a00000| Untracked 
|  59|0x0000000703b00000, 0x0000000703b00000, 0x0000000703c00000|  0%| F|  |TAMS 0x0000000703b00000, 0x0000000703b00000| Untracked 
|  60|0x0000000703c00000, 0x0000000703c00000, 0x0000000703d00000|  0%| F|  |TAMS 0x0000000703c00000, 0x0000000703c00000| Untracked 
|  61|0x0000000703d00000, 0x0000000703d00000, 0x0000000703e00000|  0%| F|  |TAMS 0x0000000703d00000, 0x0000000703d00000| Untracked 
|  62|0x0000000703e00000, 0x0000000703e00000, 0x0000000703f00000|  0%| F|  |TAMS 0x0000000703e00000, 0x0000000703e00000| Untracked 
|  63|0x0000000703f00000, 0x0000000703f00000, 0x0000000704000000|  0%| F|  |TAMS 0x0000000703f00000, 0x0000000703f00000| Untracked 
|  64|0x0000000704000000, 0x0000000704000000, 0x0000000704100000|  0%| F|  |TAMS 0x0000000704000000, 0x0000000704000000| Untracked 
|  65|0x0000000704100000, 0x0000000704100000, 0x0000000704200000|  0%| F|  |TAMS 0x0000000704100000, 0x0000000704100000| Untracked 
|  66|0x0000000704200000, 0x0000000704200000, 0x0000000704300000|  0%| F|  |TAMS 0x0000000704200000, 0x0000000704200000| Untracked 
|  67|0x0000000704300000, 0x0000000704300000, 0x0000000704400000|  0%| F|  |TAMS 0x0000000704300000, 0x0000000704300000| Untracked 
|  68|0x0000000704400000, 0x0000000704400000, 0x0000000704500000|  0%| F|  |TAMS 0x0000000704400000, 0x0000000704400000| Untracked 
|  69|0x0000000704500000, 0x0000000704500000, 0x0000000704600000|  0%| F|  |TAMS 0x0000000704500000, 0x0000000704500000| Untracked 
|  70|0x0000000704600000, 0x0000000704600000, 0x0000000704700000|  0%| F|  |TAMS 0x0000000704600000, 0x0000000704600000| Untracked 
|  71|0x0000000704700000, 0x0000000704700000, 0x0000000704800000|  0%| F|  |TAMS 0x0000000704700000, 0x0000000704700000| Untracked 
|  72|0x0000000704800000, 0x0000000704800000, 0x0000000704900000|  0%| F|  |TAMS 0x0000000704800000, 0x0000000704800000| Untracked 
|  73|0x0000000704900000, 0x0000000704900000, 0x0000000704a00000|  0%| F|  |TAMS 0x0000000704900000, 0x0000000704900000| Untracked 
|  74|0x0000000704a00000, 0x0000000704a00000, 0x0000000704b00000|  0%| F|  |TAMS 0x0000000704a00000, 0x0000000704a00000| Untracked 
|  75|0x0000000704b00000, 0x0000000704b00000, 0x0000000704c00000|  0%| F|  |TAMS 0x0000000704b00000, 0x0000000704b00000| Untracked 
|  76|0x0000000704c00000, 0x0000000704c00000, 0x0000000704d00000|  0%| F|  |TAMS 0x0000000704c00000, 0x0000000704c00000| Untracked 
|  77|0x0000000704d00000, 0x0000000704d00000, 0x0000000704e00000|  0%| F|  |TAMS 0x0000000704d00000, 0x0000000704d00000| Untracked 
|  78|0x0000000704e00000, 0x0000000704e00000, 0x0000000704f00000|  0%| F|  |TAMS 0x0000000704e00000, 0x0000000704e00000| Untracked 
|  79|0x0000000704f00000, 0x0000000704f00000, 0x0000000705000000|  0%| F|  |TAMS 0x0000000704f00000, 0x0000000704f00000| Untracked 
|  80|0x0000000705000000, 0x0000000705000000, 0x0000000705100000|  0%| F|  |TAMS 0x0000000705000000, 0x0000000705000000| Untracked 
|  81|0x0000000705100000, 0x0000000705100000, 0x0000000705200000|  0%| F|  |TAMS 0x0000000705100000, 0x0000000705100000| Untracked 
|  82|0x0000000705200000, 0x0000000705200000, 0x0000000705300000|  0%| F|  |TAMS 0x0000000705200000, 0x0000000705200000| Untracked 
|  83|0x0000000705300000, 0x0000000705300000, 0x0000000705400000|  0%| F|  |TAMS 0x0000000705300000, 0x0000000705300000| Untracked 
|  84|0x0000000705400000, 0x0000000705400000, 0x0000000705500000|  0%| F|  |TAMS 0x0000000705400000, 0x0000000705400000| Untracked 
|  85|0x0000000705500000, 0x0000000705500000, 0x0000000705600000|  0%| F|  |TAMS 0x0000000705500000, 0x0000000705500000| Untracked 
|  86|0x0000000705600000, 0x0000000705600000, 0x0000000705700000|  0%| F|  |TAMS 0x0000000705600000, 0x0000000705600000| Untracked 
|  87|0x0000000705700000, 0x0000000705700000, 0x0000000705800000|  0%| F|  |TAMS 0x0000000705700000, 0x0000000705700000| Untracked 
|  88|0x0000000705800000, 0x0000000705800000, 0x0000000705900000|  0%| F|  |TAMS 0x0000000705800000, 0x0000000705800000| Untracked 
|  89|0x0000000705900000, 0x0000000705900000, 0x0000000705a00000|  0%| F|  |TAMS 0x0000000705900000, 0x0000000705900000| Untracked 
|  90|0x0000000705a00000, 0x0000000705a00000, 0x0000000705b00000|  0%| F|  |TAMS 0x0000000705a00000, 0x0000000705a00000| Untracked 
|  91|0x0000000705b00000, 0x0000000705b00000, 0x0000000705c00000|  0%| F|  |TAMS 0x0000000705b00000, 0x0000000705b00000| Untracked 
|  92|0x0000000705c00000, 0x0000000705c00000, 0x0000000705d00000|  0%| F|  |TAMS 0x0000000705c00000, 0x0000000705c00000| Untracked 
|  93|0x0000000705d00000, 0x0000000705d00000, 0x0000000705e00000|  0%| F|  |TAMS 0x0000000705d00000, 0x0000000705d00000| Untracked 
|  94|0x0000000705e00000, 0x0000000705e00000, 0x0000000705f00000|  0%| F|  |TAMS 0x0000000705e00000, 0x0000000705e00000| Untracked 
|  95|0x0000000705f00000, 0x0000000705f00000, 0x0000000706000000|  0%| F|  |TAMS 0x0000000705f00000, 0x0000000705f00000| Untracked 
|  96|0x0000000706000000, 0x0000000706000000, 0x0000000706100000|  0%| F|  |TAMS 0x0000000706000000, 0x0000000706000000| Untracked 
|  97|0x0000000706100000, 0x0000000706100000, 0x0000000706200000|  0%| F|  |TAMS 0x0000000706100000, 0x0000000706100000| Untracked 
|  98|0x0000000706200000, 0x0000000706200000, 0x0000000706300000|  0%| F|  |TAMS 0x0000000706200000, 0x0000000706200000| Untracked 
|  99|0x0000000706300000, 0x0000000706300000, 0x0000000706400000|  0%| F|  |TAMS 0x0000000706300000, 0x0000000706300000| Untracked 
| 100|0x0000000706400000, 0x0000000706400000, 0x0000000706500000|  0%| F|  |TAMS 0x0000000706400000, 0x0000000706400000| Untracked 
| 101|0x0000000706500000, 0x0000000706500000, 0x0000000706600000|  0%| F|  |TAMS 0x0000000706500000, 0x0000000706500000| Untracked 
| 102|0x0000000706600000, 0x0000000706600000, 0x0000000706700000|  0%| F|  |TAMS 0x0000000706600000, 0x0000000706600000| Untracked 
| 103|0x0000000706700000, 0x0000000706700000, 0x0000000706800000|  0%| F|  |TAMS 0x0000000706700000, 0x0000000706700000| Untracked 
| 104|0x0000000706800000, 0x0000000706800000, 0x0000000706900000|  0%| F|  |TAMS 0x0000000706800000, 0x0000000706800000| Untracked 
| 105|0x0000000706900000, 0x0000000706900000, 0x0000000706a00000|  0%| F|  |TAMS 0x0000000706900000, 0x0000000706900000| Untracked 
| 106|0x0000000706a00000, 0x0000000706a00000, 0x0000000706b00000|  0%| F|  |TAMS 0x0000000706a00000, 0x0000000706a00000| Untracked 
| 107|0x0000000706b00000, 0x0000000706b00000, 0x0000000706c00000|  0%| F|  |TAMS 0x0000000706b00000, 0x0000000706b00000| Untracked 
| 108|0x0000000706c00000, 0x0000000706c00000, 0x0000000706d00000|  0%| F|  |TAMS 0x0000000706c00000, 0x0000000706c00000| Untracked 
| 109|0x0000000706d00000, 0x0000000706d00000, 0x0000000706e00000|  0%| F|  |TAMS 0x0000000706d00000, 0x0000000706d00000| Untracked 
| 110|0x0000000706e00000, 0x0000000706e00000, 0x0000000706f00000|  0%| F|  |TAMS 0x0000000706e00000, 0x0000000706e00000| Untracked 
| 111|0x0000000706f00000, 0x0000000706f00000, 0x0000000707000000|  0%| F|  |TAMS 0x0000000706f00000, 0x0000000706f00000| Untracked 
| 112|0x0000000707000000, 0x0000000707000000, 0x0000000707100000|  0%| F|  |TAMS 0x0000000707000000, 0x0000000707000000| Untracked 
| 113|0x0000000707100000, 0x0000000707100000, 0x0000000707200000|  0%| F|  |TAMS 0x0000000707100000, 0x0000000707100000| Untracked 
| 114|0x0000000707200000, 0x0000000707200000, 0x0000000707300000|  0%| F|  |TAMS 0x0000000707200000, 0x0000000707200000| Untracked 
| 115|0x0000000707300000, 0x0000000707300000, 0x0000000707400000|  0%| F|  |TAMS 0x0000000707300000, 0x0000000707300000| Untracked 
| 116|0x0000000707400000, 0x0000000707400000, 0x0000000707500000|  0%| F|  |TAMS 0x0000000707400000, 0x0000000707400000| Untracked 
| 117|0x0000000707500000, 0x0000000707500000, 0x0000000707600000|  0%| F|  |TAMS 0x0000000707500000, 0x0000000707500000| Untracked 
| 118|0x0000000707600000, 0x0000000707600000, 0x0000000707700000|  0%| F|  |TAMS 0x0000000707600000, 0x0000000707600000| Untracked 
| 119|0x0000000707700000, 0x0000000707700000, 0x0000000707800000|  0%| F|  |TAMS 0x0000000707700000, 0x0000000707700000| Untracked 
| 120|0x0000000707800000, 0x0000000707800000, 0x0000000707900000|  0%| F|  |TAMS 0x0000000707800000, 0x0000000707800000| Untracked 
| 121|0x0000000707900000, 0x0000000707900000, 0x0000000707a00000|  0%| F|  |TAMS 0x0000000707900000, 0x0000000707900000| Untracked 
| 122|0x0000000707a00000, 0x0000000707b00000, 0x0000000707b00000|100%| E|CS|TAMS 0x0000000707a00000, 0x0000000707b00000| Complete 
| 123|0x0000000707b00000, 0x0000000707c00000, 0x0000000707c00000|100%| E|CS|TAMS 0x0000000707b00000, 0x0000000707c00000| Complete 
| 124|0x0000000707c00000, 0x0000000707c00000, 0x0000000707d00000|  0%| F|  |TAMS 0x0000000707c00000, 0x0000000707c00000| Untracked 
| 125|0x0000000707d00000, 0x0000000707d00000, 0x0000000707e00000|  0%| F|  |TAMS 0x0000000707d00000, 0x0000000707d00000| Untracked 
| 126|0x0000000707e00000, 0x0000000707e00000, 0x0000000707f00000|  0%| F|  |TAMS 0x0000000707e00000, 0x0000000707e00000| Untracked 
| 127|0x0000000707f00000, 0x0000000707f00000, 0x0000000708000000|  0%| F|  |TAMS 0x0000000707f00000, 0x0000000707f00000| Untracked 
| 128|0x0000000708000000, 0x0000000708000000, 0x0000000708100000|  0%| F|  |TAMS 0x0000000708000000, 0x0000000708000000| Untracked 
| 129|0x0000000708100000, 0x0000000708100000, 0x0000000708200000|  0%| F|  |TAMS 0x0000000708100000, 0x0000000708100000| Untracked 
| 130|0x0000000708200000, 0x0000000708200000, 0x0000000708300000|  0%| F|  |TAMS 0x0000000708200000, 0x0000000708200000| Untracked 
| 131|0x0000000708300000, 0x0000000708300000, 0x0000000708400000|  0%| F|  |TAMS 0x0000000708300000, 0x0000000708300000| Untracked 
| 132|0x0000000708400000, 0x0000000708400000, 0x0000000708500000|  0%| F|  |TAMS 0x0000000708400000, 0x0000000708400000| Untracked 
| 133|0x0000000708500000, 0x0000000708500000, 0x0000000708600000|  0%| F|  |TAMS 0x0000000708500000, 0x0000000708500000| Untracked 
| 134|0x0000000708600000, 0x0000000708600000, 0x0000000708700000|  0%| F|  |TAMS 0x0000000708600000, 0x0000000708600000| Untracked 
| 135|0x0000000708700000, 0x0000000708700000, 0x0000000708800000|  0%| F|  |TAMS 0x0000000708700000, 0x0000000708700000| Untracked 
| 136|0x0000000708800000, 0x0000000708800000, 0x0000000708900000|  0%| F|  |TAMS 0x0000000708800000, 0x0000000708800000| Untracked 
| 137|0x0000000708900000, 0x0000000708a00000, 0x0000000708a00000|100%| E|CS|TAMS 0x0000000708900000, 0x0000000708a00000| Complete 
| 138|0x0000000708a00000, 0x0000000708b00000, 0x0000000708b00000|100%| E|CS|TAMS 0x0000000708a00000, 0x0000000708b00000| Complete 
| 139|0x0000000708b00000, 0x0000000708c00000, 0x0000000708c00000|100%| E|CS|TAMS 0x0000000708b00000, 0x0000000708c00000| Complete 
| 140|0x0000000708c00000, 0x0000000708d00000, 0x0000000708d00000|100%| E|CS|TAMS 0x0000000708c00000, 0x0000000708d00000| Complete 
| 141|0x0000000708d00000, 0x0000000708e00000, 0x0000000708e00000|100%| E|CS|TAMS 0x0000000708d00000, 0x0000000708e00000| Complete 
| 142|0x0000000708e00000, 0x0000000708f00000, 0x0000000708f00000|100%| E|CS|TAMS 0x0000000708e00000, 0x0000000708f00000| Complete 
| 143|0x0000000708f00000, 0x0000000709000000, 0x0000000709000000|100%| E|CS|TAMS 0x0000000708f00000, 0x0000000709000000| Complete 
| 144|0x0000000709000000, 0x0000000709100000, 0x0000000709100000|100%| E|CS|TAMS 0x0000000709000000, 0x0000000709100000| Complete 
| 145|0x0000000709100000, 0x0000000709200000, 0x0000000709200000|100%| E|CS|TAMS 0x0000000709100000, 0x0000000709200000| Complete 
| 146|0x0000000709200000, 0x0000000709300000, 0x0000000709300000|100%| E|CS|TAMS 0x0000000709200000, 0x0000000709300000| Complete 
| 147|0x0000000709300000, 0x0000000709400000, 0x0000000709400000|100%| E|CS|TAMS 0x0000000709300000, 0x0000000709400000| Complete 
| 148|0x0000000709400000, 0x0000000709500000, 0x0000000709500000|100%| E|CS|TAMS 0x0000000709400000, 0x0000000709500000| Complete 
| 149|0x0000000709500000, 0x0000000709600000, 0x0000000709600000|100%| E|CS|TAMS 0x0000000709500000, 0x0000000709600000| Complete 
| 150|0x0000000709600000, 0x0000000709700000, 0x0000000709700000|100%| E|CS|TAMS 0x0000000709600000, 0x0000000709700000| Complete 
| 151|0x0000000709700000, 0x0000000709800000, 0x0000000709800000|100%| E|CS|TAMS 0x0000000709700000, 0x0000000709800000| Complete 
| 152|0x0000000709800000, 0x0000000709900000, 0x0000000709900000|100%| E|CS|TAMS 0x0000000709800000, 0x0000000709900000| Complete 
| 153|0x0000000709900000, 0x0000000709900000, 0x0000000709a00000|  0%| F|  |TAMS 0x0000000709900000, 0x0000000709900000| Untracked 
| 154|0x0000000709a00000, 0x0000000709a00000, 0x0000000709b00000|  0%| F|  |TAMS 0x0000000709a00000, 0x0000000709a00000| Untracked 
| 155|0x0000000709b00000, 0x0000000709b00000, 0x0000000709c00000|  0%| F|  |TAMS 0x0000000709b00000, 0x0000000709b00000| Untracked 
| 156|0x0000000709c00000, 0x0000000709c00000, 0x0000000709d00000|  0%| F|  |TAMS 0x0000000709c00000, 0x0000000709c00000| Untracked 
| 157|0x0000000709d00000, 0x0000000709d00000, 0x0000000709e00000|  0%| F|  |TAMS 0x0000000709d00000, 0x0000000709d00000| Untracked 
| 158|0x0000000709e00000, 0x0000000709e00000, 0x0000000709f00000|  0%| F|  |TAMS 0x0000000709e00000, 0x0000000709e00000| Untracked 
| 159|0x0000000709f00000, 0x0000000709f00000, 0x000000070a000000|  0%| F|  |TAMS 0x0000000709f00000, 0x0000000709f00000| Untracked 
| 160|0x000000070a000000, 0x000000070a000000, 0x000000070a100000|  0%| F|  |TAMS 0x000000070a000000, 0x000000070a000000| Untracked 
| 161|0x000000070a100000, 0x000000070a100000, 0x000000070a200000|  0%| F|  |TAMS 0x000000070a100000, 0x000000070a100000| Untracked 
| 162|0x000000070a200000, 0x000000070a200000, 0x000000070a300000|  0%| F|  |TAMS 0x000000070a200000, 0x000000070a200000| Untracked 
| 163|0x000000070a300000, 0x000000070a300000, 0x000000070a400000|  0%| F|  |TAMS 0x000000070a300000, 0x000000070a300000| Untracked 
| 164|0x000000070a400000, 0x000000070a400000, 0x000000070a500000|  0%| F|  |TAMS 0x000000070a400000, 0x000000070a400000| Untracked 
| 165|0x000000070a500000, 0x000000070a500000, 0x000000070a600000|  0%| F|  |TAMS 0x000000070a500000, 0x000000070a500000| Untracked 
| 166|0x000000070a600000, 0x000000070a600000, 0x000000070a700000|  0%| F|  |TAMS 0x000000070a600000, 0x000000070a600000| Untracked 
| 167|0x000000070a700000, 0x000000070a700000, 0x000000070a800000|  0%| F|  |TAMS 0x000000070a700000, 0x000000070a700000| Untracked 
| 168|0x000000070a800000, 0x000000070a800000, 0x000000070a900000|  0%| F|  |TAMS 0x000000070a800000, 0x000000070a800000| Untracked 
| 169|0x000000070a900000, 0x000000070a900000, 0x000000070aa00000|  0%| F|  |TAMS 0x000000070a900000, 0x000000070a900000| Untracked 
| 170|0x000000070aa00000, 0x000000070aa00000, 0x000000070ab00000|  0%| F|  |TAMS 0x000000070aa00000, 0x000000070aa00000| Untracked 
| 171|0x000000070ab00000, 0x000000070ab00000, 0x000000070ac00000|  0%| F|  |TAMS 0x000000070ab00000, 0x000000070ab00000| Untracked 
| 172|0x000000070ac00000, 0x000000070ac00000, 0x000000070ad00000|  0%| F|  |TAMS 0x000000070ac00000, 0x000000070ac00000| Untracked 
| 173|0x000000070ad00000, 0x000000070ad00000, 0x000000070ae00000|  0%| F|  |TAMS 0x000000070ad00000, 0x000000070ad00000| Untracked 
| 174|0x000000070ae00000, 0x000000070ae00000, 0x000000070af00000|  0%| F|  |TAMS 0x000000070ae00000, 0x000000070ae00000| Untracked 
| 175|0x000000070af00000, 0x000000070af00000, 0x000000070b000000|  0%| F|  |TAMS 0x000000070af00000, 0x000000070af00000| Untracked 
| 176|0x000000070b000000, 0x000000070b000000, 0x000000070b100000|  0%| F|  |TAMS 0x000000070b000000, 0x000000070b000000| Untracked 
| 177|0x000000070b100000, 0x000000070b100000, 0x000000070b200000|  0%| F|  |TAMS 0x000000070b100000, 0x000000070b100000| Untracked 
| 178|0x000000070b200000, 0x000000070b200000, 0x000000070b300000|  0%| F|  |TAMS 0x000000070b200000, 0x000000070b200000| Untracked 
| 179|0x000000070b300000, 0x000000070b300000, 0x000000070b400000|  0%| F|  |TAMS 0x000000070b300000, 0x000000070b300000| Untracked 
| 180|0x000000070b400000, 0x000000070b400000, 0x000000070b500000|  0%| F|  |TAMS 0x000000070b400000, 0x000000070b400000| Untracked 
| 181|0x000000070b500000, 0x000000070b500000, 0x000000070b600000|  0%| F|  |TAMS 0x000000070b500000, 0x000000070b500000| Untracked 
| 182|0x000000070b600000, 0x000000070b600000, 0x000000070b700000|  0%| F|  |TAMS 0x000000070b600000, 0x000000070b600000| Untracked 
| 183|0x000000070b700000, 0x000000070b700000, 0x000000070b800000|  0%| F|  |TAMS 0x000000070b700000, 0x000000070b700000| Untracked 
| 184|0x000000070b800000, 0x000000070b800000, 0x000000070b900000|  0%| F|  |TAMS 0x000000070b800000, 0x000000070b800000| Untracked 
| 185|0x000000070b900000, 0x000000070b900000, 0x000000070ba00000|  0%| F|  |TAMS 0x000000070b900000, 0x000000070b900000| Untracked 
| 186|0x000000070ba00000, 0x000000070ba00000, 0x000000070bb00000|  0%| F|  |TAMS 0x000000070ba00000, 0x000000070ba00000| Untracked 
| 187|0x000000070bb00000, 0x000000070bb00000, 0x000000070bc00000|  0%| F|  |TAMS 0x000000070bb00000, 0x000000070bb00000| Untracked 
| 188|0x000000070bc00000, 0x000000070bc00000, 0x000000070bd00000|  0%| F|  |TAMS 0x000000070bc00000, 0x000000070bc00000| Untracked 
| 189|0x000000070bd00000, 0x000000070bd00000, 0x000000070be00000|  0%| F|  |TAMS 0x000000070bd00000, 0x000000070bd00000| Untracked 
| 190|0x000000070be00000, 0x000000070be00000, 0x000000070bf00000|  0%| F|  |TAMS 0x000000070be00000, 0x000000070be00000| Untracked 
| 191|0x000000070bf00000, 0x000000070bf00000, 0x000000070c000000|  0%| F|  |TAMS 0x000000070bf00000, 0x000000070bf00000| Untracked 
| 192|0x000000070c000000, 0x000000070c000000, 0x000000070c100000|  0%| F|  |TAMS 0x000000070c000000, 0x000000070c000000| Untracked 
| 193|0x000000070c100000, 0x000000070c100000, 0x000000070c200000|  0%| F|  |TAMS 0x000000070c100000, 0x000000070c100000| Untracked 
| 194|0x000000070c200000, 0x000000070c200000, 0x000000070c300000|  0%| F|  |TAMS 0x000000070c200000, 0x000000070c200000| Untracked 
| 195|0x000000070c300000, 0x000000070c300000, 0x000000070c400000|  0%| F|  |TAMS 0x000000070c300000, 0x000000070c300000| Untracked 
| 196|0x000000070c400000, 0x000000070c400000, 0x000000070c500000|  0%| F|  |TAMS 0x000000070c400000, 0x000000070c400000| Untracked 
| 197|0x000000070c500000, 0x000000070c500000, 0x000000070c600000|  0%| F|  |TAMS 0x000000070c500000, 0x000000070c500000| Untracked 
| 198|0x000000070c600000, 0x000000070c600000, 0x000000070c700000|  0%| F|  |TAMS 0x000000070c600000, 0x000000070c600000| Untracked 
| 199|0x000000070c700000, 0x000000070c700000, 0x000000070c800000|  0%| F|  |TAMS 0x000000070c700000, 0x000000070c700000| Untracked 
| 200|0x000000070c800000, 0x000000070c800000, 0x000000070c900000|  0%| F|  |TAMS 0x000000070c800000, 0x000000070c800000| Untracked 
| 201|0x000000070c900000, 0x000000070c900000, 0x000000070ca00000|  0%| F|  |TAMS 0x000000070c900000, 0x000000070c900000| Untracked 
| 202|0x000000070ca00000, 0x000000070ca00000, 0x000000070cb00000|  0%| F|  |TAMS 0x000000070ca00000, 0x000000070ca00000| Untracked 
| 203|0x000000070cb00000, 0x000000070cb00000, 0x000000070cc00000|  0%| F|  |TAMS 0x000000070cb00000, 0x000000070cb00000| Untracked 
| 204|0x000000070cc00000, 0x000000070cc00000, 0x000000070cd00000|  0%| F|  |TAMS 0x000000070cc00000, 0x000000070cc00000| Untracked 
| 205|0x000000070cd00000, 0x000000070cd00000, 0x000000070ce00000|  0%| F|  |TAMS 0x000000070cd00000, 0x000000070cd00000| Untracked 
| 206|0x000000070ce00000, 0x000000070ce00000, 0x000000070cf00000|  0%| F|  |TAMS 0x000000070ce00000, 0x000000070ce00000| Untracked 
| 207|0x000000070cf00000, 0x000000070cf00000, 0x000000070d000000|  0%| F|  |TAMS 0x000000070cf00000, 0x000000070cf00000| Untracked 
| 208|0x000000070d000000, 0x000000070d000000, 0x000000070d100000|  0%| F|  |TAMS 0x000000070d000000, 0x000000070d000000| Untracked 
| 209|0x000000070d100000, 0x000000070d100000, 0x000000070d200000|  0%| F|  |TAMS 0x000000070d100000, 0x000000070d100000| Untracked 
| 210|0x000000070d200000, 0x000000070d200000, 0x000000070d300000|  0%| F|  |TAMS 0x000000070d200000, 0x000000070d200000| Untracked 
| 211|0x000000070d300000, 0x000000070d300000, 0x000000070d400000|  0%| F|  |TAMS 0x000000070d300000, 0x000000070d300000| Untracked 
| 212|0x000000070d400000, 0x000000070d400000, 0x000000070d500000|  0%| F|  |TAMS 0x000000070d400000, 0x000000070d400000| Untracked 
| 213|0x000000070d500000, 0x000000070d500000, 0x000000070d600000|  0%| F|  |TAMS 0x000000070d500000, 0x000000070d500000| Untracked 
| 214|0x000000070d600000, 0x000000070d600000, 0x000000070d700000|  0%| F|  |TAMS 0x000000070d600000, 0x000000070d600000| Untracked 
| 215|0x000000070d700000, 0x000000070d700000, 0x000000070d800000|  0%| F|  |TAMS 0x000000070d700000, 0x000000070d700000| Untracked 
| 216|0x000000070d800000, 0x000000070d800000, 0x000000070d900000|  0%| F|  |TAMS 0x000000070d800000, 0x000000070d800000| Untracked 
| 217|0x000000070d900000, 0x000000070d900000, 0x000000070da00000|  0%| F|  |TAMS 0x000000070d900000, 0x000000070d900000| Untracked 
| 218|0x000000070da00000, 0x000000070da00000, 0x000000070db00000|  0%| F|  |TAMS 0x000000070da00000, 0x000000070da00000| Untracked 
| 219|0x000000070db00000, 0x000000070db00000, 0x000000070dc00000|  0%| F|  |TAMS 0x000000070db00000, 0x000000070db00000| Untracked 
| 220|0x000000070dc00000, 0x000000070dc00000, 0x000000070dd00000|  0%| F|  |TAMS 0x000000070dc00000, 0x000000070dc00000| Untracked 
| 221|0x000000070dd00000, 0x000000070dd00000, 0x000000070de00000|  0%| F|  |TAMS 0x000000070dd00000, 0x000000070dd00000| Untracked 
| 222|0x000000070de00000, 0x000000070de00000, 0x000000070df00000|  0%| F|  |TAMS 0x000000070de00000, 0x000000070de00000| Untracked 
| 223|0x000000070df00000, 0x000000070df00000, 0x000000070e000000|  0%| F|  |TAMS 0x000000070df00000, 0x000000070df00000| Untracked 
| 224|0x000000070e000000, 0x000000070e000000, 0x000000070e100000|  0%| F|  |TAMS 0x000000070e000000, 0x000000070e000000| Untracked 
| 225|0x000000070e100000, 0x000000070e100000, 0x000000070e200000|  0%| F|  |TAMS 0x000000070e100000, 0x000000070e100000| Untracked 
| 226|0x000000070e200000, 0x000000070e200000, 0x000000070e300000|  0%| F|  |TAMS 0x000000070e200000, 0x000000070e200000| Untracked 
| 227|0x000000070e300000, 0x000000070e300000, 0x000000070e400000|  0%| F|  |TAMS 0x000000070e300000, 0x000000070e300000| Untracked 
| 228|0x000000070e400000, 0x000000070e400000, 0x000000070e500000|  0%| F|  |TAMS 0x000000070e400000, 0x000000070e400000| Untracked 
| 229|0x000000070e500000, 0x000000070e500000, 0x000000070e600000|  0%| F|  |TAMS 0x000000070e500000, 0x000000070e500000| Untracked 
| 230|0x000000070e600000, 0x000000070e600000, 0x000000070e700000|  0%| F|  |TAMS 0x000000070e600000, 0x000000070e600000| Untracked 
| 231|0x000000070e700000, 0x000000070e700000, 0x000000070e800000|  0%| F|  |TAMS 0x000000070e700000, 0x000000070e700000| Untracked 
| 232|0x000000070e800000, 0x000000070e800000, 0x000000070e900000|  0%| F|  |TAMS 0x000000070e800000, 0x000000070e800000| Untracked 
| 233|0x000000070e900000, 0x000000070e900000, 0x000000070ea00000|  0%| F|  |TAMS 0x000000070e900000, 0x000000070e900000| Untracked 
| 234|0x000000070ea00000, 0x000000070ea00000, 0x000000070eb00000|  0%| F|  |TAMS 0x000000070ea00000, 0x000000070ea00000| Untracked 
| 235|0x000000070eb00000, 0x000000070eb00000, 0x000000070ec00000|  0%| F|  |TAMS 0x000000070eb00000, 0x000000070eb00000| Untracked 
| 236|0x000000070ec00000, 0x000000070ec00000, 0x000000070ed00000|  0%| F|  |TAMS 0x000000070ec00000, 0x000000070ec00000| Untracked 
| 237|0x000000070ed00000, 0x000000070ed00000, 0x000000070ee00000|  0%| F|  |TAMS 0x000000070ed00000, 0x000000070ed00000| Untracked 
| 238|0x000000070ee00000, 0x000000070ee00000, 0x000000070ef00000|  0%| F|  |TAMS 0x000000070ee00000, 0x000000070ee00000| Untracked 
| 239|0x000000070ef00000, 0x000000070ef00000, 0x000000070f000000|  0%| F|  |TAMS 0x000000070ef00000, 0x000000070ef00000| Untracked 
| 240|0x000000070f000000, 0x000000070f000000, 0x000000070f100000|  0%| F|  |TAMS 0x000000070f000000, 0x000000070f000000| Untracked 
| 241|0x000000070f100000, 0x000000070f100000, 0x000000070f200000|  0%| F|  |TAMS 0x000000070f100000, 0x000000070f100000| Untracked 
| 242|0x000000070f200000, 0x000000070f200000, 0x000000070f300000|  0%| F|  |TAMS 0x000000070f200000, 0x000000070f200000| Untracked 
| 243|0x000000070f300000, 0x000000070f300000, 0x000000070f400000|  0%| F|  |TAMS 0x000000070f300000, 0x000000070f300000| Untracked 
| 244|0x000000070f400000, 0x000000070f400000, 0x000000070f500000|  0%| F|  |TAMS 0x000000070f400000, 0x000000070f400000| Untracked 
| 245|0x000000070f500000, 0x000000070f500000, 0x000000070f600000|  0%| F|  |TAMS 0x000000070f500000, 0x000000070f500000| Untracked 
| 246|0x000000070f600000, 0x000000070f600000, 0x000000070f700000|  0%| F|  |TAMS 0x000000070f600000, 0x000000070f600000| Untracked 
| 247|0x000000070f700000, 0x000000070f700000, 0x000000070f800000|  0%| F|  |TAMS 0x000000070f700000, 0x000000070f700000| Untracked 
| 248|0x000000070f800000, 0x000000070f800000, 0x000000070f900000|  0%| F|  |TAMS 0x000000070f800000, 0x000000070f800000| Untracked 
| 249|0x000000070f900000, 0x000000070f900000, 0x000000070fa00000|  0%| F|  |TAMS 0x000000070f900000, 0x000000070f900000| Untracked 
| 250|0x000000070fa00000, 0x000000070fa00000, 0x000000070fb00000|  0%| F|  |TAMS 0x000000070fa00000, 0x000000070fa00000| Untracked 
| 251|0x000000070fb00000, 0x000000070fb00000, 0x000000070fc00000|  0%| F|  |TAMS 0x000000070fb00000, 0x000000070fb00000| Untracked 
| 252|0x000000070fc00000, 0x000000070fc00000, 0x000000070fd00000|  0%| F|  |TAMS 0x000000070fc00000, 0x000000070fc00000| Untracked 
| 253|0x000000070fd00000, 0x000000070fd00000, 0x000000070fe00000|  0%| F|  |TAMS 0x000000070fd00000, 0x000000070fd00000| Untracked 
| 254|0x000000070fe00000, 0x000000070fe00000, 0x000000070ff00000|  0%| F|  |TAMS 0x000000070fe00000, 0x000000070fe00000| Untracked 
| 255|0x000000070ff00000, 0x000000070ff00000, 0x0000000710000000|  0%| F|  |TAMS 0x000000070ff00000, 0x000000070ff00000| Untracked 
| 256|0x0000000710000000, 0x0000000710000000, 0x0000000710100000|  0%| F|  |TAMS 0x0000000710000000, 0x0000000710000000| Untracked 
| 257|0x0000000710100000, 0x0000000710100000, 0x0000000710200000|  0%| F|  |TAMS 0x0000000710100000, 0x0000000710100000| Untracked 
| 258|0x0000000710200000, 0x0000000710200000, 0x0000000710300000|  0%| F|  |TAMS 0x0000000710200000, 0x0000000710200000| Untracked 
| 259|0x0000000710300000, 0x0000000710300000, 0x0000000710400000|  0%| F|  |TAMS 0x0000000710300000, 0x0000000710300000| Untracked 
| 260|0x0000000710400000, 0x0000000710400000, 0x0000000710500000|  0%| F|  |TAMS 0x0000000710400000, 0x0000000710400000| Untracked 
| 261|0x0000000710500000, 0x0000000710500000, 0x0000000710600000|  0%| F|  |TAMS 0x0000000710500000, 0x0000000710500000| Untracked 
| 262|0x0000000710600000, 0x0000000710600000, 0x0000000710700000|  0%| F|  |TAMS 0x0000000710600000, 0x0000000710600000| Untracked 
| 263|0x0000000710700000, 0x0000000710700000, 0x0000000710800000|  0%| F|  |TAMS 0x0000000710700000, 0x0000000710700000| Untracked 
| 264|0x0000000710800000, 0x0000000710800000, 0x0000000710900000|  0%| F|  |TAMS 0x0000000710800000, 0x0000000710800000| Untracked 
| 265|0x0000000710900000, 0x0000000710900000, 0x0000000710a00000|  0%| F|  |TAMS 0x0000000710900000, 0x0000000710900000| Untracked 
| 266|0x0000000710a00000, 0x0000000710a00000, 0x0000000710b00000|  0%| F|  |TAMS 0x0000000710a00000, 0x0000000710a00000| Untracked 
| 267|0x0000000710b00000, 0x0000000710b00000, 0x0000000710c00000|  0%| F|  |TAMS 0x0000000710b00000, 0x0000000710b00000| Untracked 
| 268|0x0000000710c00000, 0x0000000710c00000, 0x0000000710d00000|  0%| F|  |TAMS 0x0000000710c00000, 0x0000000710c00000| Untracked 
| 269|0x0000000710d00000, 0x0000000710d00000, 0x0000000710e00000|  0%| F|  |TAMS 0x0000000710d00000, 0x0000000710d00000| Untracked 
| 270|0x0000000710e00000, 0x0000000710e00000, 0x0000000710f00000|  0%| F|  |TAMS 0x0000000710e00000, 0x0000000710e00000| Untracked 
| 271|0x0000000710f00000, 0x0000000710f00000, 0x0000000711000000|  0%| F|  |TAMS 0x0000000710f00000, 0x0000000710f00000| Untracked 
| 272|0x0000000711000000, 0x00000007110af8b0, 0x0000000711100000| 68%| S|  |TAMS 0x0000000711000000, 0x0000000711000000| Complete 
| 273|0x0000000711100000, 0x0000000711200000, 0x0000000711200000|100%| S|  |TAMS 0x0000000711100000, 0x0000000711100000| Complete 
| 274|0x0000000711200000, 0x0000000711300000, 0x0000000711300000|100%| S|  |TAMS 0x0000000711200000, 0x0000000711200000| Complete 
| 275|0x0000000711300000, 0x0000000711400000, 0x0000000711400000|100%| S|  |TAMS 0x0000000711300000, 0x0000000711300000| Complete 
| 276|0x0000000711400000, 0x0000000711500000, 0x0000000711500000|100%| S|  |TAMS 0x0000000711400000, 0x0000000711400000| Complete 
| 277|0x0000000711500000, 0x0000000711600000, 0x0000000711600000|100%| S|  |TAMS 0x0000000711500000, 0x0000000711500000| Complete 
| 278|0x0000000711600000, 0x0000000711700000, 0x0000000711700000|100%| S|  |TAMS 0x0000000711600000, 0x0000000711600000| Complete 
| 279|0x0000000711700000, 0x0000000711800000, 0x0000000711800000|100%| S|  |TAMS 0x0000000711700000, 0x0000000711700000| Complete 
| 280|0x0000000711800000, 0x0000000711900000, 0x0000000711900000|100%| S|  |TAMS 0x0000000711800000, 0x0000000711800000| Complete 
| 281|0x0000000711900000, 0x0000000711a00000, 0x0000000711a00000|100%| S|  |TAMS 0x0000000711900000, 0x0000000711900000| Complete 
| 282|0x0000000711a00000, 0x0000000711b00000, 0x0000000711b00000|100%| S|  |TAMS 0x0000000711a00000, 0x0000000711a00000| Complete 
| 283|0x0000000711b00000, 0x0000000711b11988, 0x0000000711c00000|  6%| E|CS|TAMS 0x0000000711b00000, 0x0000000711b11988| Complete 
| 284|0x0000000711c00000, 0x0000000711d00000, 0x0000000711d00000|100%| E|CS|TAMS 0x0000000711c00000, 0x0000000711d00000| Complete 
| 285|0x0000000711d00000, 0x0000000711e00000, 0x0000000711e00000|100%| E|CS|TAMS 0x0000000711d00000, 0x0000000711e00000| Complete 
| 286|0x0000000711e00000, 0x0000000711f00000, 0x0000000711f00000|100%| E|CS|TAMS 0x0000000711e00000, 0x0000000711f00000| Complete 
| 287|0x0000000711f00000, 0x0000000712000000, 0x0000000712000000|100%| E|CS|TAMS 0x0000000711f00000, 0x0000000712000000| Complete 
| 288|0x0000000712000000, 0x0000000712100000, 0x0000000712100000|100%| E|CS|TAMS 0x0000000712000000, 0x0000000712100000| Complete 
| 289|0x0000000712100000, 0x0000000712200000, 0x0000000712200000|100%| E|CS|TAMS 0x0000000712100000, 0x0000000712200000| Complete 
| 290|0x0000000712200000, 0x0000000712300000, 0x0000000712300000|100%| E|CS|TAMS 0x0000000712200000, 0x0000000712300000| Complete 
| 291|0x0000000712300000, 0x0000000712400000, 0x0000000712400000|100%| E|CS|TAMS 0x0000000712300000, 0x0000000712400000| Complete 
| 292|0x0000000712400000, 0x0000000712500000, 0x0000000712500000|100%| E|CS|TAMS 0x0000000712400000, 0x0000000712500000| Complete 
| 293|0x0000000712500000, 0x0000000712600000, 0x0000000712600000|100%| E|CS|TAMS 0x0000000712500000, 0x0000000712600000| Complete 
| 294|0x0000000712600000, 0x0000000712700000, 0x0000000712700000|100%| E|CS|TAMS 0x0000000712600000, 0x0000000712700000| Complete 
| 295|0x0000000712700000, 0x0000000712800000, 0x0000000712800000|100%| E|CS|TAMS 0x0000000712700000, 0x0000000712800000| Complete 
| 296|0x0000000712800000, 0x0000000712900000, 0x0000000712900000|100%| E|CS|TAMS 0x0000000712800000, 0x0000000712900000| Complete 
| 297|0x0000000712900000, 0x0000000712a00000, 0x0000000712a00000|100%| E|CS|TAMS 0x0000000712900000, 0x0000000712a00000| Complete 
| 298|0x0000000712a00000, 0x0000000712b00000, 0x0000000712b00000|100%| E|CS|TAMS 0x0000000712a00000, 0x0000000712b00000| Complete 
| 299|0x0000000712b00000, 0x0000000712c00000, 0x0000000712c00000|100%| E|CS|TAMS 0x0000000712b00000, 0x0000000712c00000| Complete 
| 300|0x0000000712c00000, 0x0000000712d00000, 0x0000000712d00000|100%| E|CS|TAMS 0x0000000712c00000, 0x0000000712d00000| Complete 
| 301|0x0000000712d00000, 0x0000000712e00000, 0x0000000712e00000|100%| E|CS|TAMS 0x0000000712d00000, 0x0000000712e00000| Complete 
| 302|0x0000000712e00000, 0x0000000712f00000, 0x0000000712f00000|100%| E|CS|TAMS 0x0000000712e00000, 0x0000000712f00000| Complete 
| 303|0x0000000712f00000, 0x0000000713000000, 0x0000000713000000|100%| E|CS|TAMS 0x0000000712f00000, 0x0000000713000000| Complete 
| 304|0x0000000713000000, 0x0000000713100000, 0x0000000713100000|100%| E|CS|TAMS 0x0000000713000000, 0x0000000713100000| Complete 
| 305|0x0000000713100000, 0x0000000713200000, 0x0000000713200000|100%| E|CS|TAMS 0x0000000713100000, 0x0000000713200000| Complete 
| 306|0x0000000713200000, 0x0000000713300000, 0x0000000713300000|100%| E|CS|TAMS 0x0000000713200000, 0x0000000713300000| Complete 
| 307|0x0000000713300000, 0x0000000713400000, 0x0000000713400000|100%| E|CS|TAMS 0x0000000713300000, 0x0000000713400000| Complete 

Card table byte_map: [0x0000027543720000,0x0000027543f20000] _byte_map_base: 0x000002753ff20000

Marking Bits (Prev, Next): (CMBitMap*) 0x000002752f9f2c88, (CMBitMap*) 0x000002752f9f2cc0
 Prev Bits: [0x0000027544720000, 0x0000027548720000)
 Next Bits: [0x0000027548720000, 0x000002754c720000)

Polling page: 0x000002752e340000

Metaspace:

Usage:
  Non-class:     50.74 MB capacity,    49.94 MB ( 98%) used,   650.65 KB (  1%) free+waste,   166.00 KB ( <1%) overhead. 
      Class:      8.05 MB capacity,     7.46 MB ( 93%) used,   518.28 KB (  6%) free+waste,    80.19 KB ( <1%) overhead. 
       Both:     58.78 MB capacity,    57.40 MB ( 98%) used,     1.14 MB (  2%) free+waste,   246.19 KB ( <1%) overhead. 

Virtual space:
  Non-class space:       52.00 MB reserved,      50.75 MB ( 98%) committed 
      Class space:        1.00 GB reserved,       8.07 MB ( <1%) committed 
             Both:        1.05 GB reserved,      58.82 MB (  5%) committed 

Chunk freelists:
   Non-Class:  13.00 KB
       Class:  16.00 KB
        Both:  29.00 KB

MaxMetaspaceSize: 17179869184.00 GB
CompressedClassSpaceSize: 1.00 GB
Initial GC threshold: 20.80 MB
Current GC threshold: 58.88 MB
CDS: off

CodeHeap 'non-profiled nmethods': size=120000Kb used=3093Kb max_used=3093Kb free=116906Kb
 bounds [0x000002753af80000, 0x000002753b290000, 0x00000275424b0000]
CodeHeap 'profiled nmethods': size=120000Kb used=11345Kb max_used=11345Kb free=108655Kb
 bounds [0x0000027533a50000, 0x0000027534570000, 0x000002753af80000]
CodeHeap 'non-nmethods': size=5760Kb used=2336Kb max_used=2368Kb free=3423Kb
 bounds [0x00000275334b0000, 0x0000027533720000, 0x0000027533a50000]
 total_blobs=6165 nmethods=5335 adapters=741
 compilation: enabled
              stopped_count=0, restarted_count=0
 full_count=0

Compilation events (20 events):
Event: 6.126 Thread 0x000002754fbae000 5351       3       org.gradle.internal.serialize.kryo.KryoBackedEncoder::writeBytes (11 bytes)
Event: 6.126 Thread 0x000002754fba5000 nmethod 5315 0x000002753b281010 code [0x000002753b281240, 0x000002753b282c28]
Event: 6.126 Thread 0x000002754fba5000 5317       4       org.objectweb.asm.Type::getArgumentsAndReturnSizes (140 bytes)
Event: 6.126 Thread 0x000002754fbae000 nmethod 5351 0x0000027534560590 code [0x0000027534560740, 0x0000027534560888]
Event: 6.126 Thread 0x000002754fbae000 5352       3       com.esotericsoftware.kryo.io.Output::writeBytes (90 bytes)
Event: 6.127 Thread 0x000002754fbae000 nmethod 5352 0x0000027534560990 code [0x0000027534560ba0, 0x0000027534561148]
Event: 6.128 Thread 0x000002754fbae000 5353       3       java.lang.Long::stringSize (55 bytes)
Event: 6.128 Thread 0x000002754fbae000 nmethod 5353 0x0000027534561310 code [0x00000275345614c0, 0x0000027534561718]
Event: 6.128 Thread 0x000002754fbae000 5354       3       java.lang.Long::getChars (208 bytes)
Event: 6.129 Thread 0x000002754fbae000 nmethod 5354 0x0000027534561810 code [0x0000027534561a20, 0x0000027534562058]
Event: 6.129 Thread 0x000002754fbae000 5355       3       kotlin.reflect.jvm.internal.ReflectProperties::lazy (17 bytes)
Event: 6.129 Thread 0x000002754fbae000 nmethod 5355 0x0000027534562410 code [0x0000027534562600, 0x0000027534562a38]
Event: 6.129 Thread 0x000002754fbae000 5356       3       kotlin.reflect.jvm.internal.ReflectProperties$LazyVal::<init> (23 bytes)
Event: 6.130 Thread 0x000002754fbae000 nmethod 5356 0x0000027534562b90 code [0x0000027534562e60, 0x0000027534563f48]
Event: 6.135 Thread 0x000002754fba5000 nmethod 5317 0x000002753b283890 code [0x000002753b283aa0, 0x000002753b284190]
Event: 6.135 Thread 0x000002754fba5000 5343       4       jdk.internal.reflect.ClassFileAssembler::emitShort (24 bytes)
Event: 6.138 Thread 0x000002754fba5000 nmethod 5343 0x000002753b284790 code [0x000002753b284960, 0x000002753b284bb8]
Event: 6.138 Thread 0x000002754fba5000 5320       4       jdk.internal.reflect.ClassFileAssembler::cpi (22 bytes)
Event: 6.139 Thread 0x000002754fba5000 nmethod 5320 0x000002753b284e10 code [0x000002753b284fa0, 0x000002753b285018]
Event: 6.139 Thread 0x000002754fba5000 5318       4       org.objectweb.asm.ByteVector::put122 (93 bytes)

GC Heap History (13 events):
Event: 0.613 GC heap before
{Heap before GC invocations=0 (full 0):
 garbage-first heap   total 262144K, used 29696K [0x0000000700000000, 0x0000000800000000)
  region size 1024K, 24 young (24576K), 0 survivors (0K)
 Metaspace       used 10206K, capacity 10437K, committed 10624K, reserved 1058816K
  class space    used 1064K, capacity 1139K, committed 1152K, reserved 1048576K
}
Event: 0.616 GC heap after
{Heap after GC invocations=1 (full 0):
 garbage-first heap   total 262144K, used 9087K [0x0000000700000000, 0x0000000800000000)
  region size 1024K, 3 young (3072K), 3 survivors (3072K)
 Metaspace       used 10206K, capacity 10437K, committed 10624K, reserved 1058816K
  class space    used 1064K, capacity 1139K, committed 1152K, reserved 1048576K
}
Event: 2.081 GC heap before
{Heap before GC invocations=1 (full 0):
 garbage-first heap   total 262144K, used 104319K [0x0000000700000000, 0x0000000800000000)
  region size 1024K, 97 young (99328K), 3 survivors (3072K)
 Metaspace       used 20536K, capacity 21104K, committed 21248K, reserved 1067008K
  class space    used 2505K, capacity 2690K, committed 2816K, reserved 1048576K
}
Event: 2.091 GC heap after
{Heap after GC invocations=2 (full 0):
 garbage-first heap   total 262144K, used 16670K [0x0000000700000000, 0x0000000800000000)
  region size 1024K, 11 young (11264K), 11 survivors (11264K)
 Metaspace       used 20536K, capacity 21104K, committed 21248K, reserved 1067008K
  class space    used 2505K, capacity 2690K, committed 2816K, reserved 1048576K
}
Event: 2.620 GC heap before
{Heap before GC invocations=3 (full 0):
 garbage-first heap   total 262144K, used 79134K [0x0000000700000000, 0x0000000800000000)
  region size 1024K, 72 young (73728K), 11 survivors (11264K)
 Metaspace       used 26453K, capacity 27212K, committed 27392K, reserved 1073152K
  class space    used 3489K, capacity 3755K, committed 3840K, reserved 1048576K
}
Event: 2.627 GC heap after
{Heap after GC invocations=4 (full 0):
 garbage-first heap   total 262144K, used 18675K [0x0000000700000000, 0x0000000800000000)
  region size 1024K, 3 young (3072K), 3 survivors (3072K)
 Metaspace       used 26453K, capacity 27212K, committed 27392K, reserved 1073152K
  class space    used 3489K, capacity 3755K, committed 3840K, reserved 1048576K
}
Event: 3.221 GC heap before
{Heap before GC invocations=4 (full 0):
 garbage-first heap   total 262144K, used 66803K [0x0000000700000000, 0x0000000800000000)
  region size 1024K, 52 young (53248K), 3 survivors (3072K)
 Metaspace       used 35013K, capacity 35838K, committed 35840K, reserved 1081344K
  class space    used 4538K, capacity 4864K, committed 4864K, reserved 1048576K
}
Event: 3.228 GC heap after
{Heap after GC invocations=5 (full 0):
 garbage-first heap   total 262144K, used 21781K [0x0000000700000000, 0x0000000800000000)
  region size 1024K, 6 young (6144K), 6 survivors (6144K)
 Metaspace       used 35013K, capacity 35838K, committed 35840K, reserved 1081344K
  class space    used 4538K, capacity 4864K, committed 4864K, reserved 1048576K
}
Event: 4.543 GC heap before
{Heap before GC invocations=6 (full 0):
 garbage-first heap   total 262144K, used 140565K [0x0000000700000000, 0x0000000800000000)
  region size 1024K, 119 young (121856K), 6 survivors (6144K)
 Metaspace       used 46472K, capacity 47691K, committed 47820K, reserved 1091584K
  class space    used 6042K, capacity 6517K, committed 6604K, reserved 1048576K
}
Event: 4.555 GC heap after
{Heap after GC invocations=7 (full 0):
 garbage-first heap   total 315392K, used 28859K [0x0000000700000000, 0x0000000800000000)
  region size 1024K, 13 young (13312K), 13 survivors (13312K)
 Metaspace       used 46472K, capacity 47691K, committed 47820K, reserved 1091584K
  class space    used 6042K, capacity 6517K, committed 6604K, reserved 1048576K
}
Event: 5.892 GC heap before
{Heap before GC invocations=7 (full 0):
 garbage-first heap   total 315392K, used 189627K [0x0000000700000000, 0x0000000800000000)
  region size 1024K, 168 young (172032K), 13 survivors (13312K)
 Metaspace       used 57276K, capacity 58736K, committed 58828K, reserved 1099776K
  class space    used 7468K, capacity 8048K, committed 8140K, reserved 1048576K
}
Event: 5.904 GC heap after
{Heap after GC invocations=8 (full 0):
 garbage-first heap   total 315392K, used 39561K [0x0000000700000000, 0x0000000800000000)
  region size 1024K, 18 young (18432K), 18 survivors (18432K)
 Metaspace       used 57276K, capacity 58736K, committed 58828K, reserved 1099776K
  class space    used 7468K, capacity 8048K, committed 8140K, reserved 1048576K
}
Event: 6.141 GC heap before
{Heap before GC invocations=8 (full 0):
 garbage-first heap   total 315392K, used 64137K [0x0000000700000000, 0x0000000800000000)
  region size 1024K, 43 young (44032K), 18 survivors (18432K)
 Metaspace       used 58779K, capacity 60195K, committed 60236K, reserved 1101824K
  class space    used 7641K, capacity 8240K, committed 8268K, reserved 1048576K
}

Deoptimization events (20 events):
Event: 5.744 Thread 0x0000027552595800 Uncommon trap: trap_request=0xffffff4d fr.pc=0x000002753b09e958 relative=0x0000000000000858
Event: 5.744 Thread 0x0000027552595800 Uncommon trap: reason=unstable_if action=reinterpret pc=0x000002753b09e958 method=java.util.jar.JarFile.getVersionedEntry(Ljava/lang/String;Ljava/util/jar/JarEntry;)Ljava/util/jar/JarEntry; @ 67 c2
Event: 5.744 Thread 0x0000027552595800 DEOPT PACKING pc=0x000002753b09e958 sp=0x00000089d2af6110
Event: 5.744 Thread 0x0000027552595800 DEOPT UNPACKING pc=0x00000275334fa1af sp=0x00000089d2af60f8 mode 2
Event: 5.957 Thread 0x0000027552595800 Uncommon trap: trap_request=0xffffffde fr.pc=0x000002753b238350 relative=0x00000000000000b0
Event: 5.957 Thread 0x0000027552595800 Uncommon trap: reason=class_check action=maybe_recompile pc=0x000002753b238350 method=com.google.common.collect.AbstractIndexedListIterator.next()Ljava/lang/Object; @ 27 c2
Event: 5.957 Thread 0x0000027552595800 DEOPT PACKING pc=0x000002753b238350 sp=0x00000089d2af8e80
Event: 5.957 Thread 0x0000027552595800 DEOPT UNPACKING pc=0x00000275334fa1af sp=0x00000089d2af8e18 mode 2
Event: 5.957 Thread 0x0000027552595800 Uncommon trap: trap_request=0xffffffde fr.pc=0x000002753b238350 relative=0x00000000000000b0
Event: 5.957 Thread 0x0000027552595800 Uncommon trap: reason=class_check action=maybe_recompile pc=0x000002753b238350 method=com.google.common.collect.AbstractIndexedListIterator.next()Ljava/lang/Object; @ 27 c2
Event: 5.957 Thread 0x0000027552595800 DEOPT PACKING pc=0x000002753b238350 sp=0x00000089d2af8e80
Event: 5.957 Thread 0x0000027552595800 DEOPT UNPACKING pc=0x00000275334fa1af sp=0x00000089d2af8e18 mode 2
Event: 6.034 Thread 0x0000027552c27000 DEOPT PACKING pc=0x00000275342d6386 sp=0x00000089d2ffe190
Event: 6.034 Thread 0x0000027552c27000 DEOPT UNPACKING pc=0x00000275334fa95e sp=0x00000089d2ffd630 mode 0
Event: 6.064 Thread 0x0000027552c27000 DEOPT PACKING pc=0x0000027533d99332 sp=0x00000089d2ffe1a0
Event: 6.064 Thread 0x0000027552c27000 DEOPT UNPACKING pc=0x00000275334fa95e sp=0x00000089d2ffd5d8 mode 0
Event: 6.078 Thread 0x0000027552595800 DEOPT PACKING pc=0x00000275341c7469 sp=0x00000089d2af8860
Event: 6.078 Thread 0x0000027552595800 DEOPT UNPACKING pc=0x00000275334fa95e sp=0x00000089d2af7d18 mode 0
Event: 6.103 Thread 0x0000027552595800 DEOPT PACKING pc=0x0000027533ee40a9 sp=0x00000089d2af8250
Event: 6.103 Thread 0x0000027552595800 DEOPT UNPACKING pc=0x00000275334fa95e sp=0x00000089d2af7718 mode 0

Classes redefined (0 events):
No events

Internal exceptions (20 events):
Event: 5.635 Thread 0x0000027552595800 Exception <a 'java/lang/ClassNotFoundException'{0x000000070c565770}: org/jetbrains/kotlin/gradle/targets/js/npm/DefaultNpmDependencyExtensionCustomizer> (0x000000070c565770) thrown at [./src/hotspot/share/classfile/systemDictionary.cpp, line 231]
Event: 5.642 Thread 0x0000027552595800 Exception <a 'java/lang/ClassNotFoundException'{0x000000070c5fccf8}: org/jetbrains/kotlin/gradle/targets/js/npm/NpmDependencyExtensionKt$defaultNpmDependencyDelegate$1BeanInfo> (0x000000070c5fccf8) thrown at [./src/hotspot/share/classfile/systemDictionary.cpp, line 231]
Event: 5.643 Thread 0x0000027552595800 Exception <a 'java/lang/ClassNotFoundException'{0x000000070c4108d8}: org/jetbrains/kotlin/gradle/targets/js/npm/NpmDependencyExtensionDelegateBeanInfo> (0x000000070c4108d8) thrown at [./src/hotspot/share/classfile/systemDictionary.cpp, line 231]
Event: 5.643 Thread 0x0000027552595800 Exception <a 'java/lang/ClassNotFoundException'{0x000000070c424340}: org/jetbrains/kotlin/gradle/targets/js/npm/NpmDependencyExtensionDelegateCustomizer> (0x000000070c424340) thrown at [./src/hotspot/share/classfile/systemDictionary.cpp, line 231]
Event: 5.646 Thread 0x0000027552595800 Exception <a 'java/lang/ClassNotFoundException'{0x000000070c453ce8}: org/jetbrains/kotlin/gradle/targets/js/npm/NpmDependencyExtensionKt$defaultNpmDependencyDelegate$1Customizer> (0x000000070c453ce8) thrown at [./src/hotspot/share/classfile/systemDictionary.cpp, line 231]
Event: 5.649 Thread 0x0000027552595800 Exception <a 'java/lang/ClassNotFoundException'{0x000000070c4a0388}: org/jetbrains/kotlin/gradle/targets/js/npm/DefaultDevNpmDependencyExtensionBeanInfo> (0x000000070c4a0388) thrown at [./src/hotspot/share/classfile/systemDictionary.cpp, line 231]
Event: 5.649 Thread 0x0000027552595800 Exception <a 'java/lang/ClassNotFoundException'{0x000000070c4b33d8}: org/jetbrains/kotlin/gradle/targets/js/npm/DefaultDevNpmDependencyExtensionCustomizer> (0x000000070c4b33d8) thrown at [./src/hotspot/share/classfile/systemDictionary.cpp, line 231]
Event: 5.652 Thread 0x0000027552595800 Exception <a 'java/lang/ClassNotFoundException'{0x000000070c303290}: org/jetbrains/kotlin/gradle/targets/js/npm/DefaultPeerNpmDependencyExtensionBeanInfo> (0x000000070c303290) thrown at [./src/hotspot/share/classfile/systemDictionary.cpp, line 231]
Event: 5.652 Thread 0x0000027552595800 Exception <a 'java/lang/ClassNotFoundException'{0x000000070c316430}: org/jetbrains/kotlin/gradle/targets/js/npm/DefaultPeerNpmDependencyExtensionCustomizer> (0x000000070c316430) thrown at [./src/hotspot/share/classfile/systemDictionary.cpp, line 231]
Event: 5.655 Thread 0x0000027552595800 Exception <a 'java/lang/ClassNotFoundException'{0x000000070c36d1c8}: org/jetbrains/kotlin/gradle/targets/js/npm/DefaultPeerNpmDependencyExtension$delegate$1BeanInfo> (0x000000070c36d1c8) thrown at [./src/hotspot/share/classfile/systemDictionary.cpp, line 231]
Event: 5.655 Thread 0x0000027552595800 Exception <a 'java/lang/ClassNotFoundException'{0x000000070c381808}: org/jetbrains/kotlin/gradle/targets/js/npm/DefaultPeerNpmDependencyExtension$delegate$1Customizer> (0x000000070c381808) thrown at [./src/hotspot/share/classfile/systemDictionary.cpp, line 231]
Event: 6.116 Thread 0x0000027552595800 Exception <a 'java/lang/NoSuchMethodError'{0x0000000711ff5c50}: 'long java.lang.invoke.DirectMethodHandle$Holder.invokeVirtual(java.lang.Object, java.lang.Object)'> (0x0000000711ff5c50) thrown at [./src/hotspot/share/interpreter/linkResolver.cpp, line 773]
Event: 6.119 Thread 0x0000027552c22000 Exception <a 'java/lang/NoSuchMethodError'{0x00000007133886f8}: <clinit>> (0x00000007133886f8) thrown at [./src/hotspot/share/prims/jni.cpp, line 1365]
Event: 6.121 Thread 0x0000027552c22000 Exception <a 'java/lang/NoSuchMethodError'{0x0000000711e91df0}: <clinit>> (0x0000000711e91df0) thrown at [./src/hotspot/share/prims/jni.cpp, line 1365]
Event: 6.121 Thread 0x0000027552c22000 Exception <a 'java/lang/NoSuchMethodError'{0x0000000711e92f00}: <clinit>> (0x0000000711e92f00) thrown at [./src/hotspot/share/prims/jni.cpp, line 1365]
Event: 6.121 Thread 0x0000027552c22000 Exception <a 'java/lang/NoSuchMethodError'{0x0000000711e94208}: <clinit>> (0x0000000711e94208) thrown at [./src/hotspot/share/prims/jni.cpp, line 1365]
Event: 6.121 Thread 0x0000027552c22000 Exception <a 'java/lang/NoSuchMethodError'{0x0000000711e95468}: <clinit>> (0x0000000711e95468) thrown at [./src/hotspot/share/prims/jni.cpp, line 1365]
Event: 6.122 Thread 0x0000027552c22000 Exception <a 'java/lang/NoSuchMethodError'{0x0000000711e9f010}: <clinit>> (0x0000000711e9f010) thrown at [./src/hotspot/share/prims/jni.cpp, line 1365]
Event: 6.122 Thread 0x0000027552c22000 Exception <a 'java/lang/NoSuchMethodError'{0x0000000711d01650}: <clinit>> (0x0000000711d01650) thrown at [./src/hotspot/share/prims/jni.cpp, line 1365]
Event: 6.124 Thread 0x0000027552c22000 Exception <a 'java/lang/NoSuchMethodError'{0x0000000711d15278}: <clinit>> (0x0000000711d15278) thrown at [./src/hotspot/share/prims/jni.cpp, line 1365]

Events (20 events):
Event: 6.133 loading class org/jetbrains/kotlin/utils/ReportLevel$Companion done
Event: 6.134 loading class org/jetbrains/kotlin/utils/JavaTypeEnhancementState$description$2
Event: 6.134 loading class org/jetbrains/kotlin/utils/JavaTypeEnhancementState$description$2 done
Event: 6.134 loading class org/jetbrains/kotlin/config/JvmAnalysisFlags$Delegates$JvmDefaultModeDisabledByDefault
Event: 6.134 loading class org/jetbrains/kotlin/config/JvmAnalysisFlags$Delegates$JvmDefaultModeDisabledByDefault done
Event: 6.134 loading class org/jetbrains/kotlin/config/JvmDefaultMode
Event: 6.134 loading class org/jetbrains/kotlin/config/JvmDefaultMode done
Event: 6.134 loading class org/jetbrains/kotlin/config/JvmDefaultMode$Companion
Event: 6.134 loading class org/jetbrains/kotlin/config/JvmDefaultMode$Companion done
Event: 6.135 loading class org/jetbrains/kotlin/config/LanguageFeature
Event: 6.135 loading class org/jetbrains/kotlin/config/LanguageFeature done
Event: 6.136 loading class org/jetbrains/kotlin/config/LanguageFeature$State
Event: 6.136 loading class org/jetbrains/kotlin/config/LanguageFeature$State done
Event: 6.137 loading class org/jetbrains/kotlin/config/LanguageFeature$Kind
Event: 6.137 loading class org/jetbrains/kotlin/config/LanguageFeature$Kind done
Event: 6.138 loading class org/jetbrains/kotlin/config/LanguageFeature$Companion
Event: 6.138 loading class org/jetbrains/kotlin/config/LanguageFeature$Companion done
Event: 6.139 loading class org/jetbrains/kotlin/cli/jvm/compiler/KotlinCoreEnvironment
Event: 6.139 loading class org/jetbrains/kotlin/cli/jvm/compiler/KotlinCoreEnvironment done
Event: 6.140 Executing VM operation: CollectForMetadataAllocation


Dynamic libraries:
0x00007ff6806e0000 - 0x00007ff6806ea000 	C:\Users\milen\AppData\Local\JetBrains\Toolbox\apps\AndroidStudio\ch-0\212.5712.43.2112.8512546\jre\bin\java.exe
0x00007ffe96eb0000 - 0x00007ffe970a5000 	C:\Windows\SYSTEM32\ntdll.dll
0x00007ffe96260000 - 0x00007ffe9631d000 	C:\Windows\System32\KERNEL32.DLL
0x00007ffe94a90000 - 0x00007ffe94d5d000 	C:\Windows\System32\KERNELBASE.dll
0x00007ffe947b0000 - 0x00007ffe948b0000 	C:\Windows\System32\ucrtbase.dll
0x00007ffe76250000 - 0x00007ffe76269000 	C:\Users\milen\AppData\Local\JetBrains\Toolbox\apps\AndroidStudio\ch-0\212.5712.43.2112.8512546\jre\bin\jli.dll
0x00007ffe4ec00000 - 0x00007ffe4ec17000 	C:\Users\milen\AppData\Local\JetBrains\Toolbox\apps\AndroidStudio\ch-0\212.5712.43.2112.8512546\jre\bin\VCRUNTIME140.dll
0x00007ffe96ba0000 - 0x00007ffe96d40000 	C:\Windows\System32\USER32.dll
0x00007ffe94d60000 - 0x00007ffe94d82000 	C:\Windows\System32\win32u.dll
0x00007ffe76470000 - 0x00007ffe7670a000 	C:\Windows\WinSxS\amd64_microsoft.windows.common-controls_6595b64144ccf1df_6.0.19041.1110_none_60b5254171f9507e\COMCTL32.dll
0x00007ffe95770000 - 0x00007ffe9579a000 	C:\Windows\System32\GDI32.dll
0x00007ffe95220000 - 0x00007ffe952be000 	C:\Windows\System32\msvcrt.dll
0x00007ffe948e0000 - 0x00007ffe949eb000 	C:\Windows\System32\gdi32full.dll
0x00007ffe949f0000 - 0x00007ffe94a8d000 	C:\Windows\System32\msvcp_win.dll
0x00007ffe95660000 - 0x00007ffe95690000 	C:\Windows\System32\IMM32.DLL
0x00007ffe49dc0000 - 0x00007ffe49e5d000 	C:\Users\milen\AppData\Local\JetBrains\Toolbox\apps\AndroidStudio\ch-0\212.5712.43.2112.8512546\jre\bin\msvcp140.dll
0x00007ffe4dec0000 - 0x00007ffe4e9a5000 	C:\Users\milen\AppData\Local\JetBrains\Toolbox\apps\AndroidStudio\ch-0\212.5712.43.2112.8512546\jre\bin\server\jvm.dll
0x00007ffe96d60000 - 0x00007ffe96e0e000 	C:\Windows\System32\ADVAPI32.dll
0x00007ffe96320000 - 0x00007ffe963bc000 	C:\Windows\System32\sechost.dll
0x00007ffe950f0000 - 0x00007ffe95215000 	C:\Windows\System32\RPCRT4.dll
0x00007ffe96d40000 - 0x00007ffe96d48000 	C:\Windows\System32\PSAPI.DLL
0x00007ffe744d0000 - 0x00007ffe744f7000 	C:\Windows\SYSTEM32\WINMM.dll
0x00007ffe8de60000 - 0x00007ffe8de6a000 	C:\Windows\SYSTEM32\VERSION.dll
0x00007ffe528f0000 - 0x00007ffe528f9000 	C:\Windows\SYSTEM32\WSOCK32.dll
0x00007ffe955f0000 - 0x00007ffe9565b000 	C:\Windows\System32\WS2_32.dll
0x00007ffe92390000 - 0x00007ffe923a2000 	C:\Windows\SYSTEM32\kernel.appcore.dll
0x00007ffe4ccc0000 - 0x00007ffe4ccd1000 	C:\Users\milen\AppData\Local\JetBrains\Toolbox\apps\AndroidStudio\ch-0\212.5712.43.2112.8512546\jre\bin\verify.dll
0x00007ffe7ce30000 - 0x00007ffe7d014000 	C:\Windows\SYSTEM32\DBGHELP.DLL
0x00007ffe7ce00000 - 0x00007ffe7ce2c000 	C:\Windows\SYSTEM32\dbgcore.DLL
0x00007ffe94720000 - 0x00007ffe947a2000 	C:\Windows\System32\bcryptPrimitives.dll
0x00007ffe4b280000 - 0x00007ffe4b2a9000 	C:\Users\milen\AppData\Local\JetBrains\Toolbox\apps\AndroidStudio\ch-0\212.5712.43.2112.8512546\jre\bin\java.dll
0x00007ffe4aff0000 - 0x00007ffe4affb000 	C:\Users\milen\AppData\Local\JetBrains\Toolbox\apps\AndroidStudio\ch-0\212.5712.43.2112.8512546\jre\bin\jimage.dll
0x00007ffe65320000 - 0x00007ffe65338000 	C:\Users\milen\AppData\Local\JetBrains\Toolbox\apps\AndroidStudio\ch-0\212.5712.43.2112.8512546\jre\bin\zip.dll
0x00007ffe96450000 - 0x00007ffe96b94000 	C:\Windows\System32\SHELL32.dll
0x00007ffe926c0000 - 0x00007ffe92e54000 	C:\Windows\SYSTEM32\windows.storage.dll
0x00007ffe95f00000 - 0x00007ffe96254000 	C:\Windows\System32\combase.dll
0x00007ffe94020000 - 0x00007ffe9404c000 	C:\Windows\SYSTEM32\Wldp.dll
0x00007ffe954e0000 - 0x00007ffe9558d000 	C:\Windows\System32\SHCORE.dll
0x00007ffe96e10000 - 0x00007ffe96e65000 	C:\Windows\System32\shlwapi.dll
0x00007ffe94500000 - 0x00007ffe9451f000 	C:\Windows\SYSTEM32\profapi.dll
0x00007ffe52900000 - 0x00007ffe5291a000 	C:\Users\milen\AppData\Local\JetBrains\Toolbox\apps\AndroidStudio\ch-0\212.5712.43.2112.8512546\jre\bin\net.dll
0x00007ffe840c0000 - 0x00007ffe841ca000 	C:\Windows\SYSTEM32\WINHTTP.dll
0x00007ffe93d80000 - 0x00007ffe93dea000 	C:\Windows\system32\mswsock.dll
0x00007ffe4ad60000 - 0x00007ffe4ad74000 	C:\Users\milen\AppData\Local\JetBrains\Toolbox\apps\AndroidStudio\ch-0\212.5712.43.2112.8512546\jre\bin\nio.dll
0x00007ffe78d00000 - 0x00007ffe78d27000 	C:\Users\milen\.gradle\native\8bec1ad78214c89d9ad589b4d07fe93259594b29d510b10fafb7a158f7737e5d\windows-amd64\native-platform.dll
0x00007ffe78bc0000 - 0x00007ffe78cfd000 	C:\Users\milen\.gradle\native\53dbd7edfb1c66fb8903c78663c9afc45aea4f116125fa6feffd364cf09443e8\windows-amd64\native-platform-file-events.dll
0x00007ffe52870000 - 0x00007ffe5287a000 	C:\Users\milen\AppData\Local\JetBrains\Toolbox\apps\AndroidStudio\ch-0\212.5712.43.2112.8512546\jre\bin\management.dll
0x00007ffe4a970000 - 0x00007ffe4a97d000 	C:\Users\milen\AppData\Local\JetBrains\Toolbox\apps\AndroidStudio\ch-0\212.5712.43.2112.8512546\jre\bin\management_ext.dll
0x00007ffe93f70000 - 0x00007ffe93f88000 	C:\Windows\SYSTEM32\CRYPTSP.dll
0x00007ffe93690000 - 0x00007ffe936c4000 	C:\Windows\system32\rsaenh.dll
0x00007ffe948b0000 - 0x00007ffe948d7000 	C:\Windows\System32\bcrypt.dll
0x00007ffe94480000 - 0x00007ffe944ae000 	C:\Windows\SYSTEM32\USERENV.dll
0x00007ffe93f90000 - 0x00007ffe93f9c000 	C:\Windows\SYSTEM32\CRYPTBASE.dll
0x00007ffe93a20000 - 0x00007ffe93a5b000 	C:\Windows\SYSTEM32\IPHLPAPI.DLL
0x00007ffe96d50000 - 0x00007ffe96d58000 	C:\Windows\System32\NSI.dll
0x00007ffe8a830000 - 0x00007ffe8a847000 	C:\Windows\SYSTEM32\dhcpcsvc6.DLL
0x00007ffe8a870000 - 0x00007ffe8a88d000 	C:\Windows\SYSTEM32\dhcpcsvc.DLL
0x00007ffe93a70000 - 0x00007ffe93b3b000 	C:\Windows\SYSTEM32\DNSAPI.dll

dbghelp: loaded successfully - version: 4.0.5 - missing functions: none
symbol engine: initialized successfully - sym options: 0x614 - pdb path: .;C:\Users\milen\AppData\Local\JetBrains\Toolbox\apps\AndroidStudio\ch-0\212.5712.43.2112.8512546\jre\bin;C:\Windows\SYSTEM32;C:\Windows\WinSxS\amd64_microsoft.windows.common-controls_6595b64144ccf1df_6.0.19041.1110_none_60b5254171f9507e;C:\Users\milen\AppData\Local\JetBrains\Toolbox\apps\AndroidStudio\ch-0\212.5712.43.2112.8512546\jre\bin\server;C:\Users\milen\.gradle\native\8bec1ad78214c89d9ad589b4d07fe93259594b29d510b10fafb7a158f7737e5d\windows-amd64;C:\Users\milen\.gradle\native\53dbd7edfb1c66fb8903c78663c9afc45aea4f116125fa6feffd364cf09443e8\windows-amd64

VM Arguments:
jvm_args: --add-opens=java.base/java.util=ALL-UNNAMED --add-opens=java.base/java.lang=ALL-UNNAMED --add-opens=java.base/java.lang.invoke=ALL-UNNAMED --add-opens=java.base/java.util=ALL-UNNAMED --add-opens=java.prefs/java.util.prefs=ALL-UNNAMED --add-opens=java.prefs/java.util.prefs=ALL-UNNAMED --add-opens=java.base/java.nio.charset=ALL-UNNAMED --add-opens=java.base/java.net=ALL-UNNAMED --add-opens=java.base/java.util.concurrent.atomic=ALL-UNNAMED -Xmx4g -Dfile.encoding=windows-1251 -Duser.country=RU -Duser.language=ru -Duser.variant 
java_command: org.gradle.launcher.daemon.bootstrap.GradleDaemon 7.0.2
java_class_path (initial): C:\Users\milen\.gradle\wrapper\dists\gradle-7.0.2-bin\857tjihv64xamwrf0h14cai3r\gradle-7.0.2\lib\gradle-launcher-7.0.2.jar
Launcher Type: SUN_STANDARD

[Global flags]
     intx CICompilerCount                          = 4                                         {product} {ergonomic}
     uint ConcGCThreads                            = 2                                         {product} {ergonomic}
     uint G1ConcRefinementThreads                  = 8                                         {product} {ergonomic}
   size_t G1HeapRegionSize                         = 1048576                                   {product} {ergonomic}
    uintx GCDrainStackTargetSize                   = 64                                        {product} {ergonomic}
   size_t InitialHeapSize                          = 268435456                                 {product} {ergonomic}
   size_t MarkStackSize                            = 4194304                                   {product} {ergonomic}
   size_t MaxHeapSize                              = 4294967296                                {product} {command line}
   size_t MaxNewSize                               = 2576351232                                {product} {ergonomic}
   size_t MinHeapDeltaBytes                        = 1048576                                   {product} {ergonomic}
    uintx NonNMethodCodeHeapSize                   = 5836300                                {pd product} {ergonomic}
    uintx NonProfiledCodeHeapSize                  = 122910970                              {pd product} {ergonomic}
    uintx ProfiledCodeHeapSize                     = 122910970                              {pd product} {ergonomic}
    uintx ReservedCodeCacheSize                    = 251658240                              {pd product} {ergonomic}
     bool SegmentedCodeCache                       = true                                      {product} {ergonomic}
     bool UseCompressedClassPointers               = true                                 {lp64_product} {ergonomic}
     bool UseCompressedOops                        = true                                 {lp64_product} {ergonomic}
     bool UseG1GC                                  = true                                      {product} {ergonomic}
     bool UseLargePagesIndividualAllocation        = false                                  {pd product} {ergonomic}

Logging:
Log output configuration:
 #0: stdout all=warning uptime,level,tags
 #1: stderr all=off uptime,level,tags

Environment Variables:
PATH=C:\Windows\system32;C:\Windows;C:\Windows\System32\Wbem;C:\Windows\System32\WindowsPowerShell\v1.0\;C:\Windows\System32\OpenSSH\;C:\Program Files\Git\cmd;C:\Users\milen\AppData\Local\Microsoft\WindowsApps;
USERNAME=milen
OS=Windows_NT
PROCESSOR_IDENTIFIER=Intel64 Family 6 Model 158 Stepping 9, GenuineIntel



---------------  S Y S T E M  ---------------

OS: Windows 10 , 64 bit Build 19041 (10.0.19041.1706)
OS uptime: 0 days 1:03 hours

CPU:total 8 (initial active 8) (4 cores per cpu, 2 threads per core) family 6 model 158 stepping 9 microcode 0xb4, cmov, cx8, fxsr, mmx, sse, sse2, sse3, ssse3, sse4.1, sse4.2, popcnt, avx, avx2, aes, clmul, erms, 3dnowpref, lzcnt, ht, tsc, tscinvbit, bmi1, bmi2, adx, fma

Memory: 4k page, system-wide physical 16268M (6618M free)
TotalPageFile size 19212M (AvailPageFile size 7530M)
current process WorkingSet (physical memory assigned to process): 419M, peak: 419M
current process commit charge ("private bytes"): 548M, peak: 558M

vm_info: OpenJDK 64-Bit Server VM (11.0.12+7-b1504.28-7817840) for windows-amd64 JRE (11.0.12+7-b1504.28-7817840), built on Oct 13 2021 22:12:33 by "builder" with MS VC++ 14.0 (VS2015)

END.
